[0.929s] DEBUG:colcon:Command line arguments: ['/usr/bin/colcon', 'build']
[0.930s] DEBUG:colcon:Parsed command line arguments: Namespace(log_base=None, log_level=None, verb_name='build', build_base='build', install_base='install', merge_install=False, symlink_install=False, test_result_base=None, continue_on_error=False, executor='parallel', parallel_workers=4, event_handlers=None, ignore_user_meta=False, metas=['./colcon.meta'], base_paths=['.'], packages_ignore=None, packages_ignore_regex=None, paths=None, packages_up_to=None, packages_up_to_regex=None, packages_above=None, packages_above_and_dependencies=None, packages_above_depth=None, packages_select_by_dep=None, packages_skip_by_dep=None, packages_skip_up_to=None, packages_select_build_failed=False, packages_skip_build_finished=False, packages_select_test_failures=False, packages_skip_test_passed=False, packages_select=None, packages_skip=None, packages_select_regex=None, packages_skip_regex=None, packages_start=None, packages_end=None, allow_overriding=[], cmake_args=None, cmake_target=None, cmake_target_skip_unavailable=False, cmake_clean_cache=False, cmake_clean_first=False, cmake_force_configure=False, ament_cmake_args=None, catkin_cmake_args=None, catkin_skip_building_tests=False, verb_parser=<colcon_defaults.argument_parser.defaults.DefaultArgumentsDecorator object at 0x7faae26a46a0>, verb_extension=<colcon_core.verb.build.BuildVerb object at 0x7faae2f04fd0>, main=<bound method BuildVerb.main of <colcon_core.verb.build.BuildVerb object at 0x7faae2f04fd0>>)
[1.027s] Level 1:colcon.colcon_core.package_discovery:discover_packages(colcon_meta) check parameters
[1.028s] Level 1:colcon.colcon_core.package_discovery:discover_packages(recursive) check parameters
[1.028s] Level 1:colcon.colcon_core.package_discovery:discover_packages(ignore) check parameters
[1.028s] Level 1:colcon.colcon_core.package_discovery:discover_packages(path) check parameters
[1.029s] Level 1:colcon.colcon_core.package_discovery:discover_packages(colcon_meta) discover
[1.029s] Level 1:colcon.colcon_core.package_discovery:discover_packages(recursive) discover
[1.029s] INFO:colcon.colcon_core.package_discovery:Crawling recursively for packages in '/home/syauqibilfaqih/penship_ws'
[1.029s] Level 1:colcon.colcon_core.package_identification:_identify(.) by extensions ['ignore', 'ignore_ament_install']
[1.030s] Level 1:colcon.colcon_core.package_identification:_identify(.) by extension 'ignore'
[1.031s] Level 1:colcon.colcon_core.package_identification:_identify(.) by extension 'ignore_ament_install'
[1.031s] Level 1:colcon.colcon_core.package_identification:_identify(.) by extensions ['colcon_pkg']
[1.032s] Level 1:colcon.colcon_core.package_identification:_identify(.) by extension 'colcon_pkg'
[1.032s] Level 1:colcon.colcon_core.package_identification:_identify(.) by extensions ['colcon_meta']
[1.032s] Level 1:colcon.colcon_core.package_identification:_identify(.) by extension 'colcon_meta'
[1.032s] Level 1:colcon.colcon_core.package_identification:_identify(.) by extensions ['ros']
[1.032s] Level 1:colcon.colcon_core.package_identification:_identify(.) by extension 'ros'
[1.057s] Level 1:colcon.colcon_core.package_identification:_identify(.) by extensions ['cmake', 'python']
[1.057s] Level 1:colcon.colcon_core.package_identification:_identify(.) by extension 'cmake'
[1.058s] Level 1:colcon.colcon_core.package_identification:_identify(.) by extension 'python'
[1.058s] Level 1:colcon.colcon_core.package_identification:_identify(.) by extensions ['python_setup_py']
[1.059s] Level 1:colcon.colcon_core.package_identification:_identify(.) by extension 'python_setup_py'
[1.059s] Level 1:colcon.colcon_core.package_identification:_identify(build) by extensions ['ignore', 'ignore_ament_install']
[1.060s] Level 1:colcon.colcon_core.package_identification:_identify(build) by extension 'ignore'
[1.060s] Level 1:colcon.colcon_core.package_identification:_identify(build) ignored
[1.061s] Level 1:colcon.colcon_core.package_identification:_identify(install) by extensions ['ignore', 'ignore_ament_install']
[1.061s] Level 1:colcon.colcon_core.package_identification:_identify(install) by extension 'ignore'
[1.061s] Level 1:colcon.colcon_core.package_identification:_identify(install) ignored
[1.061s] Level 1:colcon.colcon_core.package_identification:_identify(log) by extensions ['ignore', 'ignore_ament_install']
[1.062s] Level 1:colcon.colcon_core.package_identification:_identify(log) by extension 'ignore'
[1.062s] Level 1:colcon.colcon_core.package_identification:_identify(log) ignored
[1.062s] Level 1:colcon.colcon_core.package_identification:_identify(src) by extensions ['ignore', 'ignore_ament_install']
[1.062s] Level 1:colcon.colcon_core.package_identification:_identify(src) by extension 'ignore'
[1.063s] Level 1:colcon.colcon_core.package_identification:_identify(src) by extension 'ignore_ament_install'
[1.064s] Level 1:colcon.colcon_core.package_identification:_identify(src) by extensions ['colcon_pkg']
[1.065s] Level 1:colcon.colcon_core.package_identification:_identify(src) by extension 'colcon_pkg'
[1.065s] Level 1:colcon.colcon_core.package_identification:_identify(src) by extensions ['colcon_meta']
[1.065s] Level 1:colcon.colcon_core.package_identification:_identify(src) by extension 'colcon_meta'
[1.065s] Level 1:colcon.colcon_core.package_identification:_identify(src) by extensions ['ros']
[1.066s] Level 1:colcon.colcon_core.package_identification:_identify(src) by extension 'ros'
[1.067s] Level 1:colcon.colcon_core.package_identification:_identify(src) by extensions ['cmake', 'python']
[1.068s] Level 1:colcon.colcon_core.package_identification:_identify(src) by extension 'cmake'
[1.068s] Level 1:colcon.colcon_core.package_identification:_identify(src) by extension 'python'
[1.068s] Level 1:colcon.colcon_core.package_identification:_identify(src) by extensions ['python_setup_py']
[1.068s] Level 1:colcon.colcon_core.package_identification:_identify(src) by extension 'python_setup_py'
[1.069s] Level 1:colcon.colcon_core.package_identification:_identify(src/penship_vrx) by extensions ['ignore', 'ignore_ament_install']
[1.069s] Level 1:colcon.colcon_core.package_identification:_identify(src/penship_vrx) by extension 'ignore'
[1.069s] Level 1:colcon.colcon_core.package_identification:_identify(src/penship_vrx) by extension 'ignore_ament_install'
[1.070s] Level 1:colcon.colcon_core.package_identification:_identify(src/penship_vrx) by extensions ['colcon_pkg']
[1.070s] Level 1:colcon.colcon_core.package_identification:_identify(src/penship_vrx) by extension 'colcon_pkg'
[1.070s] Level 1:colcon.colcon_core.package_identification:_identify(src/penship_vrx) by extensions ['colcon_meta']
[1.070s] Level 1:colcon.colcon_core.package_identification:_identify(src/penship_vrx) by extension 'colcon_meta'
[1.071s] Level 1:colcon.colcon_core.package_identification:_identify(src/penship_vrx) by extensions ['ros']
[1.071s] Level 1:colcon.colcon_core.package_identification:_identify(src/penship_vrx) by extension 'ros'
[1.076s] DEBUG:colcon.colcon_core.package_identification:Package 'src/penship_vrx' with type 'ros.ament_python' and name 'penship_vrx'
[1.076s] Level 1:colcon.colcon_core.package_discovery:discover_packages(recursive) using defaults
[1.076s] Level 1:colcon.colcon_core.package_discovery:discover_packages(ignore) discover
[1.076s] Level 1:colcon.colcon_core.package_discovery:discover_packages(ignore) using defaults
[1.077s] Level 1:colcon.colcon_core.package_discovery:discover_packages(path) discover
[1.077s] Level 1:colcon.colcon_core.package_discovery:discover_packages(path) using defaults
[1.155s] Level 1:colcon.colcon_core.package_discovery:discover_packages(prefix_path) check parameters
[1.156s] Level 1:colcon.colcon_core.package_discovery:discover_packages(prefix_path) discover
[1.168s] DEBUG:colcon.colcon_installed_package_information.package_discovery:Found 1 installed packages in /home/syauqibilfaqih/penship_ws/install
[1.171s] DEBUG:colcon.colcon_installed_package_information.package_discovery:Found 288 installed packages in /opt/ros/humble
[1.174s] Level 1:colcon.colcon_core.package_discovery:discover_packages(prefix_path) using defaults
[1.416s] Level 5:colcon.colcon_core.verb:set package 'penship_vrx' build argument 'cmake_args' from command line to 'None'
[1.416s] Level 5:colcon.colcon_core.verb:set package 'penship_vrx' build argument 'cmake_target' from command line to 'None'
[1.416s] Level 5:colcon.colcon_core.verb:set package 'penship_vrx' build argument 'cmake_target_skip_unavailable' from command line to 'False'
[1.416s] Level 5:colcon.colcon_core.verb:set package 'penship_vrx' build argument 'cmake_clean_cache' from command line to 'False'
[1.416s] Level 5:colcon.colcon_core.verb:set package 'penship_vrx' build argument 'cmake_clean_first' from command line to 'False'
[1.417s] Level 5:colcon.colcon_core.verb:set package 'penship_vrx' build argument 'cmake_force_configure' from command line to 'False'
[1.417s] Level 5:colcon.colcon_core.verb:set package 'penship_vrx' build argument 'ament_cmake_args' from command line to 'None'
[1.417s] Level 5:colcon.colcon_core.verb:set package 'penship_vrx' build argument 'catkin_cmake_args' from command line to 'None'
[1.417s] Level 5:colcon.colcon_core.verb:set package 'penship_vrx' build argument 'catkin_skip_building_tests' from command line to 'False'
[1.417s] DEBUG:colcon.colcon_core.verb:Building package 'penship_vrx' with the following arguments: {'ament_cmake_args': None, 'build_base': '/home/syauqibilfaqih/penship_ws/build/penship_vrx', 'catkin_cmake_args': None, 'catkin_skip_building_tests': False, 'cmake_args': None, 'cmake_clean_cache': False, 'cmake_clean_first': False, 'cmake_force_configure': False, 'cmake_target': None, 'cmake_target_skip_unavailable': False, 'install_base': '/home/syauqibilfaqih/penship_ws/install/penship_vrx', 'merge_install': False, 'path': '/home/syauqibilfaqih/penship_ws/src/penship_vrx', 'symlink_install': False, 'test_result_base': None}
[1.418s] INFO:colcon.colcon_core.executor:Executing jobs using 'parallel' executor
[1.423s] DEBUG:colcon.colcon_parallel_executor.executor.parallel:run_until_complete
[1.424s] INFO:colcon.colcon_ros.task.ament_python.build:Building ROS package in '/home/syauqibilfaqih/penship_ws/src/penship_vrx' with build type 'ament_python'
[1.424s] Level 1:colcon.colcon_core.shell:create_environment_hook('penship_vrx', 'ament_prefix_path')
[1.470s] INFO:colcon.colcon_core.plugin_system:Skipping extension 'colcon_core.shell.bat': Not used on non-Windows systems
[1.471s] INFO:colcon.colcon_core.shell:Creating environment hook '/home/syauqibilfaqih/penship_ws/install/penship_vrx/share/penship_vrx/hook/ament_prefix_path.ps1'
[1.475s] INFO:colcon.colcon_core.shell:Creating environment descriptor '/home/syauqibilfaqih/penship_ws/install/penship_vrx/share/penship_vrx/hook/ament_prefix_path.dsv'
[1.477s] INFO:colcon.colcon_core.shell:Creating environment hook '/home/syauqibilfaqih/penship_ws/install/penship_vrx/share/penship_vrx/hook/ament_prefix_path.sh'
[1.493s] INFO:colcon.colcon_core.shell:Skip shell extension 'powershell' for command environment: Not usable outside of PowerShell
[1.493s] DEBUG:colcon.colcon_core.shell:Skip shell extension 'dsv' for command environment
[2.215s] INFO:colcon.colcon_core.task.python.build:Building Python package in '/home/syauqibilfaqih/penship_ws/src/penship_vrx'
[2.218s] INFO:colcon.colcon_core.shell:Skip shell extension 'powershell' for command environment: Not usable outside of PowerShell
[2.218s] DEBUG:colcon.colcon_core.shell:Skip shell extension 'dsv' for command environment
[3.127s] DEBUG:colcon.colcon_core.event_handler.log_command:Invoking command in '/home/syauqibilfaqih/penship_ws/src/penship_vrx': PYTHONPATH=/home/syauqibilfaqih/penship_ws/build/penship_vrx/prefix_override:/home/syauqibilfaqih/penship_ws/install/penship_vrx/lib/python3.10/site-packages:${PYTHONPATH} /usr/bin/python3 setup.py egg_info --egg-base ../../build/penship_vrx build --build-base /home/syauqibilfaqih/penship_ws/build/penship_vrx/build install --record /home/syauqibilfaqih/penship_ws/build/penship_vrx/install.log --single-version-externally-managed
[4.011s] DEBUG:colcon.colcon_core.event_handler.log_command:Invoked command in '/home/syauqibilfaqih/penship_ws/src/penship_vrx' returned '0': PYTHONPATH=/home/syauqibilfaqih/penship_ws/build/penship_vrx/prefix_override:/home/syauqibilfaqih/penship_ws/install/penship_vrx/lib/python3.10/site-packages:${PYTHONPATH} /usr/bin/python3 setup.py egg_info --egg-base ../../build/penship_vrx build --build-base /home/syauqibilfaqih/penship_ws/build/penship_vrx/build install --record /home/syauqibilfaqih/penship_ws/build/penship_vrx/install.log --single-version-externally-managed
[4.041s] Level 1:colcon.colcon_core.environment:checking '/home/syauqibilfaqih/penship_ws/install/penship_vrx' for CMake module files
[4.049s] Level 1:colcon.colcon_core.environment:checking '/home/syauqibilfaqih/penship_ws/install/penship_vrx' for CMake config files
[4.059s] Level 1:colcon.colcon_core.environment:checking '/home/syauqibilfaqih/penship_ws/install/penship_vrx/lib'
[4.061s] Level 1:colcon.colcon_core.environment:checking '/home/syauqibilfaqih/penship_ws/install/penship_vrx/bin'
[4.073s] Level 1:colcon.colcon_core.environment:checking '/home/syauqibilfaqih/penship_ws/install/penship_vrx/lib/pkgconfig/penship_vrx.pc'
[4.074s] Level 1:colcon.colcon_core.environment:checking '/home/syauqibilfaqih/penship_ws/install/penship_vrx/lib/python3.10/site-packages'
[4.075s] Level 1:colcon.colcon_core.shell:create_environment_hook('penship_vrx', 'pythonpath')
[4.094s] INFO:colcon.colcon_core.shell:Creating environment hook '/home/syauqibilfaqih/penship_ws/install/penship_vrx/share/penship_vrx/hook/pythonpath.ps1'
[4.095s] INFO:colcon.colcon_core.shell:Creating environment descriptor '/home/syauqibilfaqih/penship_ws/install/penship_vrx/share/penship_vrx/hook/pythonpath.dsv'
[4.096s] INFO:colcon.colcon_core.shell:Creating environment hook '/home/syauqibilfaqih/penship_ws/install/penship_vrx/share/penship_vrx/hook/pythonpath.sh'
[4.098s] Level 1:colcon.colcon_core.environment:checking '/home/syauqibilfaqih/penship_ws/install/penship_vrx/bin'
[4.098s] Level 1:colcon.colcon_core.environment:create_environment_scripts_only(penship_vrx)
[4.102s] INFO:colcon.colcon_core.shell:Creating package script '/home/syauqibilfaqih/penship_ws/install/penship_vrx/share/penship_vrx/package.ps1'
[4.110s] INFO:colcon.colcon_core.shell:Creating package descriptor '/home/syauqibilfaqih/penship_ws/install/penship_vrx/share/penship_vrx/package.dsv'
[4.111s] INFO:colcon.colcon_core.shell:Creating package script '/home/syauqibilfaqih/penship_ws/install/penship_vrx/share/penship_vrx/package.sh'
[4.113s] INFO:colcon.colcon_core.shell:Creating package script '/home/syauqibilfaqih/penship_ws/install/penship_vrx/share/penship_vrx/package.bash'
[4.116s] INFO:colcon.colcon_core.shell:Creating package script '/home/syauqibilfaqih/penship_ws/install/penship_vrx/share/penship_vrx/package.zsh'
[4.118s] Level 1:colcon.colcon_core.environment:create_file_with_runtime_dependencies(/home/syauqibilfaqih/penship_ws/install/penship_vrx/share/colcon-core/packages/penship_vrx)
[4.120s] DEBUG:colcon.colcon_parallel_executor.executor.parallel:closing loop
[4.121s] DEBUG:colcon.colcon_parallel_executor.executor.parallel:loop closed
[4.121s] DEBUG:colcon.colcon_parallel_executor.executor.parallel:run_until_complete finished with '0'
[4.121s] DEBUG:colcon.colcon_core.event_reactor:joining thread
[4.161s] INFO:colcon.colcon_core.plugin_system:Skipping extension 'colcon_notification.desktop_notification.terminal_notifier': Not used on non-Darwin systems
[4.161s] INFO:colcon.colcon_core.plugin_system:Skipping extension 'colcon_notification.desktop_notification.win32': Not used on non-Windows systems
[4.161s] INFO:colcon.colcon_notification.desktop_notification:Sending desktop notification using 'notify2'
[4.194s] DEBUG:colcon.colcon_core.event_reactor:joined thread
[4.198s] INFO:colcon.colcon_core.shell:Creating prefix script '/home/syauqibilfaqih/penship_ws/install/local_setup.ps1'
[4.201s] INFO:colcon.colcon_core.shell:Creating prefix util module '/home/syauqibilfaqih/penship_ws/install/_local_setup_util_ps1.py'
[4.208s] INFO:colcon.colcon_core.shell:Creating prefix chain script '/home/syauqibilfaqih/penship_ws/install/setup.ps1'
[4.217s] INFO:colcon.colcon_core.shell:Creating prefix script '/home/syauqibilfaqih/penship_ws/install/local_setup.sh'
[4.221s] INFO:colcon.colcon_core.shell:Creating prefix util module '/home/syauqibilfaqih/penship_ws/install/_local_setup_util_sh.py'
[4.222s] INFO:colcon.colcon_core.shell:Creating prefix chain script '/home/syauqibilfaqih/penship_ws/install/setup.sh'
[4.230s] INFO:colcon.colcon_core.shell:Creating prefix script '/home/syauqibilfaqih/penship_ws/install/local_setup.bash'
[4.237s] INFO:colcon.colcon_core.shell:Creating prefix chain script '/home/syauqibilfaqih/penship_ws/install/setup.bash'
[4.257s] INFO:colcon.colcon_core.shell:Creating prefix script '/home/syauqibilfaqih/penship_ws/install/local_setup.zsh'
[4.260s] INFO:colcon.colcon_core.shell:Creating prefix chain script '/home/syauqibilfaqih/penship_ws/install/setup.zsh'
