[3.881s] Invoking command in '/home/syauqibilfaqih/penship_ws/src/penship_vrx': PYTHONPATH=/home/syauqibilfaqih/penship_ws/build/penship_vrx/prefix_override:/home/syauqibilfaqih/penship_ws/install/penship_vrx/lib/python3.10/site-packages:${PYTHONPATH} /usr/bin/python3 setup.py egg_info --egg-base ../../build/penship_vrx build --build-base /home/syauqibilfaqih/penship_ws/build/penship_vrx/build install --record /home/syauqibilfaqih/penship_ws/build/penship_vrx/install.log --single-version-externally-managed
[6.480s] running egg_info
[6.483s] writing ../../build/penship_vrx/penship_vrx.egg-info/PKG-INFO
[6.489s] writing dependency_links to ../../build/penship_vrx/penship_vrx.egg-info/dependency_links.txt
[6.498s] writing entry points to ../../build/penship_vrx/penship_vrx.egg-info/entry_points.txt
[6.499s] writing requirements to ../../build/penship_vrx/penship_vrx.egg-info/requires.txt
[6.504s] writing top-level names to ../../build/penship_vrx/penship_vrx.egg-info/top_level.txt
[6.526s] reading manifest file '../../build/penship_vrx/penship_vrx.egg-info/SOURCES.txt'
[6.529s] writing manifest file '../../build/penship_vrx/penship_vrx.egg-info/SOURCES.txt'
[6.529s] running build
[6.529s] running build_py
[6.530s] copying penship_vrx/penship_teleopkey.py -> /home/syauqibilfaqih/penship_ws/build/penship_vrx/build/lib/penship_vrx
[6.531s] running install
[6.532s] /usr/lib/python3/dist-packages/setuptools/command/install.py:34: SetuptoolsDeprecationWarning: setup.py install is deprecated. Use build and pip and other standards-based tools.
[6.532s]   warnings.warn(
[6.533s] running install_lib
[6.536s] copying /home/syauqibilfaqih/penship_ws/build/penship_vrx/build/lib/penship_vrx/penship_teleopkey.py -> /home/syauqibilfaqih/penship_ws/install/penship_vrx/lib/python3.10/site-packages/penship_vrx
[6.548s] byte-compiling /home/syauqibilfaqih/penship_ws/install/penship_vrx/lib/python3.10/site-packages/penship_vrx/penship_teleopkey.py to penship_teleopkey.cpython-310.pyc
[6.555s] running install_data
[6.565s] running install_egg_info
[6.581s] removing '/home/syauqibilfaqih/penship_ws/install/penship_vrx/lib/python3.10/site-packages/penship_vrx-0.0.0-py3.10.egg-info' (and everything under it)
[6.582s] Copying ../../build/penship_vrx/penship_vrx.egg-info to /home/syauqibilfaqih/penship_ws/install/penship_vrx/lib/python3.10/site-packages/penship_vrx-0.0.0-py3.10.egg-info
[6.586s] running install_scripts
[6.724s] Installing scandockdeliver script to /home/syauqibilfaqih/penship_ws/install/penship_vrx/lib/penship_vrx
[6.728s] Installing stationkeeping script to /home/syauqibilfaqih/penship_ws/install/penship_vrx/lib/penship_vrx
[6.730s] Installing teleopkey script to /home/syauqibilfaqih/penship_ws/install/penship_vrx/lib/penship_vrx
[6.730s] writing list of installed files to '/home/syauqibilfaqih/penship_ws/build/penship_vrx/install.log'
[6.965s] Invoked command in '/home/syauqibilfaqih/penship_ws/src/penship_vrx' returned '0': PYTHONPATH=/home/syauqibilfaqih/penship_ws/build/penship_vrx/prefix_override:/home/syauqibilfaqih/penship_ws/install/penship_vrx/lib/python3.10/site-packages:${PYTHONPATH} /usr/bin/python3 setup.py egg_info --egg-base ../../build/penship_vrx build --build-base /home/syauqibilfaqih/penship_ws/build/penship_vrx/build install --record /home/syauqibilfaqih/penship_ws/build/penship_vrx/install.log --single-version-externally-managed
