[5.310s] Invoking command in '/home/syauqibilfaqih/penship_ws/src/penship_vrx': PYTHONPATH=/home/syauqibilfaqih/penship_ws/src/build/penship_vrx/prefix_override:/home/syauqibilfaqih/penship_ws/src/install/penship_vrx/lib/python3.10/site-packages:${PYTHONPATH} /usr/bin/python3 setup.py egg_info --egg-base ../build/penship_vrx build --build-base /home/syauqibilfaqih/penship_ws/src/build/penship_vrx/build install --record /home/syauqibilfaqih/penship_ws/src/build/penship_vrx/install.log --single-version-externally-managed
[7.352s] running egg_info
[7.358s] writing ../build/penship_vrx/penship_vrx.egg-info/PKG-INFO
[7.358s] writing dependency_links to ../build/penship_vrx/penship_vrx.egg-info/dependency_links.txt
[7.358s] writing entry points to ../build/penship_vrx/penship_vrx.egg-info/entry_points.txt
[7.358s] writing requirements to ../build/penship_vrx/penship_vrx.egg-info/requires.txt
[7.359s] writing top-level names to ../build/penship_vrx/penship_vrx.egg-info/top_level.txt
[7.360s] reading manifest file '../build/penship_vrx/penship_vrx.egg-info/SOURCES.txt'
[7.362s] writing manifest file '../build/penship_vrx/penship_vrx.egg-info/SOURCES.txt'
[7.362s] running build
[7.363s] running build_py
[7.363s] running install
[7.363s] /usr/lib/python3/dist-packages/setuptools/command/install.py:34: SetuptoolsDeprecationWarning: setup.py install is deprecated. Use build and pip and other standards-based tools.
[7.363s]   warnings.warn(
[7.364s] running install_lib
[7.380s] running install_data
[7.384s] running install_egg_info
[7.389s] removing '/home/syauqibilfaqih/penship_ws/src/install/penship_vrx/lib/python3.10/site-packages/penship_vrx-0.0.0-py3.10.egg-info' (and everything under it)
[7.390s] Copying ../build/penship_vrx/penship_vrx.egg-info to /home/syauqibilfaqih/penship_ws/src/install/penship_vrx/lib/python3.10/site-packages/penship_vrx-0.0.0-py3.10.egg-info
[7.393s] running install_scripts
[7.515s] Installing stationkeeping script to /home/syauqibilfaqih/penship_ws/src/install/penship_vrx/lib/penship_vrx
[7.515s] writing list of installed files to '/home/syauqibilfaqih/penship_ws/src/build/penship_vrx/install.log'
[7.684s] Invoked command in '/home/syauqibilfaqih/penship_ws/src/penship_vrx' returned '0': PYTHONPATH=/home/syauqibilfaqih/penship_ws/src/build/penship_vrx/prefix_override:/home/syauqibilfaqih/penship_ws/src/install/penship_vrx/lib/python3.10/site-packages:${PYTHONPATH} /usr/bin/python3 setup.py egg_info --egg-base ../build/penship_vrx build --build-base /home/syauqibilfaqih/penship_ws/src/build/penship_vrx/build install --record /home/syauqibilfaqih/penship_ws/src/build/penship_vrx/install.log --single-version-externally-managed
