[2.453s] Invoking command in '/home/syauqibilfaqih/penship_ws/src/penship_vrx': PYTHONPATH=/home/syauqibilfaqih/penship_ws/src/build/penship_vrx/prefix_override:/home/syauqibilfaqih/penship_ws/src/install/penship_vrx/lib/python3.10/site-packages:${PYTHONPATH} /usr/bin/python3 setup.py egg_info --egg-base ../build/penship_vrx build --build-base /home/syauqibilfaqih/penship_ws/src/build/penship_vrx/build install --record /home/syauqibilfaqih/penship_ws/src/build/penship_vrx/install.log --single-version-externally-managed
[4.298s] running egg_info
[4.307s] writing ../build/penship_vrx/penship_vrx.egg-info/PKG-INFO
[4.309s] writing dependency_links to ../build/penship_vrx/penship_vrx.egg-info/dependency_links.txt
[4.310s] writing entry points to ../build/penship_vrx/penship_vrx.egg-info/entry_points.txt
[4.311s] writing requirements to ../build/penship_vrx/penship_vrx.egg-info/requires.txt
[4.311s] writing top-level names to ../build/penship_vrx/penship_vrx.egg-info/top_level.txt
[4.318s] reading manifest file '../build/penship_vrx/penship_vrx.egg-info/SOURCES.txt'
[4.320s] writing manifest file '../build/penship_vrx/penship_vrx.egg-info/SOURCES.txt'
[4.320s] running build
[4.320s] running build_py
[4.321s] /usr/lib/python3/dist-packages/setuptools/command/install.py:34: SetuptoolsDeprecationWarning: setup.py install is deprecated. Use build and pip and other standards-based tools.
[4.321s]   warnings.warn(
[4.321s] copying penship_vrx/penship_stationkeeping.py -> /home/syauqibilfaqih/penship_ws/src/build/penship_vrx/build/lib/penship_vrx
[4.321s] running install
[4.321s] running install_lib
[4.323s] copying /home/syauqibilfaqih/penship_ws/src/build/penship_vrx/build/lib/penship_vrx/penship_stationkeeping.py -> /home/syauqibilfaqih/penship_ws/src/install/penship_vrx/lib/python3.10/site-packages/penship_vrx
[4.327s] byte-compiling /home/syauqibilfaqih/penship_ws/src/install/penship_vrx/lib/python3.10/site-packages/penship_vrx/penship_stationkeeping.py to penship_stationkeeping.cpython-310.pyc
[4.339s] running install_data
[4.349s] running install_egg_info
[4.362s] removing '/home/syauqibilfaqih/penship_ws/src/install/penship_vrx/lib/python3.10/site-packages/penship_vrx-0.0.0-py3.10.egg-info' (and everything under it)
[4.362s] Copying ../build/penship_vrx/penship_vrx.egg-info to /home/syauqibilfaqih/penship_ws/src/install/penship_vrx/lib/python3.10/site-packages/penship_vrx-0.0.0-py3.10.egg-info
[4.365s] running install_scripts
[4.548s] Installing stationkeeping script to /home/syauqibilfaqih/penship_ws/src/install/penship_vrx/lib/penship_vrx
[4.551s] writing list of installed files to '/home/syauqibilfaqih/penship_ws/src/build/penship_vrx/install.log'
[4.713s] Invoked command in '/home/syauqibilfaqih/penship_ws/src/penship_vrx' returned '0': PYTHONPATH=/home/syauqibilfaqih/penship_ws/src/build/penship_vrx/prefix_override:/home/syauqibilfaqih/penship_ws/src/install/penship_vrx/lib/python3.10/site-packages:${PYTHONPATH} /usr/bin/python3 setup.py egg_info --egg-base ../build/penship_vrx build --build-base /home/syauqibilfaqih/penship_ws/src/build/penship_vrx/build install --record /home/syauqibilfaqih/penship_ws/src/build/penship_vrx/install.log --single-version-externally-managed
