[3.254s] DEBUG:colcon:Command line arguments: ['/usr/bin/colcon', 'build']
[3.255s] DEBUG:colcon:Parsed command line arguments: Namespace(log_base=None, log_level=None, verb_name='build', build_base='build', install_base='install', merge_install=False, symlink_install=False, test_result_base=None, continue_on_error=False, executor='parallel', parallel_workers=4, event_handlers=None, ignore_user_meta=False, metas=['./colcon.meta'], base_paths=['.'], packages_ignore=None, packages_ignore_regex=None, paths=None, packages_up_to=None, packages_up_to_regex=None, packages_above=None, packages_above_and_dependencies=None, packages_above_depth=None, packages_select_by_dep=None, packages_skip_by_dep=None, packages_skip_up_to=None, packages_select_build_failed=False, packages_skip_build_finished=False, packages_select_test_failures=False, packages_skip_test_passed=False, packages_select=None, packages_skip=None, packages_select_regex=None, packages_skip_regex=None, packages_start=None, packages_end=None, allow_overriding=[], cmake_args=None, cmake_target=None, cmake_target_skip_unavailable=False, cmake_clean_cache=False, cmake_clean_first=False, cmake_force_configure=False, ament_cmake_args=None, catkin_cmake_args=None, catkin_skip_building_tests=False, verb_parser=<colcon_defaults.argument_parser.defaults.DefaultArgumentsDecorator object at 0x7fb3f68505b0>, verb_extension=<colcon_core.verb.build.BuildVerb object at 0x7fb3f6fc3850>, main=<bound method BuildVerb.main of <colcon_core.verb.build.BuildVerb object at 0x7fb3f6fc3850>>)
[3.513s] Level 1:colcon.colcon_core.package_discovery:discover_packages(colcon_meta) check parameters
[3.514s] Level 1:colcon.colcon_core.package_discovery:discover_packages(recursive) check parameters
[3.515s] Level 1:colcon.colcon_core.package_discovery:discover_packages(ignore) check parameters
[3.516s] Level 1:colcon.colcon_core.package_discovery:discover_packages(path) check parameters
[3.516s] Level 1:colcon.colcon_core.package_discovery:discover_packages(colcon_meta) discover
[3.516s] Level 1:colcon.colcon_core.package_discovery:discover_packages(recursive) discover
[3.516s] INFO:colcon.colcon_core.package_discovery:Crawling recursively for packages in '/home/syauqibilfaqih/penship_ws'
[3.517s] Level 1:colcon.colcon_core.package_identification:_identify(.) by extensions ['ignore', 'ignore_ament_install']
[3.517s] Level 1:colcon.colcon_core.package_identification:_identify(.) by extension 'ignore'
[3.517s] Level 1:colcon.colcon_core.package_identification:_identify(.) by extension 'ignore_ament_install'
[3.518s] Level 1:colcon.colcon_core.package_identification:_identify(.) by extensions ['colcon_pkg']
[3.518s] Level 1:colcon.colcon_core.package_identification:_identify(.) by extension 'colcon_pkg'
[3.518s] Level 1:colcon.colcon_core.package_identification:_identify(.) by extensions ['colcon_meta']
[3.519s] Level 1:colcon.colcon_core.package_identification:_identify(.) by extension 'colcon_meta'
[3.519s] Level 1:colcon.colcon_core.package_identification:_identify(.) by extensions ['ros']
[3.519s] Level 1:colcon.colcon_core.package_identification:_identify(.) by extension 'ros'
[3.609s] Level 1:colcon.colcon_core.package_identification:_identify(.) by extensions ['cmake', 'python']
[3.611s] Level 1:colcon.colcon_core.package_identification:_identify(.) by extension 'cmake'
[3.611s] Level 1:colcon.colcon_core.package_identification:_identify(.) by extension 'python'
[3.612s] Level 1:colcon.colcon_core.package_identification:_identify(.) by extensions ['python_setup_py']
[3.612s] Level 1:colcon.colcon_core.package_identification:_identify(.) by extension 'python_setup_py'
[3.613s] Level 1:colcon.colcon_core.package_identification:_identify(build) by extensions ['ignore', 'ignore_ament_install']
[3.615s] Level 1:colcon.colcon_core.package_identification:_identify(build) by extension 'ignore'
[3.617s] Level 1:colcon.colcon_core.package_identification:_identify(build) ignored
[3.620s] Level 1:colcon.colcon_core.package_identification:_identify(install) by extensions ['ignore', 'ignore_ament_install']
[3.621s] Level 1:colcon.colcon_core.package_identification:_identify(install) by extension 'ignore'
[3.622s] Level 1:colcon.colcon_core.package_identification:_identify(install) ignored
[3.625s] Level 1:colcon.colcon_core.package_identification:_identify(log) by extensions ['ignore', 'ignore_ament_install']
[3.627s] Level 1:colcon.colcon_core.package_identification:_identify(log) by extension 'ignore'
[3.627s] Level 1:colcon.colcon_core.package_identification:_identify(log) ignored
[3.628s] Level 1:colcon.colcon_core.package_identification:_identify(src) by extensions ['ignore', 'ignore_ament_install']
[3.629s] Level 1:colcon.colcon_core.package_identification:_identify(src) by extension 'ignore'
[3.630s] Level 1:colcon.colcon_core.package_identification:_identify(src) by extension 'ignore_ament_install'
[3.631s] Level 1:colcon.colcon_core.package_identification:_identify(src) by extensions ['colcon_pkg']
[3.632s] Level 1:colcon.colcon_core.package_identification:_identify(src) by extension 'colcon_pkg'
[3.634s] Level 1:colcon.colcon_core.package_identification:_identify(src) by extensions ['colcon_meta']
[3.637s] Level 1:colcon.colcon_core.package_identification:_identify(src) by extension 'colcon_meta'
[3.638s] Level 1:colcon.colcon_core.package_identification:_identify(src) by extensions ['ros']
[3.639s] Level 1:colcon.colcon_core.package_identification:_identify(src) by extension 'ros'
[3.640s] Level 1:colcon.colcon_core.package_identification:_identify(src) by extensions ['cmake', 'python']
[3.641s] Level 1:colcon.colcon_core.package_identification:_identify(src) by extension 'cmake'
[3.641s] Level 1:colcon.colcon_core.package_identification:_identify(src) by extension 'python'
[3.642s] Level 1:colcon.colcon_core.package_identification:_identify(src) by extensions ['python_setup_py']
[3.642s] Level 1:colcon.colcon_core.package_identification:_identify(src) by extension 'python_setup_py'
[3.642s] Level 1:colcon.colcon_core.package_identification:_identify(src/penship_vrx) by extensions ['ignore', 'ignore_ament_install']
[3.642s] Level 1:colcon.colcon_core.package_identification:_identify(src/penship_vrx) by extension 'ignore'
[3.642s] Level 1:colcon.colcon_core.package_identification:_identify(src/penship_vrx) by extension 'ignore_ament_install'
[3.642s] Level 1:colcon.colcon_core.package_identification:_identify(src/penship_vrx) by extensions ['colcon_pkg']
[3.643s] Level 1:colcon.colcon_core.package_identification:_identify(src/penship_vrx) by extension 'colcon_pkg'
[3.643s] Level 1:colcon.colcon_core.package_identification:_identify(src/penship_vrx) by extensions ['colcon_meta']
[3.643s] Level 1:colcon.colcon_core.package_identification:_identify(src/penship_vrx) by extension 'colcon_meta'
[3.643s] Level 1:colcon.colcon_core.package_identification:_identify(src/penship_vrx) by extensions ['ros']
[3.643s] Level 1:colcon.colcon_core.package_identification:_identify(src/penship_vrx) by extension 'ros'
[3.651s] DEBUG:colcon.colcon_core.package_identification:Package 'src/penship_vrx' with type 'ros.ament_python' and name 'penship_vrx'
[3.652s] Level 1:colcon.colcon_core.package_discovery:discover_packages(recursive) using defaults
[3.652s] Level 1:colcon.colcon_core.package_discovery:discover_packages(ignore) discover
[3.652s] Level 1:colcon.colcon_core.package_discovery:discover_packages(ignore) using defaults
[3.652s] Level 1:colcon.colcon_core.package_discovery:discover_packages(path) discover
[3.652s] Level 1:colcon.colcon_core.package_discovery:discover_packages(path) using defaults
[3.860s] Level 1:colcon.colcon_core.package_discovery:discover_packages(prefix_path) check parameters
[3.860s] Level 1:colcon.colcon_core.package_discovery:discover_packages(prefix_path) discover
[3.883s] DEBUG:colcon.colcon_installed_package_information.package_discovery:Found 1 installed packages in /home/syauqibilfaqih/penship_ws/install
[3.904s] DEBUG:colcon.colcon_installed_package_information.package_discovery:Found 288 installed packages in /opt/ros/humble
[3.909s] Level 1:colcon.colcon_core.package_discovery:discover_packages(prefix_path) using defaults
[4.535s] Level 5:colcon.colcon_core.verb:set package 'penship_vrx' build argument 'cmake_args' from command line to 'None'
[4.536s] Level 5:colcon.colcon_core.verb:set package 'penship_vrx' build argument 'cmake_target' from command line to 'None'
[4.536s] Level 5:colcon.colcon_core.verb:set package 'penship_vrx' build argument 'cmake_target_skip_unavailable' from command line to 'False'
[4.539s] Level 5:colcon.colcon_core.verb:set package 'penship_vrx' build argument 'cmake_clean_cache' from command line to 'False'
[4.541s] Level 5:colcon.colcon_core.verb:set package 'penship_vrx' build argument 'cmake_clean_first' from command line to 'False'
[4.542s] Level 5:colcon.colcon_core.verb:set package 'penship_vrx' build argument 'cmake_force_configure' from command line to 'False'
[4.543s] Level 5:colcon.colcon_core.verb:set package 'penship_vrx' build argument 'ament_cmake_args' from command line to 'None'
[4.543s] Level 5:colcon.colcon_core.verb:set package 'penship_vrx' build argument 'catkin_cmake_args' from command line to 'None'
[4.544s] Level 5:colcon.colcon_core.verb:set package 'penship_vrx' build argument 'catkin_skip_building_tests' from command line to 'False'
[4.544s] DEBUG:colcon.colcon_core.verb:Building package 'penship_vrx' with the following arguments: {'ament_cmake_args': None, 'build_base': '/home/syauqibilfaqih/penship_ws/build/penship_vrx', 'catkin_cmake_args': None, 'catkin_skip_building_tests': False, 'cmake_args': None, 'cmake_clean_cache': False, 'cmake_clean_first': False, 'cmake_force_configure': False, 'cmake_target': None, 'cmake_target_skip_unavailable': False, 'install_base': '/home/syauqibilfaqih/penship_ws/install/penship_vrx', 'merge_install': False, 'path': '/home/syauqibilfaqih/penship_ws/src/penship_vrx', 'symlink_install': False, 'test_result_base': None}
[4.548s] INFO:colcon.colcon_core.executor:Executing jobs using 'parallel' executor
[4.576s] DEBUG:colcon.colcon_parallel_executor.executor.parallel:run_until_complete
[4.580s] INFO:colcon.colcon_ros.task.ament_python.build:Building ROS package in '/home/syauqibilfaqih/penship_ws/src/penship_vrx' with build type 'ament_python'
[4.582s] Level 1:colcon.colcon_core.shell:create_environment_hook('penship_vrx', 'ament_prefix_path')
[4.647s] INFO:colcon.colcon_core.plugin_system:Skipping extension 'colcon_core.shell.bat': Not used on non-Windows systems
[4.649s] INFO:colcon.colcon_core.shell:Creating environment hook '/home/syauqibilfaqih/penship_ws/install/penship_vrx/share/penship_vrx/hook/ament_prefix_path.ps1'
[4.650s] INFO:colcon.colcon_core.shell:Creating environment descriptor '/home/syauqibilfaqih/penship_ws/install/penship_vrx/share/penship_vrx/hook/ament_prefix_path.dsv'
[4.651s] INFO:colcon.colcon_core.shell:Creating environment hook '/home/syauqibilfaqih/penship_ws/install/penship_vrx/share/penship_vrx/hook/ament_prefix_path.sh'
[4.669s] INFO:colcon.colcon_core.shell:Skip shell extension 'powershell' for command environment: Not usable outside of PowerShell
[4.671s] DEBUG:colcon.colcon_core.shell:Skip shell extension 'dsv' for command environment
[7.212s] INFO:colcon.colcon_core.task.python.build:Building Python package in '/home/syauqibilfaqih/penship_ws/src/penship_vrx'
[7.226s] INFO:colcon.colcon_core.shell:Skip shell extension 'powershell' for command environment: Not usable outside of PowerShell
[7.228s] DEBUG:colcon.colcon_core.shell:Skip shell extension 'dsv' for command environment
[10.466s] DEBUG:colcon.colcon_core.event_handler.log_command:Invoking command in '/home/syauqibilfaqih/penship_ws/src/penship_vrx': PYTHONPATH=/home/syauqibilfaqih/penship_ws/build/penship_vrx/prefix_override:/home/syauqibilfaqih/penship_ws/install/penship_vrx/lib/python3.10/site-packages:${PYTHONPATH} /usr/bin/python3 setup.py egg_info --egg-base ../../build/penship_vrx build --build-base /home/syauqibilfaqih/penship_ws/build/penship_vrx/build install --record /home/syauqibilfaqih/penship_ws/build/penship_vrx/install.log --single-version-externally-managed
[13.208s] DEBUG:colcon.colcon_core.event_handler.log_command:Invoked command in '/home/syauqibilfaqih/penship_ws/src/penship_vrx' returned '0': PYTHONPATH=/home/syauqibilfaqih/penship_ws/build/penship_vrx/prefix_override:/home/syauqibilfaqih/penship_ws/install/penship_vrx/lib/python3.10/site-packages:${PYTHONPATH} /usr/bin/python3 setup.py egg_info --egg-base ../../build/penship_vrx build --build-base /home/syauqibilfaqih/penship_ws/build/penship_vrx/build install --record /home/syauqibilfaqih/penship_ws/build/penship_vrx/install.log --single-version-externally-managed
[13.263s] Level 1:colcon.colcon_core.environment:checking '/home/syauqibilfaqih/penship_ws/install/penship_vrx' for CMake module files
[13.267s] Level 1:colcon.colcon_core.environment:checking '/home/syauqibilfaqih/penship_ws/install/penship_vrx' for CMake config files
[13.271s] Level 1:colcon.colcon_core.environment:checking '/home/syauqibilfaqih/penship_ws/install/penship_vrx/lib'
[13.272s] Level 1:colcon.colcon_core.environment:checking '/home/syauqibilfaqih/penship_ws/install/penship_vrx/bin'
[13.273s] Level 1:colcon.colcon_core.environment:checking '/home/syauqibilfaqih/penship_ws/install/penship_vrx/lib/pkgconfig/penship_vrx.pc'
[13.274s] Level 1:colcon.colcon_core.environment:checking '/home/syauqibilfaqih/penship_ws/install/penship_vrx/lib/python3.10/site-packages'
[13.275s] Level 1:colcon.colcon_core.shell:create_environment_hook('penship_vrx', 'pythonpath')
[13.292s] INFO:colcon.colcon_core.shell:Creating environment hook '/home/syauqibilfaqih/penship_ws/install/penship_vrx/share/penship_vrx/hook/pythonpath.ps1'
[13.297s] INFO:colcon.colcon_core.shell:Creating environment descriptor '/home/syauqibilfaqih/penship_ws/install/penship_vrx/share/penship_vrx/hook/pythonpath.dsv'
[13.300s] INFO:colcon.colcon_core.shell:Creating environment hook '/home/syauqibilfaqih/penship_ws/install/penship_vrx/share/penship_vrx/hook/pythonpath.sh'
[13.305s] Level 1:colcon.colcon_core.environment:checking '/home/syauqibilfaqih/penship_ws/install/penship_vrx/bin'
[13.306s] Level 1:colcon.colcon_core.environment:create_environment_scripts_only(penship_vrx)
[13.316s] INFO:colcon.colcon_core.shell:Creating package script '/home/syauqibilfaqih/penship_ws/install/penship_vrx/share/penship_vrx/package.ps1'
[13.329s] INFO:colcon.colcon_core.shell:Creating package descriptor '/home/syauqibilfaqih/penship_ws/install/penship_vrx/share/penship_vrx/package.dsv'
[13.332s] INFO:colcon.colcon_core.shell:Creating package script '/home/syauqibilfaqih/penship_ws/install/penship_vrx/share/penship_vrx/package.sh'
[13.335s] INFO:colcon.colcon_core.shell:Creating package script '/home/syauqibilfaqih/penship_ws/install/penship_vrx/share/penship_vrx/package.bash'
[13.345s] INFO:colcon.colcon_core.shell:Creating package script '/home/syauqibilfaqih/penship_ws/install/penship_vrx/share/penship_vrx/package.zsh'
[13.355s] Level 1:colcon.colcon_core.environment:create_file_with_runtime_dependencies(/home/syauqibilfaqih/penship_ws/install/penship_vrx/share/colcon-core/packages/penship_vrx)
[13.367s] DEBUG:colcon.colcon_parallel_executor.executor.parallel:closing loop
[13.370s] DEBUG:colcon.colcon_parallel_executor.executor.parallel:loop closed
[13.371s] DEBUG:colcon.colcon_parallel_executor.executor.parallel:run_until_complete finished with '0'
[13.372s] DEBUG:colcon.colcon_core.event_reactor:joining thread
[13.468s] INFO:colcon.colcon_core.plugin_system:Skipping extension 'colcon_notification.desktop_notification.terminal_notifier': Not used on non-Darwin systems
[13.469s] INFO:colcon.colcon_core.plugin_system:Skipping extension 'colcon_notification.desktop_notification.win32': Not used on non-Windows systems
[13.469s] INFO:colcon.colcon_notification.desktop_notification:Sending desktop notification using 'notify2'
[13.552s] DEBUG:colcon.colcon_core.event_reactor:joined thread
[13.560s] INFO:colcon.colcon_core.shell:Creating prefix script '/home/syauqibilfaqih/penship_ws/install/local_setup.ps1'
[13.567s] INFO:colcon.colcon_core.shell:Creating prefix util module '/home/syauqibilfaqih/penship_ws/install/_local_setup_util_ps1.py'
[13.579s] INFO:colcon.colcon_core.shell:Creating prefix chain script '/home/syauqibilfaqih/penship_ws/install/setup.ps1'
[13.586s] INFO:colcon.colcon_core.shell:Creating prefix script '/home/syauqibilfaqih/penship_ws/install/local_setup.sh'
[13.587s] INFO:colcon.colcon_core.shell:Creating prefix util module '/home/syauqibilfaqih/penship_ws/install/_local_setup_util_sh.py'
[13.589s] INFO:colcon.colcon_core.shell:Creating prefix chain script '/home/syauqibilfaqih/penship_ws/install/setup.sh'
[13.610s] INFO:colcon.colcon_core.shell:Creating prefix script '/home/syauqibilfaqih/penship_ws/install/local_setup.bash'
[13.613s] INFO:colcon.colcon_core.shell:Creating prefix chain script '/home/syauqibilfaqih/penship_ws/install/setup.bash'
[13.624s] INFO:colcon.colcon_core.shell:Creating prefix script '/home/syauqibilfaqih/penship_ws/install/local_setup.zsh'
[13.629s] INFO:colcon.colcon_core.shell:Creating prefix chain script '/home/syauqibilfaqih/penship_ws/install/setup.zsh'
