[0.032s] Invoking command in '/home/syauqibilfaqih/vrx_ws/build/vrx_ros': CMAKE_PREFIX_PATH=${CMAKE_PREFIX_PATH}:/opt/ros/humble /home/syauqibilfaqih/bin/cmake --build /home/syauqibilfaqih/vrx_ws/build/vrx_ros -- -j4 -l4
[0.127s] [ 50%] Built target optical_frame_publisher
[0.127s] [100%] Built target pose_tf_broadcaster
[0.135s] Invoked command in '/home/syauqibilfaqih/vrx_ws/build/vrx_ros' returned '0': CMAKE_PREFIX_PATH=${CMAKE_PREFIX_PATH}:/opt/ros/humble /home/syauqibilfaqih/bin/cmake --build /home/syauqibilfaqih/vrx_ws/build/vrx_ros -- -j4 -l4
[0.176s] Invoking command in '/home/syauqibilfaqih/vrx_ws/build/vrx_ros': CMAKE_PREFIX_PATH=${CMAKE_PREFIX_PATH}:/opt/ros/humble /home/syauqibilfaqih/bin/cmake --install /home/syauqibilfaqih/vrx_ws/build/vrx_ros
[0.178s] -- Install configuration: ""
[0.179s] -- Up-to-date: /home/syauqibilfaqih/vrx_ws/install/lib/vrx_ros/optical_frame_publisher
[0.180s] -- Up-to-date: /home/syauqibilfaqih/vrx_ws/install/lib/vrx_ros/pose_tf_broadcaster
[0.180s] -- Up-to-date: /home/syauqibilfaqih/vrx_ws/install/share/vrx_ros/launch
[0.180s] -- Up-to-date: /home/syauqibilfaqih/vrx_ws/install/share/vrx_ros/launch/monitor_sim.py
[0.181s] -- Up-to-date: /home/syauqibilfaqih/vrx_ws/install/share/ament_index/resource_index/package_run_dependencies/vrx_ros
[0.181s] -- Up-to-date: /home/syauqibilfaqih/vrx_ws/install/share/ament_index/resource_index/parent_prefix_path/vrx_ros
[0.181s] -- Up-to-date: /home/syauqibilfaqih/vrx_ws/install/share/vrx_ros/environment/ament_prefix_path.sh
[0.181s] -- Up-to-date: /home/syauqibilfaqih/vrx_ws/install/share/vrx_ros/environment/ament_prefix_path.dsv
[0.182s] -- Up-to-date: /home/syauqibilfaqih/vrx_ws/install/share/vrx_ros/environment/path.sh
[0.182s] -- Up-to-date: /home/syauqibilfaqih/vrx_ws/install/share/vrx_ros/environment/path.dsv
[0.182s] -- Up-to-date: /home/syauqibilfaqih/vrx_ws/install/share/vrx_ros/local_setup.bash
[0.182s] -- Up-to-date: /home/syauqibilfaqih/vrx_ws/install/share/vrx_ros/local_setup.sh
[0.182s] -- Up-to-date: /home/syauqibilfaqih/vrx_ws/install/share/vrx_ros/local_setup.zsh
[0.183s] -- Up-to-date: /home/syauqibilfaqih/vrx_ws/install/share/vrx_ros/local_setup.dsv
[0.183s] -- Installing: /home/syauqibilfaqih/vrx_ws/install/share/vrx_ros/package.dsv
[0.183s] -- Up-to-date: /home/syauqibilfaqih/vrx_ws/install/share/ament_index/resource_index/packages/vrx_ros
[0.183s] -- Up-to-date: /home/syauqibilfaqih/vrx_ws/install/share/vrx_ros/cmake/vrx_rosConfig.cmake
[0.183s] -- Up-to-date: /home/syauqibilfaqih/vrx_ws/install/share/vrx_ros/cmake/vrx_rosConfig-version.cmake
[0.184s] -- Up-to-date: /home/syauqibilfaqih/vrx_ws/install/share/vrx_ros/package.xml
[0.186s] Invoked command in '/home/syauqibilfaqih/vrx_ws/build/vrx_ros' returned '0': CMAKE_PREFIX_PATH=${CMAKE_PREFIX_PATH}:/opt/ros/humble /home/syauqibilfaqih/bin/cmake --install /home/syauqibilfaqih/vrx_ws/build/vrx_ros
