[3.035s] DEBUG:colcon:Command line arguments: ['/usr/bin/colcon', 'build']
[3.036s] DEBUG:colcon:Parsed command line arguments: Namespace(log_base=None, log_level=None, verb_name='build', build_base='build', install_base='install', merge_install=False, symlink_install=False, test_result_base=None, continue_on_error=False, executor='parallel', parallel_workers=4, event_handlers=None, ignore_user_meta=False, metas=['./colcon.meta'], base_paths=['.'], packages_ignore=None, packages_ignore_regex=None, paths=None, packages_up_to=None, packages_up_to_regex=None, packages_above=None, packages_above_and_dependencies=None, packages_above_depth=None, packages_select_by_dep=None, packages_skip_by_dep=None, packages_skip_up_to=None, packages_select_build_failed=False, packages_skip_build_finished=False, packages_select_test_failures=False, packages_skip_test_passed=False, packages_select=None, packages_skip=None, packages_select_regex=None, packages_skip_regex=None, packages_start=None, packages_end=None, allow_overriding=[], cmake_args=None, cmake_target=None, cmake_target_skip_unavailable=False, cmake_clean_cache=False, cmake_clean_first=False, cmake_force_configure=False, ament_cmake_args=None, catkin_cmake_args=None, catkin_skip_building_tests=False, verb_parser=<colcon_defaults.argument_parser.defaults.DefaultArgumentsDecorator object at 0x7fb52cee4b80>, verb_extension=<colcon_core.verb.build.BuildVerb object at 0x7fb52d1e8250>, main=<bound method BuildVerb.main of <colcon_core.verb.build.BuildVerb object at 0x7fb52d1e8250>>)
[3.310s] Level 1:colcon.colcon_core.package_discovery:discover_packages(colcon_meta) check parameters
[3.311s] Level 1:colcon.colcon_core.package_discovery:discover_packages(recursive) check parameters
[3.311s] Level 1:colcon.colcon_core.package_discovery:discover_packages(ignore) check parameters
[3.311s] Level 1:colcon.colcon_core.package_discovery:discover_packages(path) check parameters
[3.311s] Level 1:colcon.colcon_core.package_discovery:discover_packages(colcon_meta) discover
[3.311s] Level 1:colcon.colcon_core.package_discovery:discover_packages(recursive) discover
[3.311s] INFO:colcon.colcon_core.package_discovery:Crawling recursively for packages in '/home/syauqibilfaqih/penship_ws'
[3.312s] Level 1:colcon.colcon_core.package_identification:_identify(.) by extensions ['ignore', 'ignore_ament_install']
[3.312s] Level 1:colcon.colcon_core.package_identification:_identify(.) by extension 'ignore'
[3.312s] Level 1:colcon.colcon_core.package_identification:_identify(.) by extension 'ignore_ament_install'
[3.313s] Level 1:colcon.colcon_core.package_identification:_identify(.) by extensions ['colcon_pkg']
[3.313s] Level 1:colcon.colcon_core.package_identification:_identify(.) by extension 'colcon_pkg'
[3.313s] Level 1:colcon.colcon_core.package_identification:_identify(.) by extensions ['colcon_meta']
[3.314s] Level 1:colcon.colcon_core.package_identification:_identify(.) by extension 'colcon_meta'
[3.314s] Level 1:colcon.colcon_core.package_identification:_identify(.) by extensions ['ros']
[3.314s] Level 1:colcon.colcon_core.package_identification:_identify(.) by extension 'ros'
[3.431s] Level 1:colcon.colcon_core.package_identification:_identify(.) by extensions ['cmake', 'python']
[3.431s] Level 1:colcon.colcon_core.package_identification:_identify(.) by extension 'cmake'
[3.432s] Level 1:colcon.colcon_core.package_identification:_identify(.) by extension 'python'
[3.434s] Level 1:colcon.colcon_core.package_identification:_identify(.) by extensions ['python_setup_py']
[3.435s] Level 1:colcon.colcon_core.package_identification:_identify(.) by extension 'python_setup_py'
[3.438s] Level 1:colcon.colcon_core.package_identification:_identify(build) by extensions ['ignore', 'ignore_ament_install']
[3.441s] Level 1:colcon.colcon_core.package_identification:_identify(build) by extension 'ignore'
[3.443s] Level 1:colcon.colcon_core.package_identification:_identify(build) ignored
[3.445s] Level 1:colcon.colcon_core.package_identification:_identify(install) by extensions ['ignore', 'ignore_ament_install']
[3.446s] Level 1:colcon.colcon_core.package_identification:_identify(install) by extension 'ignore'
[3.446s] Level 1:colcon.colcon_core.package_identification:_identify(install) ignored
[3.447s] Level 1:colcon.colcon_core.package_identification:_identify(log) by extensions ['ignore', 'ignore_ament_install']
[3.447s] Level 1:colcon.colcon_core.package_identification:_identify(log) by extension 'ignore'
[3.447s] Level 1:colcon.colcon_core.package_identification:_identify(log) ignored
[3.447s] Level 1:colcon.colcon_core.package_identification:_identify(src) by extensions ['ignore', 'ignore_ament_install']
[3.448s] Level 1:colcon.colcon_core.package_identification:_identify(src) by extension 'ignore'
[3.448s] Level 1:colcon.colcon_core.package_identification:_identify(src) by extension 'ignore_ament_install'
[3.448s] Level 1:colcon.colcon_core.package_identification:_identify(src) by extensions ['colcon_pkg']
[3.448s] Level 1:colcon.colcon_core.package_identification:_identify(src) by extension 'colcon_pkg'
[3.448s] Level 1:colcon.colcon_core.package_identification:_identify(src) by extensions ['colcon_meta']
[3.448s] Level 1:colcon.colcon_core.package_identification:_identify(src) by extension 'colcon_meta'
[3.449s] Level 1:colcon.colcon_core.package_identification:_identify(src) by extensions ['ros']
[3.449s] Level 1:colcon.colcon_core.package_identification:_identify(src) by extension 'ros'
[3.449s] Level 1:colcon.colcon_core.package_identification:_identify(src) by extensions ['cmake', 'python']
[3.449s] Level 1:colcon.colcon_core.package_identification:_identify(src) by extension 'cmake'
[3.450s] Level 1:colcon.colcon_core.package_identification:_identify(src) by extension 'python'
[3.450s] Level 1:colcon.colcon_core.package_identification:_identify(src) by extensions ['python_setup_py']
[3.450s] Level 1:colcon.colcon_core.package_identification:_identify(src) by extension 'python_setup_py'
[3.450s] Level 1:colcon.colcon_core.package_identification:_identify(src/penship_vrx) by extensions ['ignore', 'ignore_ament_install']
[3.451s] Level 1:colcon.colcon_core.package_identification:_identify(src/penship_vrx) by extension 'ignore'
[3.451s] Level 1:colcon.colcon_core.package_identification:_identify(src/penship_vrx) by extension 'ignore_ament_install'
[3.451s] Level 1:colcon.colcon_core.package_identification:_identify(src/penship_vrx) by extensions ['colcon_pkg']
[3.451s] Level 1:colcon.colcon_core.package_identification:_identify(src/penship_vrx) by extension 'colcon_pkg'
[3.451s] Level 1:colcon.colcon_core.package_identification:_identify(src/penship_vrx) by extensions ['colcon_meta']
[3.451s] Level 1:colcon.colcon_core.package_identification:_identify(src/penship_vrx) by extension 'colcon_meta'
[3.451s] Level 1:colcon.colcon_core.package_identification:_identify(src/penship_vrx) by extensions ['ros']
[3.452s] Level 1:colcon.colcon_core.package_identification:_identify(src/penship_vrx) by extension 'ros'
[3.476s] DEBUG:colcon.colcon_core.package_identification:Package 'src/penship_vrx' with type 'ros.ament_python' and name 'penship_vrx'
[3.477s] Level 1:colcon.colcon_core.package_discovery:discover_packages(recursive) using defaults
[3.477s] Level 1:colcon.colcon_core.package_discovery:discover_packages(ignore) discover
[3.477s] Level 1:colcon.colcon_core.package_discovery:discover_packages(ignore) using defaults
[3.477s] Level 1:colcon.colcon_core.package_discovery:discover_packages(path) discover
[3.477s] Level 1:colcon.colcon_core.package_discovery:discover_packages(path) using defaults
[3.678s] Level 1:colcon.colcon_core.package_discovery:discover_packages(prefix_path) check parameters
[3.679s] Level 1:colcon.colcon_core.package_discovery:discover_packages(prefix_path) discover
[3.719s] DEBUG:colcon.colcon_installed_package_information.package_discovery:Found 1 installed packages in /home/syauqibilfaqih/penship_ws/install
[3.732s] DEBUG:colcon.colcon_installed_package_information.package_discovery:Found 288 installed packages in /opt/ros/humble
[3.748s] Level 1:colcon.colcon_core.package_discovery:discover_packages(prefix_path) using defaults
[4.475s] Level 5:colcon.colcon_core.verb:set package 'penship_vrx' build argument 'cmake_args' from command line to 'None'
[4.475s] Level 5:colcon.colcon_core.verb:set package 'penship_vrx' build argument 'cmake_target' from command line to 'None'
[4.475s] Level 5:colcon.colcon_core.verb:set package 'penship_vrx' build argument 'cmake_target_skip_unavailable' from command line to 'False'
[4.475s] Level 5:colcon.colcon_core.verb:set package 'penship_vrx' build argument 'cmake_clean_cache' from command line to 'False'
[4.475s] Level 5:colcon.colcon_core.verb:set package 'penship_vrx' build argument 'cmake_clean_first' from command line to 'False'
[4.475s] Level 5:colcon.colcon_core.verb:set package 'penship_vrx' build argument 'cmake_force_configure' from command line to 'False'
[4.475s] Level 5:colcon.colcon_core.verb:set package 'penship_vrx' build argument 'ament_cmake_args' from command line to 'None'
[4.475s] Level 5:colcon.colcon_core.verb:set package 'penship_vrx' build argument 'catkin_cmake_args' from command line to 'None'
[4.475s] Level 5:colcon.colcon_core.verb:set package 'penship_vrx' build argument 'catkin_skip_building_tests' from command line to 'False'
[4.476s] DEBUG:colcon.colcon_core.verb:Building package 'penship_vrx' with the following arguments: {'ament_cmake_args': None, 'build_base': '/home/syauqibilfaqih/penship_ws/build/penship_vrx', 'catkin_cmake_args': None, 'catkin_skip_building_tests': False, 'cmake_args': None, 'cmake_clean_cache': False, 'cmake_clean_first': False, 'cmake_force_configure': False, 'cmake_target': None, 'cmake_target_skip_unavailable': False, 'install_base': '/home/syauqibilfaqih/penship_ws/install/penship_vrx', 'merge_install': False, 'path': '/home/syauqibilfaqih/penship_ws/src/penship_vrx', 'symlink_install': False, 'test_result_base': None}
[4.478s] INFO:colcon.colcon_core.executor:Executing jobs using 'parallel' executor
[4.508s] DEBUG:colcon.colcon_parallel_executor.executor.parallel:run_until_complete
[4.508s] INFO:colcon.colcon_ros.task.ament_python.build:Building ROS package in '/home/syauqibilfaqih/penship_ws/src/penship_vrx' with build type 'ament_python'
[4.508s] Level 1:colcon.colcon_core.shell:create_environment_hook('penship_vrx', 'ament_prefix_path')
[4.552s] INFO:colcon.colcon_core.plugin_system:Skipping extension 'colcon_core.shell.bat': Not used on non-Windows systems
[4.553s] INFO:colcon.colcon_core.shell:Creating environment hook '/home/syauqibilfaqih/penship_ws/install/penship_vrx/share/penship_vrx/hook/ament_prefix_path.ps1'
[4.558s] INFO:colcon.colcon_core.shell:Creating environment descriptor '/home/syauqibilfaqih/penship_ws/install/penship_vrx/share/penship_vrx/hook/ament_prefix_path.dsv'
[4.569s] INFO:colcon.colcon_core.shell:Creating environment hook '/home/syauqibilfaqih/penship_ws/install/penship_vrx/share/penship_vrx/hook/ament_prefix_path.sh'
[4.582s] INFO:colcon.colcon_core.shell:Skip shell extension 'powershell' for command environment: Not usable outside of PowerShell
[4.585s] DEBUG:colcon.colcon_core.shell:Skip shell extension 'dsv' for command environment
[7.296s] INFO:colcon.colcon_core.task.python.build:Building Python package in '/home/syauqibilfaqih/penship_ws/src/penship_vrx'
[7.304s] INFO:colcon.colcon_core.shell:Skip shell extension 'powershell' for command environment: Not usable outside of PowerShell
[7.305s] DEBUG:colcon.colcon_core.shell:Skip shell extension 'dsv' for command environment
[11.003s] DEBUG:colcon.colcon_core.event_handler.log_command:Invoking command in '/home/syauqibilfaqih/penship_ws/src/penship_vrx': PYTHONPATH=/home/syauqibilfaqih/penship_ws/build/penship_vrx/prefix_override:/home/syauqibilfaqih/penship_ws/install/penship_vrx/lib/python3.10/site-packages:${PYTHONPATH} /usr/bin/python3 setup.py egg_info --egg-base ../../build/penship_vrx build --build-base /home/syauqibilfaqih/penship_ws/build/penship_vrx/build install --record /home/syauqibilfaqih/penship_ws/build/penship_vrx/install.log --single-version-externally-managed
[13.955s] DEBUG:colcon.colcon_core.event_handler.log_command:Invoked command in '/home/syauqibilfaqih/penship_ws/src/penship_vrx' returned '0': PYTHONPATH=/home/syauqibilfaqih/penship_ws/build/penship_vrx/prefix_override:/home/syauqibilfaqih/penship_ws/install/penship_vrx/lib/python3.10/site-packages:${PYTHONPATH} /usr/bin/python3 setup.py egg_info --egg-base ../../build/penship_vrx build --build-base /home/syauqibilfaqih/penship_ws/build/penship_vrx/build install --record /home/syauqibilfaqih/penship_ws/build/penship_vrx/install.log --single-version-externally-managed
[14.015s] Level 1:colcon.colcon_core.environment:checking '/home/syauqibilfaqih/penship_ws/install/penship_vrx' for CMake module files
[14.020s] Level 1:colcon.colcon_core.environment:checking '/home/syauqibilfaqih/penship_ws/install/penship_vrx' for CMake config files
[14.025s] Level 1:colcon.colcon_core.environment:checking '/home/syauqibilfaqih/penship_ws/install/penship_vrx/lib'
[14.027s] Level 1:colcon.colcon_core.environment:checking '/home/syauqibilfaqih/penship_ws/install/penship_vrx/bin'
[14.029s] Level 1:colcon.colcon_core.environment:checking '/home/syauqibilfaqih/penship_ws/install/penship_vrx/lib/pkgconfig/penship_vrx.pc'
[14.034s] Level 1:colcon.colcon_core.environment:checking '/home/syauqibilfaqih/penship_ws/install/penship_vrx/lib/python3.10/site-packages'
[14.036s] Level 1:colcon.colcon_core.shell:create_environment_hook('penship_vrx', 'pythonpath')
[14.071s] INFO:colcon.colcon_core.shell:Creating environment hook '/home/syauqibilfaqih/penship_ws/install/penship_vrx/share/penship_vrx/hook/pythonpath.ps1'
[14.072s] INFO:colcon.colcon_core.shell:Creating environment descriptor '/home/syauqibilfaqih/penship_ws/install/penship_vrx/share/penship_vrx/hook/pythonpath.dsv'
[14.073s] INFO:colcon.colcon_core.shell:Creating environment hook '/home/syauqibilfaqih/penship_ws/install/penship_vrx/share/penship_vrx/hook/pythonpath.sh'
[14.074s] Level 1:colcon.colcon_core.environment:checking '/home/syauqibilfaqih/penship_ws/install/penship_vrx/bin'
[14.074s] Level 1:colcon.colcon_core.environment:create_environment_scripts_only(penship_vrx)
[14.082s] INFO:colcon.colcon_core.shell:Creating package script '/home/syauqibilfaqih/penship_ws/install/penship_vrx/share/penship_vrx/package.ps1'
[14.090s] INFO:colcon.colcon_core.shell:Creating package descriptor '/home/syauqibilfaqih/penship_ws/install/penship_vrx/share/penship_vrx/package.dsv'
[14.096s] INFO:colcon.colcon_core.shell:Creating package script '/home/syauqibilfaqih/penship_ws/install/penship_vrx/share/penship_vrx/package.sh'
[14.109s] INFO:colcon.colcon_core.shell:Creating package script '/home/syauqibilfaqih/penship_ws/install/penship_vrx/share/penship_vrx/package.bash'
[14.123s] INFO:colcon.colcon_core.shell:Creating package script '/home/syauqibilfaqih/penship_ws/install/penship_vrx/share/penship_vrx/package.zsh'
[14.125s] Level 1:colcon.colcon_core.environment:create_file_with_runtime_dependencies(/home/syauqibilfaqih/penship_ws/install/penship_vrx/share/colcon-core/packages/penship_vrx)
[14.126s] DEBUG:colcon.colcon_parallel_executor.executor.parallel:closing loop
[14.127s] DEBUG:colcon.colcon_parallel_executor.executor.parallel:loop closed
[14.129s] DEBUG:colcon.colcon_parallel_executor.executor.parallel:run_until_complete finished with '0'
[14.129s] DEBUG:colcon.colcon_core.event_reactor:joining thread
[14.186s] INFO:colcon.colcon_core.plugin_system:Skipping extension 'colcon_notification.desktop_notification.terminal_notifier': Not used on non-Darwin systems
[14.186s] INFO:colcon.colcon_core.plugin_system:Skipping extension 'colcon_notification.desktop_notification.win32': Not used on non-Windows systems
[14.187s] INFO:colcon.colcon_notification.desktop_notification:Sending desktop notification using 'notify2'
[14.267s] DEBUG:colcon.colcon_core.event_reactor:joined thread
[14.281s] INFO:colcon.colcon_core.shell:Creating prefix script '/home/syauqibilfaqih/penship_ws/install/local_setup.ps1'
[14.283s] INFO:colcon.colcon_core.shell:Creating prefix util module '/home/syauqibilfaqih/penship_ws/install/_local_setup_util_ps1.py'
[14.292s] INFO:colcon.colcon_core.shell:Creating prefix chain script '/home/syauqibilfaqih/penship_ws/install/setup.ps1'
[14.308s] INFO:colcon.colcon_core.shell:Creating prefix script '/home/syauqibilfaqih/penship_ws/install/local_setup.sh'
[14.313s] INFO:colcon.colcon_core.shell:Creating prefix util module '/home/syauqibilfaqih/penship_ws/install/_local_setup_util_sh.py'
[14.317s] INFO:colcon.colcon_core.shell:Creating prefix chain script '/home/syauqibilfaqih/penship_ws/install/setup.sh'
[14.323s] INFO:colcon.colcon_core.shell:Creating prefix script '/home/syauqibilfaqih/penship_ws/install/local_setup.bash'
[14.325s] INFO:colcon.colcon_core.shell:Creating prefix chain script '/home/syauqibilfaqih/penship_ws/install/setup.bash'
[14.329s] INFO:colcon.colcon_core.shell:Creating prefix script '/home/syauqibilfaqih/penship_ws/install/local_setup.zsh'
[14.333s] INFO:colcon.colcon_core.shell:Creating prefix chain script '/home/syauqibilfaqih/penship_ws/install/setup.zsh'
