running egg_info
writing ../build/penship_vrx/penship_vrx.egg-info/PKG-INFO
writing dependency_links to ../build/penship_vrx/penship_vrx.egg-info/dependency_links.txt
writing entry points to ../build/penship_vrx/penship_vrx.egg-info/entry_points.txt
writing requirements to ../build/penship_vrx/penship_vrx.egg-info/requires.txt
writing top-level names to ../build/penship_vrx/penship_vrx.egg-info/top_level.txt
reading manifest file '../build/penship_vrx/penship_vrx.egg-info/SOURCES.txt'
writing manifest file '../build/penship_vrx/penship_vrx.egg-info/SOURCES.txt'
running build
running build_py
copying penship_vrx/penship_teleopkey.py -> /home/syauqibilfaqih/penship_ws/src/build/penship_vrx/build/lib/penship_vrx
copying penship_vrx/penship_scandockdeliver.py -> /home/syauqibilfaqih/penship_ws/src/build/penship_vrx/build/lib/penship_vrx
running install
running install_lib
copying /home/syauqibilfaqih/penship_ws/src/build/penship_vrx/build/lib/penship_vrx/penship_teleopkey.py -> /home/syauqibilfaqih/penship_ws/src/install/penship_vrx/lib/python3.10/site-packages/penship_vrx
copying /home/syauqibilfaqih/penship_ws/src/build/penship_vrx/build/lib/penship_vrx/penship_scandockdeliver.py -> /home/syauqibilfaqih/penship_ws/src/install/penship_vrx/lib/python3.10/site-packages/penship_vrx
byte-compiling /home/syauqibilfaqih/penship_ws/src/install/penship_vrx/lib/python3.10/site-packages/penship_vrx/penship_teleopkey.py to penship_teleopkey.cpython-310.pyc
byte-compiling /home/syauqibilfaqih/penship_ws/src/install/penship_vrx/lib/python3.10/site-packages/penship_vrx/penship_scandockdeliver.py to penship_scandockdeliver.cpython-310.pyc
running install_data
running install_egg_info
removing '/home/syauqibilfaqih/penship_ws/src/install/penship_vrx/lib/python3.10/site-packages/penship_vrx-0.0.0-py3.10.egg-info' (and everything under it)
Copying ../build/penship_vrx/penship_vrx.egg-info to /home/syauqibilfaqih/penship_ws/src/install/penship_vrx/lib/python3.10/site-packages/penship_vrx-0.0.0-py3.10.egg-info
running install_scripts
Installing scandockdeliver script to /home/syauqibilfaqih/penship_ws/src/install/penship_vrx/lib/penship_vrx
Installing stationkeeping script to /home/syauqibilfaqih/penship_ws/src/install/penship_vrx/lib/penship_vrx
Installing teleopkey script to /home/syauqibilfaqih/penship_ws/src/install/penship_vrx/lib/penship_vrx
writing list of installed files to '/home/syauqibilfaqih/penship_ws/src/build/penship_vrx/install.log'
