[1.021s] Invoking command in '/home/syauqibilfaqih/penship_ws/src/penship_vrx': PYTHONPATH=/home/syauqibilfaqih/penship_ws/src/build/penship_vrx/prefix_override:/home/syauqibilfaqih/penship_ws/src/install/penship_vrx/lib/python3.10/site-packages:${PYTHONPATH} /usr/bin/python3 setup.py egg_info --egg-base ../build/penship_vrx build --build-base /home/syauqibilfaqih/penship_ws/src/build/penship_vrx/build install --record /home/syauqibilfaqih/penship_ws/src/build/penship_vrx/install.log --single-version-externally-managed
[1.342s] running egg_info
[1.343s] writing ../build/penship_vrx/penship_vrx.egg-info/PKG-INFO
[1.343s] writing dependency_links to ../build/penship_vrx/penship_vrx.egg-info/dependency_links.txt
[1.344s] writing entry points to ../build/penship_vrx/penship_vrx.egg-info/entry_points.txt
[1.344s] writing requirements to ../build/penship_vrx/penship_vrx.egg-info/requires.txt
[1.344s] writing top-level names to ../build/penship_vrx/penship_vrx.egg-info/top_level.txt
[1.346s] reading manifest file '../build/penship_vrx/penship_vrx.egg-info/SOURCES.txt'
[1.349s] writing manifest file '../build/penship_vrx/penship_vrx.egg-info/SOURCES.txt'
[1.349s] running build
[1.349s] running build_py
[1.350s] copying penship_vrx/penship_teleopkey.py -> /home/syauqibilfaqih/penship_ws/src/build/penship_vrx/build/lib/penship_vrx
[1.350s] copying penship_vrx/penship_scandockdeliver.py -> /home/syauqibilfaqih/penship_ws/src/build/penship_vrx/build/lib/penship_vrx
[1.350s] running install
[1.351s] /usr/lib/python3/dist-packages/setuptools/command/install.py:34: SetuptoolsDeprecationWarning: setup.py install is deprecated. Use build and pip and other standards-based tools.
[1.351s]   warnings.warn(
[1.351s] running install_lib
[1.352s] copying /home/syauqibilfaqih/penship_ws/src/build/penship_vrx/build/lib/penship_vrx/penship_teleopkey.py -> /home/syauqibilfaqih/penship_ws/src/install/penship_vrx/lib/python3.10/site-packages/penship_vrx
[1.352s] copying /home/syauqibilfaqih/penship_ws/src/build/penship_vrx/build/lib/penship_vrx/penship_scandockdeliver.py -> /home/syauqibilfaqih/penship_ws/src/install/penship_vrx/lib/python3.10/site-packages/penship_vrx
[1.353s] byte-compiling /home/syauqibilfaqih/penship_ws/src/install/penship_vrx/lib/python3.10/site-packages/penship_vrx/penship_teleopkey.py to penship_teleopkey.cpython-310.pyc
[1.355s] byte-compiling /home/syauqibilfaqih/penship_ws/src/install/penship_vrx/lib/python3.10/site-packages/penship_vrx/penship_scandockdeliver.py to penship_scandockdeliver.cpython-310.pyc
[1.356s] running install_data
[1.357s] running install_egg_info
[1.359s] removing '/home/syauqibilfaqih/penship_ws/src/install/penship_vrx/lib/python3.10/site-packages/penship_vrx-0.0.0-py3.10.egg-info' (and everything under it)
[1.359s] Copying ../build/penship_vrx/penship_vrx.egg-info to /home/syauqibilfaqih/penship_ws/src/install/penship_vrx/lib/python3.10/site-packages/penship_vrx-0.0.0-py3.10.egg-info
[1.360s] running install_scripts
[1.383s] Installing scandockdeliver script to /home/syauqibilfaqih/penship_ws/src/install/penship_vrx/lib/penship_vrx
[1.383s] Installing stationkeeping script to /home/syauqibilfaqih/penship_ws/src/install/penship_vrx/lib/penship_vrx
[1.383s] Installing teleopkey script to /home/syauqibilfaqih/penship_ws/src/install/penship_vrx/lib/penship_vrx
[1.383s] writing list of installed files to '/home/syauqibilfaqih/penship_ws/src/build/penship_vrx/install.log'
[1.415s] Invoked command in '/home/syauqibilfaqih/penship_ws/src/penship_vrx' returned '0': PYTHONPATH=/home/syauqibilfaqih/penship_ws/src/build/penship_vrx/prefix_override:/home/syauqibilfaqih/penship_ws/src/install/penship_vrx/lib/python3.10/site-packages:${PYTHONPATH} /usr/bin/python3 setup.py egg_info --egg-base ../build/penship_vrx build --build-base /home/syauqibilfaqih/penship_ws/src/build/penship_vrx/build install --record /home/syauqibilfaqih/penship_ws/src/build/penship_vrx/install.log --single-version-externally-managed
