[1.105s] DEBUG:colcon:Command line arguments: ['/usr/bin/colcon', 'build']
[1.105s] DEBUG:colcon:Parsed command line arguments: Namespace(log_base=None, log_level=None, verb_name='build', build_base='build', install_base='install', merge_install=False, symlink_install=False, test_result_base=None, continue_on_error=False, executor='parallel', parallel_workers=4, event_handlers=None, ignore_user_meta=False, metas=['./colcon.meta'], base_paths=['.'], packages_ignore=None, packages_ignore_regex=None, paths=None, packages_up_to=None, packages_up_to_regex=None, packages_above=None, packages_above_and_dependencies=None, packages_above_depth=None, packages_select_by_dep=None, packages_skip_by_dep=None, packages_skip_up_to=None, packages_select_build_failed=False, packages_skip_build_finished=False, packages_select_test_failures=False, packages_skip_test_passed=False, packages_select=None, packages_skip=None, packages_select_regex=None, packages_skip_regex=None, packages_start=None, packages_end=None, allow_overriding=[], cmake_args=None, cmake_target=None, cmake_target_skip_unavailable=False, cmake_clean_cache=False, cmake_clean_first=False, cmake_force_configure=False, ament_cmake_args=None, catkin_cmake_args=None, catkin_skip_building_tests=False, verb_parser=<colcon_defaults.argument_parser.defaults.DefaultArgumentsDecorator object at 0x7f600f9a4580>, verb_extension=<colcon_core.verb.build.BuildVerb object at 0x7f60102435b0>, main=<bound method BuildVerb.main of <colcon_core.verb.build.BuildVerb object at 0x7f60102435b0>>)
[1.251s] Level 1:colcon.colcon_core.package_discovery:discover_packages(colcon_meta) check parameters
[1.251s] Level 1:colcon.colcon_core.package_discovery:discover_packages(recursive) check parameters
[1.252s] Level 1:colcon.colcon_core.package_discovery:discover_packages(ignore) check parameters
[1.252s] Level 1:colcon.colcon_core.package_discovery:discover_packages(path) check parameters
[1.252s] Level 1:colcon.colcon_core.package_discovery:discover_packages(colcon_meta) discover
[1.252s] Level 1:colcon.colcon_core.package_discovery:discover_packages(recursive) discover
[1.252s] INFO:colcon.colcon_core.package_discovery:Crawling recursively for packages in '/home/syauqibilfaqih/penship_ws/src'
[1.252s] Level 1:colcon.colcon_core.package_identification:_identify(.) by extensions ['ignore', 'ignore_ament_install']
[1.253s] Level 1:colcon.colcon_core.package_identification:_identify(.) by extension 'ignore'
[1.253s] Level 1:colcon.colcon_core.package_identification:_identify(.) by extension 'ignore_ament_install'
[1.253s] Level 1:colcon.colcon_core.package_identification:_identify(.) by extensions ['colcon_pkg']
[1.253s] Level 1:colcon.colcon_core.package_identification:_identify(.) by extension 'colcon_pkg'
[1.253s] Level 1:colcon.colcon_core.package_identification:_identify(.) by extensions ['colcon_meta']
[1.253s] Level 1:colcon.colcon_core.package_identification:_identify(.) by extension 'colcon_meta'
[1.254s] Level 1:colcon.colcon_core.package_identification:_identify(.) by extensions ['ros']
[1.254s] Level 1:colcon.colcon_core.package_identification:_identify(.) by extension 'ros'
[1.287s] Level 1:colcon.colcon_core.package_identification:_identify(.) by extensions ['cmake', 'python']
[1.288s] Level 1:colcon.colcon_core.package_identification:_identify(.) by extension 'cmake'
[1.288s] Level 1:colcon.colcon_core.package_identification:_identify(.) by extension 'python'
[1.288s] Level 1:colcon.colcon_core.package_identification:_identify(.) by extensions ['python_setup_py']
[1.288s] Level 1:colcon.colcon_core.package_identification:_identify(.) by extension 'python_setup_py'
[1.288s] Level 1:colcon.colcon_core.package_identification:_identify(build) by extensions ['ignore', 'ignore_ament_install']
[1.288s] Level 1:colcon.colcon_core.package_identification:_identify(build) by extension 'ignore'
[1.289s] Level 1:colcon.colcon_core.package_identification:_identify(build) ignored
[1.289s] Level 1:colcon.colcon_core.package_identification:_identify(install) by extensions ['ignore', 'ignore_ament_install']
[1.289s] Level 1:colcon.colcon_core.package_identification:_identify(install) by extension 'ignore'
[1.289s] Level 1:colcon.colcon_core.package_identification:_identify(install) ignored
[1.289s] Level 1:colcon.colcon_core.package_identification:_identify(log) by extensions ['ignore', 'ignore_ament_install']
[1.289s] Level 1:colcon.colcon_core.package_identification:_identify(log) by extension 'ignore'
[1.289s] Level 1:colcon.colcon_core.package_identification:_identify(log) ignored
[1.290s] Level 1:colcon.colcon_core.package_identification:_identify(penship_vrx) by extensions ['ignore', 'ignore_ament_install']
[1.290s] Level 1:colcon.colcon_core.package_identification:_identify(penship_vrx) by extension 'ignore'
[1.290s] Level 1:colcon.colcon_core.package_identification:_identify(penship_vrx) by extension 'ignore_ament_install'
[1.290s] Level 1:colcon.colcon_core.package_identification:_identify(penship_vrx) by extensions ['colcon_pkg']
[1.290s] Level 1:colcon.colcon_core.package_identification:_identify(penship_vrx) by extension 'colcon_pkg'
[1.290s] Level 1:colcon.colcon_core.package_identification:_identify(penship_vrx) by extensions ['colcon_meta']
[1.290s] Level 1:colcon.colcon_core.package_identification:_identify(penship_vrx) by extension 'colcon_meta'
[1.290s] Level 1:colcon.colcon_core.package_identification:_identify(penship_vrx) by extensions ['ros']
[1.291s] Level 1:colcon.colcon_core.package_identification:_identify(penship_vrx) by extension 'ros'
[1.304s] DEBUG:colcon.colcon_core.package_identification:Package 'penship_vrx' with type 'ros.ament_python' and name 'penship_vrx'
[1.304s] Level 1:colcon.colcon_core.package_discovery:discover_packages(recursive) using defaults
[1.304s] Level 1:colcon.colcon_core.package_discovery:discover_packages(ignore) discover
[1.304s] Level 1:colcon.colcon_core.package_discovery:discover_packages(ignore) using defaults
[1.304s] Level 1:colcon.colcon_core.package_discovery:discover_packages(path) discover
[1.304s] Level 1:colcon.colcon_core.package_discovery:discover_packages(path) using defaults
[1.438s] Level 1:colcon.colcon_core.package_discovery:discover_packages(prefix_path) check parameters
[1.438s] Level 1:colcon.colcon_core.package_discovery:discover_packages(prefix_path) discover
[1.456s] DEBUG:colcon.colcon_installed_package_information.package_discovery:Found 1 installed packages in /home/syauqibilfaqih/penship_ws/src/install
[1.462s] DEBUG:colcon.colcon_installed_package_information.package_discovery:Found 288 installed packages in /opt/ros/humble
[1.468s] Level 1:colcon.colcon_core.package_discovery:discover_packages(prefix_path) using defaults
[2.332s] Level 5:colcon.colcon_core.verb:set package 'penship_vrx' build argument 'cmake_args' from command line to 'None'
[2.333s] Level 5:colcon.colcon_core.verb:set package 'penship_vrx' build argument 'cmake_target' from command line to 'None'
[2.333s] Level 5:colcon.colcon_core.verb:set package 'penship_vrx' build argument 'cmake_target_skip_unavailable' from command line to 'False'
[2.333s] Level 5:colcon.colcon_core.verb:set package 'penship_vrx' build argument 'cmake_clean_cache' from command line to 'False'
[2.333s] Level 5:colcon.colcon_core.verb:set package 'penship_vrx' build argument 'cmake_clean_first' from command line to 'False'
[2.334s] Level 5:colcon.colcon_core.verb:set package 'penship_vrx' build argument 'cmake_force_configure' from command line to 'False'
[2.334s] Level 5:colcon.colcon_core.verb:set package 'penship_vrx' build argument 'ament_cmake_args' from command line to 'None'
[2.334s] Level 5:colcon.colcon_core.verb:set package 'penship_vrx' build argument 'catkin_cmake_args' from command line to 'None'
[2.334s] Level 5:colcon.colcon_core.verb:set package 'penship_vrx' build argument 'catkin_skip_building_tests' from command line to 'False'
[2.334s] DEBUG:colcon.colcon_core.verb:Building package 'penship_vrx' with the following arguments: {'ament_cmake_args': None, 'build_base': '/home/syauqibilfaqih/penship_ws/src/build/penship_vrx', 'catkin_cmake_args': None, 'catkin_skip_building_tests': False, 'cmake_args': None, 'cmake_clean_cache': False, 'cmake_clean_first': False, 'cmake_force_configure': False, 'cmake_target': None, 'cmake_target_skip_unavailable': False, 'install_base': '/home/syauqibilfaqih/penship_ws/src/install/penship_vrx', 'merge_install': False, 'path': '/home/syauqibilfaqih/penship_ws/src/penship_vrx', 'symlink_install': False, 'test_result_base': None}
[2.339s] INFO:colcon.colcon_core.executor:Executing jobs using 'parallel' executor
[2.377s] DEBUG:colcon.colcon_parallel_executor.executor.parallel:run_until_complete
[2.378s] INFO:colcon.colcon_ros.task.ament_python.build:Building ROS package in '/home/syauqibilfaqih/penship_ws/src/penship_vrx' with build type 'ament_python'
[2.380s] Level 1:colcon.colcon_core.shell:create_environment_hook('penship_vrx', 'ament_prefix_path')
[2.501s] INFO:colcon.colcon_core.plugin_system:Skipping extension 'colcon_core.shell.bat': Not used on non-Windows systems
[2.504s] INFO:colcon.colcon_core.shell:Creating environment hook '/home/syauqibilfaqih/penship_ws/src/install/penship_vrx/share/penship_vrx/hook/ament_prefix_path.ps1'
[2.512s] INFO:colcon.colcon_core.shell:Creating environment descriptor '/home/syauqibilfaqih/penship_ws/src/install/penship_vrx/share/penship_vrx/hook/ament_prefix_path.dsv'
[2.527s] INFO:colcon.colcon_core.shell:Creating environment hook '/home/syauqibilfaqih/penship_ws/src/install/penship_vrx/share/penship_vrx/hook/ament_prefix_path.sh'
[2.551s] INFO:colcon.colcon_core.shell:Skip shell extension 'powershell' for command environment: Not usable outside of PowerShell
[2.551s] DEBUG:colcon.colcon_core.shell:Skip shell extension 'dsv' for command environment
[4.889s] INFO:colcon.colcon_core.task.python.build:Building Python package in '/home/syauqibilfaqih/penship_ws/src/penship_vrx'
[4.914s] INFO:colcon.colcon_core.shell:Skip shell extension 'powershell' for command environment: Not usable outside of PowerShell
[4.915s] DEBUG:colcon.colcon_core.shell:Skip shell extension 'dsv' for command environment
[8.586s] DEBUG:colcon.colcon_core.event_handler.log_command:Invoking command in '/home/syauqibilfaqih/penship_ws/src/penship_vrx': PYTHONPATH=/home/syauqibilfaqih/penship_ws/src/build/penship_vrx/prefix_override:/home/syauqibilfaqih/penship_ws/src/install/penship_vrx/lib/python3.10/site-packages:${PYTHONPATH} /usr/bin/python3 setup.py egg_info --egg-base ../build/penship_vrx build --build-base /home/syauqibilfaqih/penship_ws/src/build/penship_vrx/build install --record /home/syauqibilfaqih/penship_ws/src/build/penship_vrx/install.log --single-version-externally-managed
[11.370s] DEBUG:colcon.colcon_core.event_handler.log_command:Invoked command in '/home/syauqibilfaqih/penship_ws/src/penship_vrx' returned '0': PYTHONPATH=/home/syauqibilfaqih/penship_ws/src/build/penship_vrx/prefix_override:/home/syauqibilfaqih/penship_ws/src/install/penship_vrx/lib/python3.10/site-packages:${PYTHONPATH} /usr/bin/python3 setup.py egg_info --egg-base ../build/penship_vrx build --build-base /home/syauqibilfaqih/penship_ws/src/build/penship_vrx/build install --record /home/syauqibilfaqih/penship_ws/src/build/penship_vrx/install.log --single-version-externally-managed
[11.436s] Level 1:colcon.colcon_core.environment:checking '/home/syauqibilfaqih/penship_ws/src/install/penship_vrx' for CMake module files
[11.442s] Level 1:colcon.colcon_core.environment:checking '/home/syauqibilfaqih/penship_ws/src/install/penship_vrx' for CMake config files
[11.449s] Level 1:colcon.colcon_core.environment:checking '/home/syauqibilfaqih/penship_ws/src/install/penship_vrx/lib'
[11.451s] Level 1:colcon.colcon_core.environment:checking '/home/syauqibilfaqih/penship_ws/src/install/penship_vrx/bin'
[11.452s] Level 1:colcon.colcon_core.environment:checking '/home/syauqibilfaqih/penship_ws/src/install/penship_vrx/lib/pkgconfig/penship_vrx.pc'
[11.453s] Level 1:colcon.colcon_core.environment:checking '/home/syauqibilfaqih/penship_ws/src/install/penship_vrx/lib/python3.10/site-packages'
[11.454s] Level 1:colcon.colcon_core.shell:create_environment_hook('penship_vrx', 'pythonpath')
[11.463s] INFO:colcon.colcon_core.shell:Creating environment hook '/home/syauqibilfaqih/penship_ws/src/install/penship_vrx/share/penship_vrx/hook/pythonpath.ps1'
[11.466s] INFO:colcon.colcon_core.shell:Creating environment descriptor '/home/syauqibilfaqih/penship_ws/src/install/penship_vrx/share/penship_vrx/hook/pythonpath.dsv'
[11.469s] INFO:colcon.colcon_core.shell:Creating environment hook '/home/syauqibilfaqih/penship_ws/src/install/penship_vrx/share/penship_vrx/hook/pythonpath.sh'
[11.471s] Level 1:colcon.colcon_core.environment:checking '/home/syauqibilfaqih/penship_ws/src/install/penship_vrx/bin'
[11.472s] Level 1:colcon.colcon_core.environment:create_environment_scripts_only(penship_vrx)
[11.482s] INFO:colcon.colcon_core.shell:Creating package script '/home/syauqibilfaqih/penship_ws/src/install/penship_vrx/share/penship_vrx/package.ps1'
[11.492s] INFO:colcon.colcon_core.shell:Creating package descriptor '/home/syauqibilfaqih/penship_ws/src/install/penship_vrx/share/penship_vrx/package.dsv'
[11.503s] INFO:colcon.colcon_core.shell:Creating package script '/home/syauqibilfaqih/penship_ws/src/install/penship_vrx/share/penship_vrx/package.sh'
[11.516s] INFO:colcon.colcon_core.shell:Creating package script '/home/syauqibilfaqih/penship_ws/src/install/penship_vrx/share/penship_vrx/package.bash'
[11.522s] INFO:colcon.colcon_core.shell:Creating package script '/home/syauqibilfaqih/penship_ws/src/install/penship_vrx/share/penship_vrx/package.zsh'
[11.541s] Level 1:colcon.colcon_core.environment:create_file_with_runtime_dependencies(/home/syauqibilfaqih/penship_ws/src/install/penship_vrx/share/colcon-core/packages/penship_vrx)
[11.550s] DEBUG:colcon.colcon_parallel_executor.executor.parallel:closing loop
[11.554s] DEBUG:colcon.colcon_parallel_executor.executor.parallel:loop closed
[11.555s] DEBUG:colcon.colcon_parallel_executor.executor.parallel:run_until_complete finished with '0'
[11.555s] DEBUG:colcon.colcon_core.event_reactor:joining thread
[11.675s] INFO:colcon.colcon_core.plugin_system:Skipping extension 'colcon_notification.desktop_notification.terminal_notifier': Not used on non-Darwin systems
[11.676s] INFO:colcon.colcon_core.plugin_system:Skipping extension 'colcon_notification.desktop_notification.win32': Not used on non-Windows systems
[11.677s] INFO:colcon.colcon_notification.desktop_notification:Sending desktop notification using 'notify2'
[11.754s] DEBUG:colcon.colcon_core.event_reactor:joined thread
[11.763s] INFO:colcon.colcon_core.shell:Creating prefix script '/home/syauqibilfaqih/penship_ws/src/install/local_setup.ps1'
[11.768s] INFO:colcon.colcon_core.shell:Creating prefix util module '/home/syauqibilfaqih/penship_ws/src/install/_local_setup_util_ps1.py'
[11.773s] INFO:colcon.colcon_core.shell:Creating prefix chain script '/home/syauqibilfaqih/penship_ws/src/install/setup.ps1'
[11.779s] INFO:colcon.colcon_core.shell:Creating prefix script '/home/syauqibilfaqih/penship_ws/src/install/local_setup.sh'
[11.787s] INFO:colcon.colcon_core.shell:Creating prefix util module '/home/syauqibilfaqih/penship_ws/src/install/_local_setup_util_sh.py'
[11.790s] INFO:colcon.colcon_core.shell:Creating prefix chain script '/home/syauqibilfaqih/penship_ws/src/install/setup.sh'
[11.809s] INFO:colcon.colcon_core.shell:Creating prefix script '/home/syauqibilfaqih/penship_ws/src/install/local_setup.bash'
[11.820s] INFO:colcon.colcon_core.shell:Creating prefix chain script '/home/syauqibilfaqih/penship_ws/src/install/setup.bash'
[11.841s] INFO:colcon.colcon_core.shell:Creating prefix script '/home/syauqibilfaqih/penship_ws/src/install/local_setup.zsh'
[11.856s] INFO:colcon.colcon_core.shell:Creating prefix chain script '/home/syauqibilfaqih/penship_ws/src/install/setup.zsh'
