/home/syauqibilfaqih/penship_ws/src/install/penship_vrx/lib/python3.10/site-packages/penship_vrx/penship_stationkeeping.py
/home/syauqibilfaqih/penship_ws/src/install/penship_vrx/lib/python3.10/site-packages/penship_vrx/penship_teleopkey.py
/home/syauqibilfaqih/penship_ws/src/install/penship_vrx/lib/python3.10/site-packages/penship_vrx/__init__.py
/home/syauqibilfaqih/penship_ws/src/install/penship_vrx/lib/python3.10/site-packages/penship_vrx/penship_scandockdeliver.py
/home/syauqibilfaqih/penship_ws/src/install/penship_vrx/lib/python3.10/site-packages/penship_vrx/__pycache__/penship_stationkeeping.cpython-310.pyc
/home/syauqibilfaqih/penship_ws/src/install/penship_vrx/lib/python3.10/site-packages/penship_vrx/__pycache__/penship_teleopkey.cpython-310.pyc
/home/syauqibilfaqih/penship_ws/src/install/penship_vrx/lib/python3.10/site-packages/penship_vrx/__pycache__/__init__.cpython-310.pyc
/home/syauqibilfaqih/penship_ws/src/install/penship_vrx/lib/python3.10/site-packages/penship_vrx/__pycache__/penship_scandockdeliver.cpython-310.pyc
/home/syauqibilfaqih/penship_ws/src/install/penship_vrx/share/ament_index/resource_index/packages/penship_vrx
/home/syauqibilfaqih/penship_ws/src/install/penship_vrx/share/penship_vrx/package.xml
/home/syauqibilfaqih/penship_ws/src/install/penship_vrx/lib/python3.10/site-packages/penship_vrx-0.0.0-py3.10.egg-info/dependency_links.txt
/home/syauqibilfaqih/penship_ws/src/install/penship_vrx/lib/python3.10/site-packages/penship_vrx-0.0.0-py3.10.egg-info/top_level.txt
/home/syauqibilfaqih/penship_ws/src/install/penship_vrx/lib/python3.10/site-packages/penship_vrx-0.0.0-py3.10.egg-info/requires.txt
/home/syauqibilfaqih/penship_ws/src/install/penship_vrx/lib/python3.10/site-packages/penship_vrx-0.0.0-py3.10.egg-info/zip-safe
/home/syauqibilfaqih/penship_ws/src/install/penship_vrx/lib/python3.10/site-packages/penship_vrx-0.0.0-py3.10.egg-info/PKG-INFO
/home/syauqibilfaqih/penship_ws/src/install/penship_vrx/lib/python3.10/site-packages/penship_vrx-0.0.0-py3.10.egg-info/SOURCES.txt
/home/syauqibilfaqih/penship_ws/src/install/penship_vrx/lib/python3.10/site-packages/penship_vrx-0.0.0-py3.10.egg-info/entry_points.txt
/home/syauqibilfaqih/penship_ws/src/install/penship_vrx/lib/penship_vrx/scandockdeliver
/home/syauqibilfaqih/penship_ws/src/install/penship_vrx/lib/penship_vrx/stationkeeping
/home/syauqibilfaqih/penship_ws/src/install/penship_vrx/lib/penship_vrx/teleopkey
