running egg_info
creating ../build/penship_vrx/penship_vrx.egg-info
writing ../build/penship_vrx/penship_vrx.egg-info/PKG-INFO
writing dependency_links to ../build/penship_vrx/penship_vrx.egg-info/dependency_links.txt
writing entry points to ../build/penship_vrx/penship_vrx.egg-info/entry_points.txt
writing requirements to ../build/penship_vrx/penship_vrx.egg-info/requires.txt
writing top-level names to ../build/penship_vrx/penship_vrx.egg-info/top_level.txt
writing manifest file '../build/penship_vrx/penship_vrx.egg-info/SOURCES.txt'
reading manifest file '../build/penship_vrx/penship_vrx.egg-info/SOURCES.txt'
writing manifest file '../build/penship_vrx/penship_vrx.egg-info/SOURCES.txt'
running build
running build_py
creating /home/syauqibilfaqih/penship_ws/src/build/penship_vrx/build
creating /home/syauqibilfaqih/penship_ws/src/build/penship_vrx/build/lib
creating /home/syauqibilfaqih/penship_ws/src/build/penship_vrx/build/lib/penship_vrx
copying penship_vrx/penship_stationkeeping.py -> /home/syauqibilfaqih/penship_ws/src/build/penship_vrx/build/lib/penship_vrx
copying penship_vrx/__init__.py -> /home/syauqibilfaqih/penship_ws/src/build/penship_vrx/build/lib/penship_vrx
running install
/usr/lib/python3/dist-packages/setuptools/command/install.py:34: SetuptoolsDeprecationWarning: setup.py install is deprecated. Use build and pip and other standards-based tools.
  warnings.warn(
running install_lib
creating /home/syauqibilfaqih/penship_ws/src/install/penship_vrx/lib/python3.10/site-packages/penship_vrx
copying /home/syauqibilfaqih/penship_ws/src/build/penship_vrx/build/lib/penship_vrx/penship_stationkeeping.py -> /home/syauqibilfaqih/penship_ws/src/install/penship_vrx/lib/python3.10/site-packages/penship_vrx
copying /home/syauqibilfaqih/penship_ws/src/build/penship_vrx/build/lib/penship_vrx/__init__.py -> /home/syauqibilfaqih/penship_ws/src/install/penship_vrx/lib/python3.10/site-packages/penship_vrx
byte-compiling /home/syauqibilfaqih/penship_ws/src/install/penship_vrx/lib/python3.10/site-packages/penship_vrx/penship_stationkeeping.py to penship_stationkeeping.cpython-310.pyc
byte-compiling /home/syauqibilfaqih/penship_ws/src/install/penship_vrx/lib/python3.10/site-packages/penship_vrx/__init__.py to __init__.cpython-310.pyc
running install_data
creating /home/syauqibilfaqih/penship_ws/src/install/penship_vrx/share/ament_index
creating /home/syauqibilfaqih/penship_ws/src/install/penship_vrx/share/ament_index/resource_index
creating /home/syauqibilfaqih/penship_ws/src/install/penship_vrx/share/ament_index/resource_index/packages
copying resource/penship_vrx -> /home/syauqibilfaqih/penship_ws/src/install/penship_vrx/share/ament_index/resource_index/packages
copying package.xml -> /home/syauqibilfaqih/penship_ws/src/install/penship_vrx/share/penship_vrx
running install_egg_info
Copying ../build/penship_vrx/penship_vrx.egg-info to /home/syauqibilfaqih/penship_ws/src/install/penship_vrx/lib/python3.10/site-packages/penship_vrx-0.0.0-py3.10.egg-info
running install_scripts
Installing stationkeeping script to /home/syauqibilfaqih/penship_ws/src/install/penship_vrx/lib/penship_vrx
writing list of installed files to '/home/syauqibilfaqih/penship_ws/src/build/penship_vrx/install.log'
