[0.795s] Invoking command in '/home/syauqibilfaqih/penship_ws/src/penship_vrx': PYTHONPATH=/home/syauqibilfaqih/penship_ws/src/build/penship_vrx/prefix_override:/home/syauqibilfaqih/penship_ws/src/install/penship_vrx/lib/python3.10/site-packages:${PYTHONPATH} /usr/bin/python3 setup.py egg_info --egg-base ../build/penship_vrx build --build-base /home/syauqibilfaqih/penship_ws/src/build/penship_vrx/build install --record /home/syauqibilfaqih/penship_ws/src/build/penship_vrx/install.log --single-version-externally-managed
[1.084s] running egg_info
[1.084s] creating ../build/penship_vrx/penship_vrx.egg-info
[1.084s] writing ../build/penship_vrx/penship_vrx.egg-info/PKG-INFO
[1.085s] writing dependency_links to ../build/penship_vrx/penship_vrx.egg-info/dependency_links.txt
[1.085s] writing entry points to ../build/penship_vrx/penship_vrx.egg-info/entry_points.txt
[1.085s] writing requirements to ../build/penship_vrx/penship_vrx.egg-info/requires.txt
[1.085s] writing top-level names to ../build/penship_vrx/penship_vrx.egg-info/top_level.txt
[1.086s] writing manifest file '../build/penship_vrx/penship_vrx.egg-info/SOURCES.txt'
[1.088s] reading manifest file '../build/penship_vrx/penship_vrx.egg-info/SOURCES.txt'
[1.089s] writing manifest file '../build/penship_vrx/penship_vrx.egg-info/SOURCES.txt'
[1.089s] running build
[1.089s] running build_py
[1.089s] creating /home/syauqibilfaqih/penship_ws/src/build/penship_vrx/build
[1.090s] creating /home/syauqibilfaqih/penship_ws/src/build/penship_vrx/build/lib
[1.090s] creating /home/syauqibilfaqih/penship_ws/src/build/penship_vrx/build/lib/penship_vrx
[1.090s] copying penship_vrx/penship_stationkeeping.py -> /home/syauqibilfaqih/penship_ws/src/build/penship_vrx/build/lib/penship_vrx
[1.090s] copying penship_vrx/__init__.py -> /home/syauqibilfaqih/penship_ws/src/build/penship_vrx/build/lib/penship_vrx
[1.090s] running install
[1.090s] /usr/lib/python3/dist-packages/setuptools/command/install.py:34: SetuptoolsDeprecationWarning: setup.py install is deprecated. Use build and pip and other standards-based tools.
[1.090s]   warnings.warn(
[1.090s] running install_lib
[1.091s] creating /home/syauqibilfaqih/penship_ws/src/install/penship_vrx/lib/python3.10/site-packages/penship_vrx
[1.091s] copying /home/syauqibilfaqih/penship_ws/src/build/penship_vrx/build/lib/penship_vrx/penship_stationkeeping.py -> /home/syauqibilfaqih/penship_ws/src/install/penship_vrx/lib/python3.10/site-packages/penship_vrx
[1.092s] copying /home/syauqibilfaqih/penship_ws/src/build/penship_vrx/build/lib/penship_vrx/__init__.py -> /home/syauqibilfaqih/penship_ws/src/install/penship_vrx/lib/python3.10/site-packages/penship_vrx
[1.094s] byte-compiling /home/syauqibilfaqih/penship_ws/src/install/penship_vrx/lib/python3.10/site-packages/penship_vrx/penship_stationkeeping.py to penship_stationkeeping.cpython-310.pyc
[1.095s] byte-compiling /home/syauqibilfaqih/penship_ws/src/install/penship_vrx/lib/python3.10/site-packages/penship_vrx/__init__.py to __init__.cpython-310.pyc
[1.095s] running install_data
[1.096s] creating /home/syauqibilfaqih/penship_ws/src/install/penship_vrx/share/ament_index
[1.096s] creating /home/syauqibilfaqih/penship_ws/src/install/penship_vrx/share/ament_index/resource_index
[1.096s] creating /home/syauqibilfaqih/penship_ws/src/install/penship_vrx/share/ament_index/resource_index/packages
[1.096s] copying resource/penship_vrx -> /home/syauqibilfaqih/penship_ws/src/install/penship_vrx/share/ament_index/resource_index/packages
[1.096s] copying package.xml -> /home/syauqibilfaqih/penship_ws/src/install/penship_vrx/share/penship_vrx
[1.096s] running install_egg_info
[1.098s] Copying ../build/penship_vrx/penship_vrx.egg-info to /home/syauqibilfaqih/penship_ws/src/install/penship_vrx/lib/python3.10/site-packages/penship_vrx-0.0.0-py3.10.egg-info
[1.099s] running install_scripts
[1.123s] Installing stationkeeping script to /home/syauqibilfaqih/penship_ws/src/install/penship_vrx/lib/penship_vrx
[1.123s] writing list of installed files to '/home/syauqibilfaqih/penship_ws/src/build/penship_vrx/install.log'
[1.158s] Invoked command in '/home/syauqibilfaqih/penship_ws/src/penship_vrx' returned '0': PYTHONPATH=/home/syauqibilfaqih/penship_ws/src/build/penship_vrx/prefix_override:/home/syauqibilfaqih/penship_ws/src/install/penship_vrx/lib/python3.10/site-packages:${PYTHONPATH} /usr/bin/python3 setup.py egg_info --egg-base ../build/penship_vrx build --build-base /home/syauqibilfaqih/penship_ws/src/build/penship_vrx/build install --record /home/syauqibilfaqih/penship_ws/src/build/penship_vrx/install.log --single-version-externally-managed
