[  0%] Built target ament_cmake_python_copy_vrx_gz
[  4%] Built target ScoringPlugin
[  8%] Built target Waves
[ 12%] Built target WildlifeScoringPlugin
[ 16%] Built target AcousticPingerPlugin
[ 25%] Built target PolyhedraBuoyancyDrag
[ 29%] Built target GymkhanaScoringPlugin
[ 33%] Built target Surface
[ 39%] Built target AcousticPerceptionScoringPlugin
[ 45%] Built target StationkeepingScoringPlugin
[ 50%] Built target WaveVisual
[ 56%] Built target AcousticTrackingScoringPlugin
[ 62%] Built target WayfindingScoringPlugin
[ 66%] Built target SimpleHydrodynamics
[ 70%] Built target BallShooterPlugin
[ 75%] Built target LightBuoyPlugin
[ 79%] Built target PerceptionScoringPlugin
[ 83%] Built target PlacardPlugin
[ 87%] Built target PublisherPlugin
[ 91%] Built target NavigationScoringPlugin
[ 95%] Built target ScanDockScoringPlugin
[100%] Built target USVWind
running egg_info
writing vrx_gz.egg-info/PKG-INFO
writing dependency_links to vrx_gz.egg-info/dependency_links.txt
writing top-level names to vrx_gz.egg-info/top_level.txt
reading manifest file 'vrx_gz.egg-info/SOURCES.txt'
writing manifest file 'vrx_gz.egg-info/SOURCES.txt'
[100%] Built target ament_cmake_python_build_vrx_gz_egg
-- Install configuration: ""
-- Up-to-date: /home/syauqibilfaqih/vrx_ws/install/share/vrx_gz/environment/resource_paths.dsv
-- Up-to-date: /home/syauqibilfaqih/vrx_ws/install/share/vrx_gz/environment/resource_paths.sh
-- Up-to-date: /home/syauqibilfaqih/vrx_ws/install/lib/libWaves.so
-- Up-to-date: /home/syauqibilfaqih/vrx_ws/install/lib/libPolyhedraBuoyancyDrag.so
-- Up-to-date: /home/syauqibilfaqih/vrx_ws/install/lib/libScoringPlugin.so
-- Up-to-date: /home/syauqibilfaqih/vrx_ws/install/lib/libStationkeepingScoringPlugin.so
-- Up-to-date: /home/syauqibilfaqih/vrx_ws/install/lib/libWayfindingScoringPlugin.so
-- Up-to-date: /home/syauqibilfaqih/vrx_ws/install/lib/libAcousticPerceptionScoringPlugin.so
-- Up-to-date: /home/syauqibilfaqih/vrx_ws/install/lib/libAcousticTrackingScoringPlugin.so
-- Up-to-date: /home/syauqibilfaqih/vrx_ws/install/lib/libAcousticPingerPlugin.so
-- Up-to-date: /home/syauqibilfaqih/vrx_ws/install/lib/libBallShooterPlugin.so
-- Up-to-date: /home/syauqibilfaqih/vrx_ws/install/lib/libLightBuoyPlugin.so
-- Up-to-date: /home/syauqibilfaqih/vrx_ws/install/lib/libNavigationScoringPlugin.so
-- Up-to-date: /home/syauqibilfaqih/vrx_ws/install/lib/libGymkhanaScoringPlugin.so
-- Up-to-date: /home/syauqibilfaqih/vrx_ws/install/lib/libPerceptionScoringPlugin.so
-- Up-to-date: /home/syauqibilfaqih/vrx_ws/install/lib/libPlacardPlugin.so
-- Up-to-date: /home/syauqibilfaqih/vrx_ws/install/lib/libPublisherPlugin.so
-- Up-to-date: /home/syauqibilfaqih/vrx_ws/install/lib/libScanDockScoringPlugin.so
-- Up-to-date: /home/syauqibilfaqih/vrx_ws/install/lib/libSimpleHydrodynamics.so
-- Up-to-date: /home/syauqibilfaqih/vrx_ws/install/lib/libSurface.so
-- Up-to-date: /home/syauqibilfaqih/vrx_ws/install/lib/libUSVWind.so
-- Up-to-date: /home/syauqibilfaqih/vrx_ws/install/lib/libWaveVisual.so
-- Up-to-date: /home/syauqibilfaqih/vrx_ws/install/lib/libWildlifeScoringPlugin.so
-- Up-to-date: /home/syauqibilfaqih/vrx_ws/install/share/vrx_gz/environment/pythonpath.sh
-- Up-to-date: /home/syauqibilfaqih/vrx_ws/install/share/vrx_gz/environment/pythonpath.dsv
-- Up-to-date: /home/syauqibilfaqih/vrx_ws/install/local/lib/python3.10/dist-packages/vrx_gz-0.0.0-py3.10.egg-info
-- Installing: /home/syauqibilfaqih/vrx_ws/install/local/lib/python3.10/dist-packages/vrx_gz-0.0.0-py3.10.egg-info/dependency_links.txt
-- Installing: /home/syauqibilfaqih/vrx_ws/install/local/lib/python3.10/dist-packages/vrx_gz-0.0.0-py3.10.egg-info/top_level.txt
-- Installing: /home/syauqibilfaqih/vrx_ws/install/local/lib/python3.10/dist-packages/vrx_gz-0.0.0-py3.10.egg-info/PKG-INFO
-- Installing: /home/syauqibilfaqih/vrx_ws/install/local/lib/python3.10/dist-packages/vrx_gz-0.0.0-py3.10.egg-info/SOURCES.txt
-- Up-to-date: /home/syauqibilfaqih/vrx_ws/install/local/lib/python3.10/dist-packages/vrx_gz
-- Up-to-date: /home/syauqibilfaqih/vrx_ws/install/local/lib/python3.10/dist-packages/vrx_gz/launch.py
-- Up-to-date: /home/syauqibilfaqih/vrx_ws/install/local/lib/python3.10/dist-packages/vrx_gz/model.py
-- Up-to-date: /home/syauqibilfaqih/vrx_ws/install/local/lib/python3.10/dist-packages/vrx_gz/bridge.py
-- Up-to-date: /home/syauqibilfaqih/vrx_ws/install/local/lib/python3.10/dist-packages/vrx_gz/__init__.py
-- Up-to-date: /home/syauqibilfaqih/vrx_ws/install/local/lib/python3.10/dist-packages/vrx_gz/bridges.py
-- Up-to-date: /home/syauqibilfaqih/vrx_ws/install/local/lib/python3.10/dist-packages/vrx_gz/payload_bridges.py
Listing '/home/syauqibilfaqih/vrx_ws/install/local/lib/python3.10/dist-packages/vrx_gz'...
-- Up-to-date: /home/syauqibilfaqih/vrx_ws/install/share/vrx_gz/config
-- Up-to-date: /home/syauqibilfaqih/vrx_ws/install/share/vrx_gz/config/wamv.yaml
-- Up-to-date: /home/syauqibilfaqih/vrx_ws/install/share/vrx_gz/launch
-- Up-to-date: /home/syauqibilfaqih/vrx_ws/install/share/vrx_gz/launch/spawn.launch.py
-- Up-to-date: /home/syauqibilfaqih/vrx_ws/install/share/vrx_gz/launch/competition.launch.py
-- Up-to-date: /home/syauqibilfaqih/vrx_ws/install/share/vrx_gz/launch/spawn_config.launch.py
-- Up-to-date: /home/syauqibilfaqih/vrx_ws/install/share/vrx_gz/launch/usv_joy_teleop.py
-- Up-to-date: /home/syauqibilfaqih/vrx_ws/install/share/vrx_gz/models
-- Up-to-date: /home/syauqibilfaqih/vrx_ws/install/share/vrx_gz/models/robotx_light_buoy_yrg
-- Up-to-date: /home/syauqibilfaqih/vrx_ws/install/share/vrx_gz/models/robotx_light_buoy_yrg/model.sdf
-- Up-to-date: /home/syauqibilfaqih/vrx_ws/install/share/vrx_gz/models/robotx_light_buoy_yrg/model.config
-- Up-to-date: /home/syauqibilfaqih/vrx_ws/install/share/vrx_gz/models/short_navigation_course_1
-- Up-to-date: /home/syauqibilfaqih/vrx_ws/install/share/vrx_gz/models/short_navigation_course_1/model.sdf
-- Up-to-date: /home/syauqibilfaqih/vrx_ws/install/share/vrx_gz/models/short_navigation_course_1/model.config
-- Up-to-date: /home/syauqibilfaqih/vrx_ws/install/share/vrx_gz/models/obstacle_course
-- Up-to-date: /home/syauqibilfaqih/vrx_ws/install/share/vrx_gz/models/obstacle_course/model.sdf
-- Up-to-date: /home/syauqibilfaqih/vrx_ws/install/share/vrx_gz/models/obstacle_course/model.config
-- Up-to-date: /home/syauqibilfaqih/vrx_ws/install/share/vrx_gz/models/robotx_light_buoy_rgy
-- Up-to-date: /home/syauqibilfaqih/vrx_ws/install/share/vrx_gz/models/robotx_light_buoy_rgy/model.sdf
-- Up-to-date: /home/syauqibilfaqih/vrx_ws/install/share/vrx_gz/models/robotx_light_buoy_rgy/model.config
-- Up-to-date: /home/syauqibilfaqih/vrx_ws/install/share/vrx_gz/models/short_navigation_course_2
-- Up-to-date: /home/syauqibilfaqih/vrx_ws/install/share/vrx_gz/models/short_navigation_course_2/model.sdf
-- Up-to-date: /home/syauqibilfaqih/vrx_ws/install/share/vrx_gz/models/short_navigation_course_2/model.config
-- Up-to-date: /home/syauqibilfaqih/vrx_ws/install/share/vrx_gz/models/articulated_platform
-- Up-to-date: /home/syauqibilfaqih/vrx_ws/install/share/vrx_gz/models/articulated_platform/model.sdf
-- Up-to-date: /home/syauqibilfaqih/vrx_ws/install/share/vrx_gz/models/articulated_platform/model.config
-- Up-to-date: /home/syauqibilfaqih/vrx_ws/install/share/vrx_gz/models/short_navigation_course_0
-- Up-to-date: /home/syauqibilfaqih/vrx_ws/install/share/vrx_gz/models/short_navigation_course_0/model.sdf
-- Up-to-date: /home/syauqibilfaqih/vrx_ws/install/share/vrx_gz/models/short_navigation_course_0/model.config
-- Up-to-date: /home/syauqibilfaqih/vrx_ws/install/share/vrx_gz/models/placard_2022
-- Up-to-date: /home/syauqibilfaqih/vrx_ws/install/share/vrx_gz/models/placard_2022/materials
-- Up-to-date: /home/syauqibilfaqih/vrx_ws/install/share/vrx_gz/models/placard_2022/materials/textures
-- Up-to-date: /home/syauqibilfaqih/vrx_ws/install/share/vrx_gz/models/placard_2022/materials/textures/Placard.png
-- Up-to-date: /home/syauqibilfaqih/vrx_ws/install/share/vrx_gz/models/placard_2022/meshes
-- Up-to-date: /home/syauqibilfaqih/vrx_ws/install/share/vrx_gz/models/placard_2022/meshes/placard_2022.dae
-- Up-to-date: /home/syauqibilfaqih/vrx_ws/install/share/vrx_gz/models/placard_2022/model.sdf
-- Up-to-date: /home/syauqibilfaqih/vrx_ws/install/share/vrx_gz/models/placard_2022/model.config
-- Up-to-date: /home/syauqibilfaqih/vrx_ws/install/share/vrx_gz/models/dock_2022_base
-- Up-to-date: /home/syauqibilfaqih/vrx_ws/install/share/vrx_gz/models/dock_2022_base/model.sdf
-- Up-to-date: /home/syauqibilfaqih/vrx_ws/install/share/vrx_gz/models/dock_2022_base/model.config
-- Up-to-date: /home/syauqibilfaqih/vrx_ws/install/share/vrx_gz/models/platform
-- Up-to-date: /home/syauqibilfaqih/vrx_ws/install/share/vrx_gz/models/platform/model.sdf
-- Up-to-date: /home/syauqibilfaqih/vrx_ws/install/share/vrx_gz/models/platform/model.config
-- Up-to-date: /home/syauqibilfaqih/vrx_ws/install/share/vrx_gz/models/dock_2022
-- Up-to-date: /home/syauqibilfaqih/vrx_ws/install/share/vrx_gz/models/dock_2022/model.sdf
-- Up-to-date: /home/syauqibilfaqih/vrx_ws/install/share/vrx_gz/models/dock_2022/model.config
-- Up-to-date: /home/syauqibilfaqih/vrx_ws/install/share/vrx_gz/models/robotx_light_buoy_ybr
-- Up-to-date: /home/syauqibilfaqih/vrx_ws/install/share/vrx_gz/models/robotx_light_buoy_ybr/model.sdf
-- Up-to-date: /home/syauqibilfaqih/vrx_ws/install/share/vrx_gz/models/robotx_light_buoy_ybr/model.config
-- Up-to-date: /home/syauqibilfaqih/vrx_ws/install/share/vrx_gz/models/dock_block_4x4
-- Up-to-date: /home/syauqibilfaqih/vrx_ws/install/share/vrx_gz/models/dock_block_4x4/mesh
-- Up-to-date: /home/syauqibilfaqih/vrx_ws/install/share/vrx_gz/models/dock_block_4x4/mesh/DockCubes_Metalness.png
-- Up-to-date: /home/syauqibilfaqih/vrx_ws/install/share/vrx_gz/models/dock_block_4x4/mesh/DockCubes_Albedo.png
-- Up-to-date: /home/syauqibilfaqih/vrx_ws/install/share/vrx_gz/models/dock_block_4x4/mesh/DockCubes_Normal.png
-- Up-to-date: /home/syauqibilfaqih/vrx_ws/install/share/vrx_gz/models/dock_block_4x4/mesh/dock_block_4x4.dae
-- Up-to-date: /home/syauqibilfaqih/vrx_ws/install/share/vrx_gz/models/dock_block_4x4/mesh/DockCubes_Roughness.png
-- Up-to-date: /home/syauqibilfaqih/vrx_ws/install/share/vrx_gz/models/dock_block_4x4/model.sdf
-- Up-to-date: /home/syauqibilfaqih/vrx_ws/install/share/vrx_gz/models/dock_block_4x4/model.config
-- Up-to-date: /home/syauqibilfaqih/vrx_ws/install/share/vrx_gz/models/coast_waves
-- Up-to-date: /home/syauqibilfaqih/vrx_ws/install/share/vrx_gz/models/coast_waves/materials
-- Up-to-date: /home/syauqibilfaqih/vrx_ws/install/share/vrx_gz/models/coast_waves/materials/textures
-- Up-to-date: /home/syauqibilfaqih/vrx_ws/install/share/vrx_gz/models/coast_waves/materials/textures/skybox_lowres.dds
-- Up-to-date: /home/syauqibilfaqih/vrx_ws/install/share/vrx_gz/models/coast_waves/materials/textures/wave_normals.dds
-- Up-to-date: /home/syauqibilfaqih/vrx_ws/install/share/vrx_gz/models/coast_waves/materials/programs
-- Up-to-date: /home/syauqibilfaqih/vrx_ws/install/share/vrx_gz/models/coast_waves/materials/programs/GerstnerWaves_fs_330.glsl
-- Up-to-date: /home/syauqibilfaqih/vrx_ws/install/share/vrx_gz/models/coast_waves/materials/programs/GerstnerWaves_vs_330.glsl
-- Up-to-date: /home/syauqibilfaqih/vrx_ws/install/share/vrx_gz/models/coast_waves/meshes
-- Up-to-date: /home/syauqibilfaqih/vrx_ws/install/share/vrx_gz/models/coast_waves/meshes/waterlow.dae
-- Up-to-date: /home/syauqibilfaqih/vrx_ws/install/share/vrx_gz/models/coast_waves/model.sdf
-- Up-to-date: /home/syauqibilfaqih/vrx_ws/install/share/vrx_gz/models/coast_waves/model.config
-- Up-to-date: /home/syauqibilfaqih/vrx_ws/install/share/vrx_gz/models/robotx_light_buoy_rgb
-- Up-to-date: /home/syauqibilfaqih/vrx_ws/install/share/vrx_gz/models/robotx_light_buoy_rgb/mesh
-- Up-to-date: /home/syauqibilfaqih/vrx_ws/install/share/vrx_gz/models/robotx_light_buoy_rgb/mesh/LightTower_Albedo.png
-- Up-to-date: /home/syauqibilfaqih/vrx_ws/install/share/vrx_gz/models/robotx_light_buoy_rgb/mesh/LightTower_Roughness.png
-- Up-to-date: /home/syauqibilfaqih/vrx_ws/install/share/vrx_gz/models/robotx_light_buoy_rgb/mesh/robotx_light_buoy.dae
-- Up-to-date: /home/syauqibilfaqih/vrx_ws/install/share/vrx_gz/models/robotx_light_buoy_rgb/mesh/LightTower_Metalness.png
-- Up-to-date: /home/syauqibilfaqih/vrx_ws/install/share/vrx_gz/models/robotx_light_buoy_rgb/mesh/LightTower_Normal.png
-- Up-to-date: /home/syauqibilfaqih/vrx_ws/install/share/vrx_gz/models/robotx_light_buoy_rgb/mesh/LightTower_Opacity.png
-- Up-to-date: /home/syauqibilfaqih/vrx_ws/install/share/vrx_gz/models/robotx_light_buoy_rgb/model.sdf
-- Up-to-date: /home/syauqibilfaqih/vrx_ws/install/share/vrx_gz/models/robotx_light_buoy_rgb/model.config
-- Up-to-date: /home/syauqibilfaqih/vrx_ws/install/share/vrx_gz/models/symbol_triangle
-- Up-to-date: /home/syauqibilfaqih/vrx_ws/install/share/vrx_gz/models/symbol_triangle/mesh
-- Up-to-date: /home/syauqibilfaqih/vrx_ws/install/share/vrx_gz/models/symbol_triangle/mesh/triangle.dae
-- Up-to-date: /home/syauqibilfaqih/vrx_ws/install/share/vrx_gz/models/symbol_triangle/model.sdf
-- Up-to-date: /home/syauqibilfaqih/vrx_ws/install/share/vrx_gz/models/symbol_triangle/model.config
-- Up-to-date: /home/syauqibilfaqih/vrx_ws/install/share/vrx_gz/models/entrance_exit
-- Up-to-date: /home/syauqibilfaqih/vrx_ws/install/share/vrx_gz/models/entrance_exit/model.sdf
-- Up-to-date: /home/syauqibilfaqih/vrx_ws/install/share/vrx_gz/models/entrance_exit/model.config
-- Up-to-date: /home/syauqibilfaqih/vrx_ws/install/share/vrx_gz/worlds
-- Up-to-date: /home/syauqibilfaqih/vrx_ws/install/share/vrx_gz/worlds/acoustic_perception_task.sdf
-- Up-to-date: /home/syauqibilfaqih/vrx_ws/install/share/vrx_gz/worlds/nbpark.sdf
-- Up-to-date: /home/syauqibilfaqih/vrx_ws/install/share/vrx_gz/worlds/scan_dock_deliver_task.sdf
-- Up-to-date: /home/syauqibilfaqih/vrx_ws/install/share/vrx_gz/worlds/acoustic_tracking_task.sdf
-- Up-to-date: /home/syauqibilfaqih/vrx_ws/install/share/vrx_gz/worlds/2023_practice
-- Up-to-date: /home/syauqibilfaqih/vrx_ws/install/share/vrx_gz/worlds/2023_practice/practice_2023_acoustic_perception0_task.sdf
-- Up-to-date: /home/syauqibilfaqih/vrx_ws/install/share/vrx_gz/worlds/2023_practice/practice_2023_perception2_task.sdf
-- Up-to-date: /home/syauqibilfaqih/vrx_ws/install/share/vrx_gz/worlds/2023_practice/practice_2023_acoustic_tracking0_task.sdf
-- Up-to-date: /home/syauqibilfaqih/vrx_ws/install/share/vrx_gz/worlds/2023_practice/practice_2023_stationkeeping1_task.sdf
-- Up-to-date: /home/syauqibilfaqih/vrx_ws/install/share/vrx_gz/worlds/2023_practice/practice_2023_follow_path0_task.sdf
-- Up-to-date: /home/syauqibilfaqih/vrx_ws/install/share/vrx_gz/worlds/2023_practice/practice_2023_acoustic_tracking2_task.sdf
-- Up-to-date: /home/syauqibilfaqih/vrx_ws/install/share/vrx_gz/worlds/2023_practice/practice_2023_stationkeeping0_task.sdf
-- Up-to-date: /home/syauqibilfaqih/vrx_ws/install/share/vrx_gz/worlds/2023_practice/practice_2023_perception0_task.sdf
-- Up-to-date: /home/syauqibilfaqih/vrx_ws/install/share/vrx_gz/worlds/2023_practice/practice_2023_perception1_task.sdf
-- Up-to-date: /home/syauqibilfaqih/vrx_ws/install/share/vrx_gz/worlds/2023_practice/practice_2023_acoustic_perception1_task.sdf
-- Up-to-date: /home/syauqibilfaqih/vrx_ws/install/share/vrx_gz/worlds/2023_practice/practice_2023_follow_path1_task.sdf
-- Up-to-date: /home/syauqibilfaqih/vrx_ws/install/share/vrx_gz/worlds/2023_practice/practice_2023_wayfinding1_task.sdf
-- Up-to-date: /home/syauqibilfaqih/vrx_ws/install/share/vrx_gz/worlds/2023_practice/practice_2023_wayfinding0_task.sdf
-- Up-to-date: /home/syauqibilfaqih/vrx_ws/install/share/vrx_gz/worlds/2023_practice/practice_2023_follow_path2_task.sdf
-- Up-to-date: /home/syauqibilfaqih/vrx_ws/install/share/vrx_gz/worlds/2023_practice/practice_2023_wayfinding2_task.sdf
-- Up-to-date: /home/syauqibilfaqih/vrx_ws/install/share/vrx_gz/worlds/2023_practice/practice_2023_acoustic_perception2_task.sdf
-- Up-to-date: /home/syauqibilfaqih/vrx_ws/install/share/vrx_gz/worlds/2023_practice/practice_2023_wildlife1_task.sdf
-- Up-to-date: /home/syauqibilfaqih/vrx_ws/install/share/vrx_gz/worlds/2023_practice/practice_2023_scan_dock_deliver1_task.sdf
-- Up-to-date: /home/syauqibilfaqih/vrx_ws/install/share/vrx_gz/worlds/2023_practice/practice_2023_stationkeeping2_task.sdf
-- Up-to-date: /home/syauqibilfaqih/vrx_ws/install/share/vrx_gz/worlds/2023_practice/practice_2023_scan_dock_deliver2_task.sdf
-- Up-to-date: /home/syauqibilfaqih/vrx_ws/install/share/vrx_gz/worlds/2023_practice/practice_2023_wildlife2_task.sdf
-- Up-to-date: /home/syauqibilfaqih/vrx_ws/install/share/vrx_gz/worlds/2023_practice/practice_2023_wildlife0_task.sdf
-- Up-to-date: /home/syauqibilfaqih/vrx_ws/install/share/vrx_gz/worlds/2023_practice/practice_2023_scan_dock_deliver0_task.sdf
-- Up-to-date: /home/syauqibilfaqih/vrx_ws/install/share/vrx_gz/worlds/2023_practice/practice_2023_acoustic_tracking1_task.sdf
-- Up-to-date: /home/syauqibilfaqih/vrx_ws/install/share/vrx_gz/worlds/follow_path_task.sdf
-- Up-to-date: /home/syauqibilfaqih/vrx_ws/install/share/vrx_gz/worlds/navigation_task.sdf
-- Up-to-date: /home/syauqibilfaqih/vrx_ws/install/share/vrx_gz/worlds/wildlife_task.sdf
-- Up-to-date: /home/syauqibilfaqih/vrx_ws/install/share/vrx_gz/worlds/wayfinding_task.sdf
-- Up-to-date: /home/syauqibilfaqih/vrx_ws/install/share/vrx_gz/worlds/perception_task.sdf
-- Up-to-date: /home/syauqibilfaqih/vrx_ws/install/share/vrx_gz/worlds/stationkeeping_task.sdf
-- Up-to-date: /home/syauqibilfaqih/vrx_ws/install/share/vrx_gz/worlds/sydney_regatta.sdf
-- Up-to-date: /home/syauqibilfaqih/vrx_ws/install/share/vrx_gz/worlds/gymkhana_task.sdf
-- Up-to-date: /home/syauqibilfaqih/vrx_ws/install/share/ament_index/resource_index/package_run_dependencies/vrx_gz
-- Up-to-date: /home/syauqibilfaqih/vrx_ws/install/share/ament_index/resource_index/parent_prefix_path/vrx_gz
-- Up-to-date: /home/syauqibilfaqih/vrx_ws/install/share/vrx_gz/environment/ament_prefix_path.sh
-- Up-to-date: /home/syauqibilfaqih/vrx_ws/install/share/vrx_gz/environment/ament_prefix_path.dsv
-- Up-to-date: /home/syauqibilfaqih/vrx_ws/install/share/vrx_gz/environment/path.sh
-- Up-to-date: /home/syauqibilfaqih/vrx_ws/install/share/vrx_gz/environment/path.dsv
-- Up-to-date: /home/syauqibilfaqih/vrx_ws/install/share/vrx_gz/local_setup.bash
-- Up-to-date: /home/syauqibilfaqih/vrx_ws/install/share/vrx_gz/local_setup.sh
-- Up-to-date: /home/syauqibilfaqih/vrx_ws/install/share/vrx_gz/local_setup.zsh
-- Up-to-date: /home/syauqibilfaqih/vrx_ws/install/share/vrx_gz/local_setup.dsv
-- Installing: /home/syauqibilfaqih/vrx_ws/install/share/vrx_gz/package.dsv
-- Up-to-date: /home/syauqibilfaqih/vrx_ws/install/share/ament_index/resource_index/packages/vrx_gz
-- Up-to-date: /home/syauqibilfaqih/vrx_ws/install/share/vrx_gz/cmake/vrx_gzConfig.cmake
-- Up-to-date: /home/syauqibilfaqih/vrx_ws/install/share/vrx_gz/cmake/vrx_gzConfig-version.cmake
-- Up-to-date: /home/syauqibilfaqih/vrx_ws/install/share/vrx_gz/package.xml
