[0.016s] Invoking command in '/home/syauqibilfaqih/vrx_ws/build/vrx_gz': CMAKE_PREFIX_PATH=${CMAKE_PREFIX_PATH}:/opt/ros/humble /home/syauqibilfaqih/bin/cmake --build /home/syauqibilfaqih/vrx_ws/build/vrx_gz -- -j4 -l4
[0.077s] [  0%] Built target ament_cmake_python_copy_vrx_gz
[0.091s] [  4%] Built target ScoringPlugin
[0.091s] [  8%] Built target Waves
[0.153s] [ 12%] Built target WildlifeScoringPlugin
[0.160s] [ 16%] Built target AcousticPingerPlugin
[0.165s] [ 25%] Built target PolyhedraBuoyancyDrag
[0.187s] [ 29%] Built target GymkhanaScoringPlugin
[0.223s] [ 33%] Built target Surface
[0.226s] [ 39%] Built target AcousticPerceptionScoringPlugin
[0.267s] [ 45%] Built target StationkeepingScoringPlugin
[0.290s] [ 50%] Built target WaveVisual
[0.292s] [ 56%] Built target AcousticTrackingScoringPlugin
[0.343s] [ 62%] Built target WayfindingScoringPlugin
[0.350s] [ 66%] Built target SimpleHydrodynamics
[0.355s] [ 70%] Built target BallShooterPlugin
[0.383s] [ 75%] Built target LightBuoyPlugin
[0.390s] [ 79%] Built target PerceptionScoringPlugin
[0.396s] [ 83%] Built target PlacardPlugin
[0.427s] [ 87%] Built target PublisherPlugin
[0.451s] [ 91%] Built target NavigationScoringPlugin
[0.460s] [ 95%] Built target ScanDockScoringPlugin
[0.489s] [100%] Built target USVWind
[0.756s] running egg_info
[0.758s] writing vrx_gz.egg-info/PKG-INFO
[0.759s] writing dependency_links to vrx_gz.egg-info/dependency_links.txt
[0.759s] writing top-level names to vrx_gz.egg-info/top_level.txt
[0.765s] reading manifest file 'vrx_gz.egg-info/SOURCES.txt'
[0.766s] writing manifest file 'vrx_gz.egg-info/SOURCES.txt'
[0.808s] [100%] Built target ament_cmake_python_build_vrx_gz_egg
[0.816s] Invoked command in '/home/syauqibilfaqih/vrx_ws/build/vrx_gz' returned '0': CMAKE_PREFIX_PATH=${CMAKE_PREFIX_PATH}:/opt/ros/humble /home/syauqibilfaqih/bin/cmake --build /home/syauqibilfaqih/vrx_ws/build/vrx_gz -- -j4 -l4
[0.980s] Invoking command in '/home/syauqibilfaqih/vrx_ws/build/vrx_gz': CMAKE_PREFIX_PATH=${CMAKE_PREFIX_PATH}:/opt/ros/humble /home/syauqibilfaqih/bin/cmake --install /home/syauqibilfaqih/vrx_ws/build/vrx_gz
[0.984s] -- Install configuration: ""
[0.985s] -- Up-to-date: /home/syauqibilfaqih/vrx_ws/install/share/vrx_gz/environment/resource_paths.dsv
[0.985s] -- Up-to-date: /home/syauqibilfaqih/vrx_ws/install/share/vrx_gz/environment/resource_paths.sh
[0.985s] -- Up-to-date: /home/syauqibilfaqih/vrx_ws/install/lib/libWaves.so
[0.986s] -- Up-to-date: /home/syauqibilfaqih/vrx_ws/install/lib/libPolyhedraBuoyancyDrag.so
[0.988s] -- Up-to-date: /home/syauqibilfaqih/vrx_ws/install/lib/libScoringPlugin.so
[0.988s] -- Up-to-date: /home/syauqibilfaqih/vrx_ws/install/lib/libStationkeepingScoringPlugin.so
[0.989s] -- Up-to-date: /home/syauqibilfaqih/vrx_ws/install/lib/libWayfindingScoringPlugin.so
[0.993s] -- Up-to-date: /home/syauqibilfaqih/vrx_ws/install/lib/libAcousticPerceptionScoringPlugin.so
[0.994s] -- Up-to-date: /home/syauqibilfaqih/vrx_ws/install/lib/libAcousticTrackingScoringPlugin.so
[0.994s] -- Up-to-date: /home/syauqibilfaqih/vrx_ws/install/lib/libAcousticPingerPlugin.so
[0.995s] -- Up-to-date: /home/syauqibilfaqih/vrx_ws/install/lib/libBallShooterPlugin.so
[0.996s] -- Up-to-date: /home/syauqibilfaqih/vrx_ws/install/lib/libLightBuoyPlugin.so
[0.999s] -- Up-to-date: /home/syauqibilfaqih/vrx_ws/install/lib/libNavigationScoringPlugin.so
[1.002s] -- Up-to-date: /home/syauqibilfaqih/vrx_ws/install/lib/libGymkhanaScoringPlugin.so
[1.015s] -- Up-to-date: /home/syauqibilfaqih/vrx_ws/install/lib/libPerceptionScoringPlugin.so
[1.017s] -- Up-to-date: /home/syauqibilfaqih/vrx_ws/install/lib/libPlacardPlugin.so
[1.017s] -- Up-to-date: /home/syauqibilfaqih/vrx_ws/install/lib/libPublisherPlugin.so
[1.018s] -- Up-to-date: /home/syauqibilfaqih/vrx_ws/install/lib/libScanDockScoringPlugin.so
[1.026s] -- Up-to-date: /home/syauqibilfaqih/vrx_ws/install/lib/libSimpleHydrodynamics.so
[1.027s] -- Up-to-date: /home/syauqibilfaqih/vrx_ws/install/lib/libSurface.so
[1.028s] -- Up-to-date: /home/syauqibilfaqih/vrx_ws/install/lib/libUSVWind.so
[1.028s] -- Up-to-date: /home/syauqibilfaqih/vrx_ws/install/lib/libWaveVisual.so
[1.028s] -- Up-to-date: /home/syauqibilfaqih/vrx_ws/install/lib/libWildlifeScoringPlugin.so
[1.029s] -- Up-to-date: /home/syauqibilfaqih/vrx_ws/install/share/vrx_gz/environment/pythonpath.sh
[1.029s] -- Up-to-date: /home/syauqibilfaqih/vrx_ws/install/share/vrx_gz/environment/pythonpath.dsv
[1.030s] -- Up-to-date: /home/syauqibilfaqih/vrx_ws/install/local/lib/python3.10/dist-packages/vrx_gz-0.0.0-py3.10.egg-info
[1.030s] -- Installing: /home/syauqibilfaqih/vrx_ws/install/local/lib/python3.10/dist-packages/vrx_gz-0.0.0-py3.10.egg-info/dependency_links.txt
[1.031s] -- Installing: /home/syauqibilfaqih/vrx_ws/install/local/lib/python3.10/dist-packages/vrx_gz-0.0.0-py3.10.egg-info/top_level.txt
[1.031s] -- Installing: /home/syauqibilfaqih/vrx_ws/install/local/lib/python3.10/dist-packages/vrx_gz-0.0.0-py3.10.egg-info/PKG-INFO
[1.032s] -- Installing: /home/syauqibilfaqih/vrx_ws/install/local/lib/python3.10/dist-packages/vrx_gz-0.0.0-py3.10.egg-info/SOURCES.txt
[1.032s] -- Up-to-date: /home/syauqibilfaqih/vrx_ws/install/local/lib/python3.10/dist-packages/vrx_gz
[1.032s] -- Up-to-date: /home/syauqibilfaqih/vrx_ws/install/local/lib/python3.10/dist-packages/vrx_gz/launch.py
[1.033s] -- Up-to-date: /home/syauqibilfaqih/vrx_ws/install/local/lib/python3.10/dist-packages/vrx_gz/model.py
[1.033s] -- Up-to-date: /home/syauqibilfaqih/vrx_ws/install/local/lib/python3.10/dist-packages/vrx_gz/bridge.py
[1.034s] -- Up-to-date: /home/syauqibilfaqih/vrx_ws/install/local/lib/python3.10/dist-packages/vrx_gz/__init__.py
[1.039s] -- Up-to-date: /home/syauqibilfaqih/vrx_ws/install/local/lib/python3.10/dist-packages/vrx_gz/bridges.py
[1.039s] -- Up-to-date: /home/syauqibilfaqih/vrx_ws/install/local/lib/python3.10/dist-packages/vrx_gz/payload_bridges.py
[1.077s] Listing '/home/syauqibilfaqih/vrx_ws/install/local/lib/python3.10/dist-packages/vrx_gz'...
[1.082s] -- Up-to-date: /home/syauqibilfaqih/vrx_ws/install/share/vrx_gz/config
[1.083s] -- Up-to-date: /home/syauqibilfaqih/vrx_ws/install/share/vrx_gz/config/wamv.yaml
[1.084s] -- Up-to-date: /home/syauqibilfaqih/vrx_ws/install/share/vrx_gz/launch
[1.084s] -- Up-to-date: /home/syauqibilfaqih/vrx_ws/install/share/vrx_gz/launch/spawn.launch.py
[1.085s] -- Up-to-date: /home/syauqibilfaqih/vrx_ws/install/share/vrx_gz/launch/competition.launch.py
[1.085s] -- Up-to-date: /home/syauqibilfaqih/vrx_ws/install/share/vrx_gz/launch/spawn_config.launch.py
[1.085s] -- Up-to-date: /home/syauqibilfaqih/vrx_ws/install/share/vrx_gz/launch/usv_joy_teleop.py
[1.085s] -- Up-to-date: /home/syauqibilfaqih/vrx_ws/install/share/vrx_gz/models
[1.086s] -- Up-to-date: /home/syauqibilfaqih/vrx_ws/install/share/vrx_gz/models/robotx_light_buoy_yrg
[1.086s] -- Up-to-date: /home/syauqibilfaqih/vrx_ws/install/share/vrx_gz/models/robotx_light_buoy_yrg/model.sdf
[1.086s] -- Up-to-date: /home/syauqibilfaqih/vrx_ws/install/share/vrx_gz/models/robotx_light_buoy_yrg/model.config
[1.086s] -- Up-to-date: /home/syauqibilfaqih/vrx_ws/install/share/vrx_gz/models/short_navigation_course_1
[1.086s] -- Up-to-date: /home/syauqibilfaqih/vrx_ws/install/share/vrx_gz/models/short_navigation_course_1/model.sdf
[1.087s] -- Up-to-date: /home/syauqibilfaqih/vrx_ws/install/share/vrx_gz/models/short_navigation_course_1/model.config
[1.087s] -- Up-to-date: /home/syauqibilfaqih/vrx_ws/install/share/vrx_gz/models/obstacle_course
[1.087s] -- Up-to-date: /home/syauqibilfaqih/vrx_ws/install/share/vrx_gz/models/obstacle_course/model.sdf
[1.087s] -- Up-to-date: /home/syauqibilfaqih/vrx_ws/install/share/vrx_gz/models/obstacle_course/model.config
[1.088s] -- Up-to-date: /home/syauqibilfaqih/vrx_ws/install/share/vrx_gz/models/robotx_light_buoy_rgy
[1.089s] -- Up-to-date: /home/syauqibilfaqih/vrx_ws/install/share/vrx_gz/models/robotx_light_buoy_rgy/model.sdf
[1.089s] -- Up-to-date: /home/syauqibilfaqih/vrx_ws/install/share/vrx_gz/models/robotx_light_buoy_rgy/model.config
[1.090s] -- Up-to-date: /home/syauqibilfaqih/vrx_ws/install/share/vrx_gz/models/short_navigation_course_2
[1.094s] -- Up-to-date: /home/syauqibilfaqih/vrx_ws/install/share/vrx_gz/models/short_navigation_course_2/model.sdf
[1.094s] -- Up-to-date: /home/syauqibilfaqih/vrx_ws/install/share/vrx_gz/models/short_navigation_course_2/model.config
[1.095s] -- Up-to-date: /home/syauqibilfaqih/vrx_ws/install/share/vrx_gz/models/articulated_platform
[1.095s] -- Up-to-date: /home/syauqibilfaqih/vrx_ws/install/share/vrx_gz/models/articulated_platform/model.sdf
[1.095s] -- Up-to-date: /home/syauqibilfaqih/vrx_ws/install/share/vrx_gz/models/articulated_platform/model.config
[1.095s] -- Up-to-date: /home/syauqibilfaqih/vrx_ws/install/share/vrx_gz/models/short_navigation_course_0
[1.095s] -- Up-to-date: /home/syauqibilfaqih/vrx_ws/install/share/vrx_gz/models/short_navigation_course_0/model.sdf
[1.096s] -- Up-to-date: /home/syauqibilfaqih/vrx_ws/install/share/vrx_gz/models/short_navigation_course_0/model.config
[1.096s] -- Up-to-date: /home/syauqibilfaqih/vrx_ws/install/share/vrx_gz/models/placard_2022
[1.096s] -- Up-to-date: /home/syauqibilfaqih/vrx_ws/install/share/vrx_gz/models/placard_2022/materials
[1.097s] -- Up-to-date: /home/syauqibilfaqih/vrx_ws/install/share/vrx_gz/models/placard_2022/materials/textures
[1.097s] -- Up-to-date: /home/syauqibilfaqih/vrx_ws/install/share/vrx_gz/models/placard_2022/materials/textures/Placard.png
[1.097s] -- Up-to-date: /home/syauqibilfaqih/vrx_ws/install/share/vrx_gz/models/placard_2022/meshes
[1.097s] -- Up-to-date: /home/syauqibilfaqih/vrx_ws/install/share/vrx_gz/models/placard_2022/meshes/placard_2022.dae
[1.098s] -- Up-to-date: /home/syauqibilfaqih/vrx_ws/install/share/vrx_gz/models/placard_2022/model.sdf
[1.098s] -- Up-to-date: /home/syauqibilfaqih/vrx_ws/install/share/vrx_gz/models/placard_2022/model.config
[1.099s] -- Up-to-date: /home/syauqibilfaqih/vrx_ws/install/share/vrx_gz/models/dock_2022_base
[1.102s] -- Up-to-date: /home/syauqibilfaqih/vrx_ws/install/share/vrx_gz/models/dock_2022_base/model.sdf
[1.102s] -- Up-to-date: /home/syauqibilfaqih/vrx_ws/install/share/vrx_gz/models/dock_2022_base/model.config
[1.102s] -- Up-to-date: /home/syauqibilfaqih/vrx_ws/install/share/vrx_gz/models/platform
[1.103s] -- Up-to-date: /home/syauqibilfaqih/vrx_ws/install/share/vrx_gz/models/platform/model.sdf
[1.103s] -- Up-to-date: /home/syauqibilfaqih/vrx_ws/install/share/vrx_gz/models/platform/model.config
[1.104s] -- Up-to-date: /home/syauqibilfaqih/vrx_ws/install/share/vrx_gz/models/dock_2022
[1.104s] -- Up-to-date: /home/syauqibilfaqih/vrx_ws/install/share/vrx_gz/models/dock_2022/model.sdf
[1.105s] -- Up-to-date: /home/syauqibilfaqih/vrx_ws/install/share/vrx_gz/models/dock_2022/model.config
[1.105s] -- Up-to-date: /home/syauqibilfaqih/vrx_ws/install/share/vrx_gz/models/robotx_light_buoy_ybr
[1.105s] -- Up-to-date: /home/syauqibilfaqih/vrx_ws/install/share/vrx_gz/models/robotx_light_buoy_ybr/model.sdf
[1.106s] -- Up-to-date: /home/syauqibilfaqih/vrx_ws/install/share/vrx_gz/models/robotx_light_buoy_ybr/model.config
[1.106s] -- Up-to-date: /home/syauqibilfaqih/vrx_ws/install/share/vrx_gz/models/dock_block_4x4
[1.106s] -- Up-to-date: /home/syauqibilfaqih/vrx_ws/install/share/vrx_gz/models/dock_block_4x4/mesh
[1.106s] -- Up-to-date: /home/syauqibilfaqih/vrx_ws/install/share/vrx_gz/models/dock_block_4x4/mesh/DockCubes_Metalness.png
[1.106s] -- Up-to-date: /home/syauqibilfaqih/vrx_ws/install/share/vrx_gz/models/dock_block_4x4/mesh/DockCubes_Albedo.png
[1.107s] -- Up-to-date: /home/syauqibilfaqih/vrx_ws/install/share/vrx_gz/models/dock_block_4x4/mesh/DockCubes_Normal.png
[1.107s] -- Up-to-date: /home/syauqibilfaqih/vrx_ws/install/share/vrx_gz/models/dock_block_4x4/mesh/dock_block_4x4.dae
[1.107s] -- Up-to-date: /home/syauqibilfaqih/vrx_ws/install/share/vrx_gz/models/dock_block_4x4/mesh/DockCubes_Roughness.png
[1.108s] -- Up-to-date: /home/syauqibilfaqih/vrx_ws/install/share/vrx_gz/models/dock_block_4x4/model.sdf
[1.108s] -- Up-to-date: /home/syauqibilfaqih/vrx_ws/install/share/vrx_gz/models/dock_block_4x4/model.config
[1.108s] -- Up-to-date: /home/syauqibilfaqih/vrx_ws/install/share/vrx_gz/models/coast_waves
[1.108s] -- Up-to-date: /home/syauqibilfaqih/vrx_ws/install/share/vrx_gz/models/coast_waves/materials
[1.109s] -- Up-to-date: /home/syauqibilfaqih/vrx_ws/install/share/vrx_gz/models/coast_waves/materials/textures
[1.109s] -- Up-to-date: /home/syauqibilfaqih/vrx_ws/install/share/vrx_gz/models/coast_waves/materials/textures/skybox_lowres.dds
[1.114s] -- Up-to-date: /home/syauqibilfaqih/vrx_ws/install/share/vrx_gz/models/coast_waves/materials/textures/wave_normals.dds
[1.115s] -- Up-to-date: /home/syauqibilfaqih/vrx_ws/install/share/vrx_gz/models/coast_waves/materials/programs
[1.115s] -- Up-to-date: /home/syauqibilfaqih/vrx_ws/install/share/vrx_gz/models/coast_waves/materials/programs/GerstnerWaves_fs_330.glsl
[1.116s] -- Up-to-date: /home/syauqibilfaqih/vrx_ws/install/share/vrx_gz/models/coast_waves/materials/programs/GerstnerWaves_vs_330.glsl
[1.116s] -- Up-to-date: /home/syauqibilfaqih/vrx_ws/install/share/vrx_gz/models/coast_waves/meshes
[1.116s] -- Up-to-date: /home/syauqibilfaqih/vrx_ws/install/share/vrx_gz/models/coast_waves/meshes/waterlow.dae
[1.117s] -- Up-to-date: /home/syauqibilfaqih/vrx_ws/install/share/vrx_gz/models/coast_waves/model.sdf
[1.117s] -- Up-to-date: /home/syauqibilfaqih/vrx_ws/install/share/vrx_gz/models/coast_waves/model.config
[1.118s] -- Up-to-date: /home/syauqibilfaqih/vrx_ws/install/share/vrx_gz/models/robotx_light_buoy_rgb
[1.118s] -- Up-to-date: /home/syauqibilfaqih/vrx_ws/install/share/vrx_gz/models/robotx_light_buoy_rgb/mesh
[1.118s] -- Up-to-date: /home/syauqibilfaqih/vrx_ws/install/share/vrx_gz/models/robotx_light_buoy_rgb/mesh/LightTower_Albedo.png
[1.118s] -- Up-to-date: /home/syauqibilfaqih/vrx_ws/install/share/vrx_gz/models/robotx_light_buoy_rgb/mesh/LightTower_Roughness.png
[1.119s] -- Up-to-date: /home/syauqibilfaqih/vrx_ws/install/share/vrx_gz/models/robotx_light_buoy_rgb/mesh/robotx_light_buoy.dae
[1.119s] -- Up-to-date: /home/syauqibilfaqih/vrx_ws/install/share/vrx_gz/models/robotx_light_buoy_rgb/mesh/LightTower_Metalness.png
[1.119s] -- Up-to-date: /home/syauqibilfaqih/vrx_ws/install/share/vrx_gz/models/robotx_light_buoy_rgb/mesh/LightTower_Normal.png
[1.119s] -- Up-to-date: /home/syauqibilfaqih/vrx_ws/install/share/vrx_gz/models/robotx_light_buoy_rgb/mesh/LightTower_Opacity.png
[1.120s] -- Up-to-date: /home/syauqibilfaqih/vrx_ws/install/share/vrx_gz/models/robotx_light_buoy_rgb/model.sdf
[1.123s] -- Up-to-date: /home/syauqibilfaqih/vrx_ws/install/share/vrx_gz/models/robotx_light_buoy_rgb/model.config
[1.123s] -- Up-to-date: /home/syauqibilfaqih/vrx_ws/install/share/vrx_gz/models/symbol_triangle
[1.124s] -- Up-to-date: /home/syauqibilfaqih/vrx_ws/install/share/vrx_gz/models/symbol_triangle/mesh
[1.124s] -- Up-to-date: /home/syauqibilfaqih/vrx_ws/install/share/vrx_gz/models/symbol_triangle/mesh/triangle.dae
[1.124s] -- Up-to-date: /home/syauqibilfaqih/vrx_ws/install/share/vrx_gz/models/symbol_triangle/model.sdf
[1.124s] -- Up-to-date: /home/syauqibilfaqih/vrx_ws/install/share/vrx_gz/models/symbol_triangle/model.config
[1.125s] -- Up-to-date: /home/syauqibilfaqih/vrx_ws/install/share/vrx_gz/models/entrance_exit
[1.125s] -- Up-to-date: /home/syauqibilfaqih/vrx_ws/install/share/vrx_gz/models/entrance_exit/model.sdf
[1.125s] -- Up-to-date: /home/syauqibilfaqih/vrx_ws/install/share/vrx_gz/models/entrance_exit/model.config
[1.125s] -- Up-to-date: /home/syauqibilfaqih/vrx_ws/install/share/vrx_gz/worlds
[1.125s] -- Up-to-date: /home/syauqibilfaqih/vrx_ws/install/share/vrx_gz/worlds/acoustic_perception_task.sdf
[1.126s] -- Up-to-date: /home/syauqibilfaqih/vrx_ws/install/share/vrx_gz/worlds/nbpark.sdf
[1.126s] -- Up-to-date: /home/syauqibilfaqih/vrx_ws/install/share/vrx_gz/worlds/scan_dock_deliver_task.sdf
[1.128s] -- Up-to-date: /home/syauqibilfaqih/vrx_ws/install/share/vrx_gz/worlds/acoustic_tracking_task.sdf
[1.128s] -- Up-to-date: /home/syauqibilfaqih/vrx_ws/install/share/vrx_gz/worlds/2023_practice
[1.128s] -- Up-to-date: /home/syauqibilfaqih/vrx_ws/install/share/vrx_gz/worlds/2023_practice/practice_2023_acoustic_perception0_task.sdf
[1.128s] -- Up-to-date: /home/syauqibilfaqih/vrx_ws/install/share/vrx_gz/worlds/2023_practice/practice_2023_perception2_task.sdf
[1.129s] -- Up-to-date: /home/syauqibilfaqih/vrx_ws/install/share/vrx_gz/worlds/2023_practice/practice_2023_acoustic_tracking0_task.sdf
[1.129s] -- Up-to-date: /home/syauqibilfaqih/vrx_ws/install/share/vrx_gz/worlds/2023_practice/practice_2023_stationkeeping1_task.sdf
[1.129s] -- Up-to-date: /home/syauqibilfaqih/vrx_ws/install/share/vrx_gz/worlds/2023_practice/practice_2023_follow_path0_task.sdf
[1.129s] -- Up-to-date: /home/syauqibilfaqih/vrx_ws/install/share/vrx_gz/worlds/2023_practice/practice_2023_acoustic_tracking2_task.sdf
[1.129s] -- Up-to-date: /home/syauqibilfaqih/vrx_ws/install/share/vrx_gz/worlds/2023_practice/practice_2023_stationkeeping0_task.sdf
[1.130s] -- Up-to-date: /home/syauqibilfaqih/vrx_ws/install/share/vrx_gz/worlds/2023_practice/practice_2023_perception0_task.sdf
[1.130s] -- Up-to-date: /home/syauqibilfaqih/vrx_ws/install/share/vrx_gz/worlds/2023_practice/practice_2023_perception1_task.sdf
[1.133s] -- Up-to-date: /home/syauqibilfaqih/vrx_ws/install/share/vrx_gz/worlds/2023_practice/practice_2023_acoustic_perception1_task.sdf
[1.133s] -- Up-to-date: /home/syauqibilfaqih/vrx_ws/install/share/vrx_gz/worlds/2023_practice/practice_2023_follow_path1_task.sdf
[1.133s] -- Up-to-date: /home/syauqibilfaqih/vrx_ws/install/share/vrx_gz/worlds/2023_practice/practice_2023_wayfinding1_task.sdf
[1.134s] -- Up-to-date: /home/syauqibilfaqih/vrx_ws/install/share/vrx_gz/worlds/2023_practice/practice_2023_wayfinding0_task.sdf
[1.134s] -- Up-to-date: /home/syauqibilfaqih/vrx_ws/install/share/vrx_gz/worlds/2023_practice/practice_2023_follow_path2_task.sdf
[1.134s] -- Up-to-date: /home/syauqibilfaqih/vrx_ws/install/share/vrx_gz/worlds/2023_practice/practice_2023_wayfinding2_task.sdf
[1.135s] -- Up-to-date: /home/syauqibilfaqih/vrx_ws/install/share/vrx_gz/worlds/2023_practice/practice_2023_acoustic_perception2_task.sdf
[1.135s] -- Up-to-date: /home/syauqibilfaqih/vrx_ws/install/share/vrx_gz/worlds/2023_practice/practice_2023_wildlife1_task.sdf
[1.135s] -- Up-to-date: /home/syauqibilfaqih/vrx_ws/install/share/vrx_gz/worlds/2023_practice/practice_2023_scan_dock_deliver1_task.sdf
[1.135s] -- Up-to-date: /home/syauqibilfaqih/vrx_ws/install/share/vrx_gz/worlds/2023_practice/practice_2023_stationkeeping2_task.sdf
[1.136s] -- Up-to-date: /home/syauqibilfaqih/vrx_ws/install/share/vrx_gz/worlds/2023_practice/practice_2023_scan_dock_deliver2_task.sdf
[1.136s] -- Up-to-date: /home/syauqibilfaqih/vrx_ws/install/share/vrx_gz/worlds/2023_practice/practice_2023_wildlife2_task.sdf
[1.136s] -- Up-to-date: /home/syauqibilfaqih/vrx_ws/install/share/vrx_gz/worlds/2023_practice/practice_2023_wildlife0_task.sdf
[1.136s] -- Up-to-date: /home/syauqibilfaqih/vrx_ws/install/share/vrx_gz/worlds/2023_practice/practice_2023_scan_dock_deliver0_task.sdf
[1.136s] -- Up-to-date: /home/syauqibilfaqih/vrx_ws/install/share/vrx_gz/worlds/2023_practice/practice_2023_acoustic_tracking1_task.sdf
[1.136s] -- Up-to-date: /home/syauqibilfaqih/vrx_ws/install/share/vrx_gz/worlds/follow_path_task.sdf
[1.136s] -- Up-to-date: /home/syauqibilfaqih/vrx_ws/install/share/vrx_gz/worlds/navigation_task.sdf
[1.136s] -- Up-to-date: /home/syauqibilfaqih/vrx_ws/install/share/vrx_gz/worlds/wildlife_task.sdf
[1.136s] -- Up-to-date: /home/syauqibilfaqih/vrx_ws/install/share/vrx_gz/worlds/wayfinding_task.sdf
[1.136s] -- Up-to-date: /home/syauqibilfaqih/vrx_ws/install/share/vrx_gz/worlds/perception_task.sdf
[1.136s] -- Up-to-date: /home/syauqibilfaqih/vrx_ws/install/share/vrx_gz/worlds/stationkeeping_task.sdf
[1.136s] -- Up-to-date: /home/syauqibilfaqih/vrx_ws/install/share/vrx_gz/worlds/sydney_regatta.sdf
[1.136s] -- Up-to-date: /home/syauqibilfaqih/vrx_ws/install/share/vrx_gz/worlds/gymkhana_task.sdf
[1.137s] -- Up-to-date: /home/syauqibilfaqih/vrx_ws/install/share/ament_index/resource_index/package_run_dependencies/vrx_gz
[1.137s] -- Up-to-date: /home/syauqibilfaqih/vrx_ws/install/share/ament_index/resource_index/parent_prefix_path/vrx_gz
[1.137s] -- Up-to-date: /home/syauqibilfaqih/vrx_ws/install/share/vrx_gz/environment/ament_prefix_path.sh
[1.137s] -- Up-to-date: /home/syauqibilfaqih/vrx_ws/install/share/vrx_gz/environment/ament_prefix_path.dsv
[1.137s] -- Up-to-date: /home/syauqibilfaqih/vrx_ws/install/share/vrx_gz/environment/path.sh
[1.138s] -- Up-to-date: /home/syauqibilfaqih/vrx_ws/install/share/vrx_gz/environment/path.dsv
[1.138s] -- Up-to-date: /home/syauqibilfaqih/vrx_ws/install/share/vrx_gz/local_setup.bash
[1.138s] -- Up-to-date: /home/syauqibilfaqih/vrx_ws/install/share/vrx_gz/local_setup.sh
[1.138s] -- Up-to-date: /home/syauqibilfaqih/vrx_ws/install/share/vrx_gz/local_setup.zsh
[1.139s] -- Up-to-date: /home/syauqibilfaqih/vrx_ws/install/share/vrx_gz/local_setup.dsv
[1.139s] -- Installing: /home/syauqibilfaqih/vrx_ws/install/share/vrx_gz/package.dsv
[1.140s] -- Up-to-date: /home/syauqibilfaqih/vrx_ws/install/share/ament_index/resource_index/packages/vrx_gz
[1.140s] -- Up-to-date: /home/syauqibilfaqih/vrx_ws/install/share/vrx_gz/cmake/vrx_gzConfig.cmake
[1.140s] -- Up-to-date: /home/syauqibilfaqih/vrx_ws/install/share/vrx_gz/cmake/vrx_gzConfig-version.cmake
[1.140s] -- Up-to-date: /home/syauqibilfaqih/vrx_ws/install/share/vrx_gz/package.xml
[1.141s] Invoked command in '/home/syauqibilfaqih/vrx_ws/build/vrx_gz' returned '0': CMAKE_PREFIX_PATH=${CMAKE_PREFIX_PATH}:/opt/ros/humble /home/syauqibilfaqih/bin/cmake --install /home/syauqibilfaqih/vrx_ws/build/vrx_gz
