[5.999s] Invoking command in '/home/syauqibilfaqih/penship_ws/src/penship_vrx': PYTHONPATH=/home/syauqibilfaqih/penship_ws/src/build/penship_vrx/prefix_override:/home/syauqibilfaqih/penship_ws/src/install/penship_vrx/lib/python3.10/site-packages:${PYTHONPATH} /usr/bin/python3 setup.py egg_info --egg-base ../build/penship_vrx build --build-base /home/syauqibilfaqih/penship_ws/src/build/penship_vrx/build install --record /home/syauqibilfaqih/penship_ws/src/build/penship_vrx/install.log --single-version-externally-managed
[8.552s] running egg_info
[8.557s] writing ../build/penship_vrx/penship_vrx.egg-info/PKG-INFO
[8.559s] writing dependency_links to ../build/penship_vrx/penship_vrx.egg-info/dependency_links.txt
[8.561s] writing entry points to ../build/penship_vrx/penship_vrx.egg-info/entry_points.txt
[8.561s] writing requirements to ../build/penship_vrx/penship_vrx.egg-info/requires.txt
[8.561s] writing top-level names to ../build/penship_vrx/penship_vrx.egg-info/top_level.txt
[8.571s] reading manifest file '../build/penship_vrx/penship_vrx.egg-info/SOURCES.txt'
[8.588s] writing manifest file '../build/penship_vrx/penship_vrx.egg-info/SOURCES.txt'
[8.589s] running build
[8.593s] running build_py
[8.594s] copying penship_vrx/penship_stationkeeping.py -> /home/syauqibilfaqih/penship_ws/src/build/penship_vrx/build/lib/penship_vrx
[8.594s] /usr/lib/python3/dist-packages/setuptools/command/install.py:34: SetuptoolsDeprecationWarning: setup.py install is deprecated. Use build and pip and other standards-based tools.
[8.594s]   warnings.warn(
[8.594s] running install
[8.595s] running install_lib
[8.598s] copying /home/syauqibilfaqih/penship_ws/src/build/penship_vrx/build/lib/penship_vrx/penship_stationkeeping.py -> /home/syauqibilfaqih/penship_ws/src/install/penship_vrx/lib/python3.10/site-packages/penship_vrx
[8.609s] byte-compiling /home/syauqibilfaqih/penship_ws/src/install/penship_vrx/lib/python3.10/site-packages/penship_vrx/penship_stationkeeping.py to penship_stationkeeping.cpython-310.pyc
[8.624s] running install_data
[8.626s] running install_egg_info
[8.629s] removing '/home/syauqibilfaqih/penship_ws/src/install/penship_vrx/lib/python3.10/site-packages/penship_vrx-0.0.0-py3.10.egg-info' (and everything under it)
[8.629s] Copying ../build/penship_vrx/penship_vrx.egg-info to /home/syauqibilfaqih/penship_ws/src/install/penship_vrx/lib/python3.10/site-packages/penship_vrx-0.0.0-py3.10.egg-info
[8.631s] running install_scripts
[8.816s] Installing stationkeeping script to /home/syauqibilfaqih/penship_ws/src/install/penship_vrx/lib/penship_vrx
[8.817s] writing list of installed files to '/home/syauqibilfaqih/penship_ws/src/build/penship_vrx/install.log'
[9.059s] Invoked command in '/home/syauqibilfaqih/penship_ws/src/penship_vrx' returned '0': PYTHONPATH=/home/syauqibilfaqih/penship_ws/src/build/penship_vrx/prefix_override:/home/syauqibilfaqih/penship_ws/src/install/penship_vrx/lib/python3.10/site-packages:${PYTHONPATH} /usr/bin/python3 setup.py egg_info --egg-base ../build/penship_vrx build --build-base /home/syauqibilfaqih/penship_ws/src/build/penship_vrx/build install --record /home/syauqibilfaqih/penship_ws/src/build/penship_vrx/install.log --single-version-externally-managed
