[0.924s] DEBUG:colcon:Command line arguments: ['/usr/bin/colcon', 'build']
[0.925s] DEBUG:colcon:Parsed command line arguments: Namespace(log_base=None, log_level=None, verb_name='build', build_base='build', install_base='install', merge_install=False, symlink_install=False, test_result_base=None, continue_on_error=False, executor='parallel', parallel_workers=4, event_handlers=None, ignore_user_meta=False, metas=['./colcon.meta'], base_paths=['.'], packages_ignore=None, packages_ignore_regex=None, paths=None, packages_up_to=None, packages_up_to_regex=None, packages_above=None, packages_above_and_dependencies=None, packages_above_depth=None, packages_select_by_dep=None, packages_skip_by_dep=None, packages_skip_up_to=None, packages_select_build_failed=False, packages_skip_build_finished=False, packages_select_test_failures=False, packages_skip_test_passed=False, packages_select=None, packages_skip=None, packages_select_regex=None, packages_skip_regex=None, packages_start=None, packages_end=None, allow_overriding=[], cmake_args=None, cmake_target=None, cmake_target_skip_unavailable=False, cmake_clean_cache=False, cmake_clean_first=False, cmake_force_configure=False, ament_cmake_args=None, catkin_cmake_args=None, catkin_skip_building_tests=False, verb_parser=<colcon_defaults.argument_parser.defaults.DefaultArgumentsDecorator object at 0x7fab8332e050>, verb_extension=<colcon_core.verb.build.BuildVerb object at 0x7fab8366b670>, main=<bound method BuildVerb.main of <colcon_core.verb.build.BuildVerb object at 0x7fab8366b670>>)
[0.987s] Level 1:colcon.colcon_core.package_discovery:discover_packages(colcon_meta) check parameters
[0.987s] Level 1:colcon.colcon_core.package_discovery:discover_packages(recursive) check parameters
[0.988s] Level 1:colcon.colcon_core.package_discovery:discover_packages(ignore) check parameters
[0.988s] Level 1:colcon.colcon_core.package_discovery:discover_packages(path) check parameters
[0.988s] Level 1:colcon.colcon_core.package_discovery:discover_packages(colcon_meta) discover
[0.988s] Level 1:colcon.colcon_core.package_discovery:discover_packages(recursive) discover
[0.988s] INFO:colcon.colcon_core.package_discovery:Crawling recursively for packages in '/home/syauqibilfaqih/penship_ws/src'
[0.988s] Level 1:colcon.colcon_core.package_identification:_identify(.) by extensions ['ignore', 'ignore_ament_install']
[0.988s] Level 1:colcon.colcon_core.package_identification:_identify(.) by extension 'ignore'
[0.988s] Level 1:colcon.colcon_core.package_identification:_identify(.) by extension 'ignore_ament_install'
[0.988s] Level 1:colcon.colcon_core.package_identification:_identify(.) by extensions ['colcon_pkg']
[0.988s] Level 1:colcon.colcon_core.package_identification:_identify(.) by extension 'colcon_pkg'
[0.988s] Level 1:colcon.colcon_core.package_identification:_identify(.) by extensions ['colcon_meta']
[0.988s] Level 1:colcon.colcon_core.package_identification:_identify(.) by extension 'colcon_meta'
[0.989s] Level 1:colcon.colcon_core.package_identification:_identify(.) by extensions ['ros']
[0.989s] Level 1:colcon.colcon_core.package_identification:_identify(.) by extension 'ros'
[1.013s] Level 1:colcon.colcon_core.package_identification:_identify(.) by extensions ['cmake', 'python']
[1.014s] Level 1:colcon.colcon_core.package_identification:_identify(.) by extension 'cmake'
[1.014s] Level 1:colcon.colcon_core.package_identification:_identify(.) by extension 'python'
[1.014s] Level 1:colcon.colcon_core.package_identification:_identify(.) by extensions ['python_setup_py']
[1.014s] Level 1:colcon.colcon_core.package_identification:_identify(.) by extension 'python_setup_py'
[1.015s] Level 1:colcon.colcon_core.package_identification:_identify(build) by extensions ['ignore', 'ignore_ament_install']
[1.015s] Level 1:colcon.colcon_core.package_identification:_identify(build) by extension 'ignore'
[1.015s] Level 1:colcon.colcon_core.package_identification:_identify(build) ignored
[1.015s] Level 1:colcon.colcon_core.package_identification:_identify(install) by extensions ['ignore', 'ignore_ament_install']
[1.016s] Level 1:colcon.colcon_core.package_identification:_identify(install) by extension 'ignore'
[1.016s] Level 1:colcon.colcon_core.package_identification:_identify(install) ignored
[1.016s] Level 1:colcon.colcon_core.package_identification:_identify(log) by extensions ['ignore', 'ignore_ament_install']
[1.016s] Level 1:colcon.colcon_core.package_identification:_identify(log) by extension 'ignore'
[1.017s] Level 1:colcon.colcon_core.package_identification:_identify(log) ignored
[1.017s] Level 1:colcon.colcon_core.package_identification:_identify(penship_vrx) by extensions ['ignore', 'ignore_ament_install']
[1.017s] Level 1:colcon.colcon_core.package_identification:_identify(penship_vrx) by extension 'ignore'
[1.017s] Level 1:colcon.colcon_core.package_identification:_identify(penship_vrx) by extension 'ignore_ament_install'
[1.017s] Level 1:colcon.colcon_core.package_identification:_identify(penship_vrx) by extensions ['colcon_pkg']
[1.017s] Level 1:colcon.colcon_core.package_identification:_identify(penship_vrx) by extension 'colcon_pkg'
[1.018s] Level 1:colcon.colcon_core.package_identification:_identify(penship_vrx) by extensions ['colcon_meta']
[1.018s] Level 1:colcon.colcon_core.package_identification:_identify(penship_vrx) by extension 'colcon_meta'
[1.018s] Level 1:colcon.colcon_core.package_identification:_identify(penship_vrx) by extensions ['ros']
[1.018s] Level 1:colcon.colcon_core.package_identification:_identify(penship_vrx) by extension 'ros'
[1.023s] DEBUG:colcon.colcon_core.package_identification:Package 'penship_vrx' with type 'ros.ament_python' and name 'penship_vrx'
[1.023s] Level 1:colcon.colcon_core.package_discovery:discover_packages(recursive) using defaults
[1.023s] Level 1:colcon.colcon_core.package_discovery:discover_packages(ignore) discover
[1.023s] Level 1:colcon.colcon_core.package_discovery:discover_packages(ignore) using defaults
[1.023s] Level 1:colcon.colcon_core.package_discovery:discover_packages(path) discover
[1.023s] Level 1:colcon.colcon_core.package_discovery:discover_packages(path) using defaults
[1.105s] Level 1:colcon.colcon_core.package_discovery:discover_packages(prefix_path) check parameters
[1.105s] Level 1:colcon.colcon_core.package_discovery:discover_packages(prefix_path) discover
[1.113s] DEBUG:colcon.colcon_installed_package_information.package_discovery:Found 1 installed packages in /home/syauqibilfaqih/penship_ws/src/install
[1.119s] DEBUG:colcon.colcon_installed_package_information.package_discovery:Found 288 installed packages in /opt/ros/humble
[1.122s] Level 1:colcon.colcon_core.package_discovery:discover_packages(prefix_path) using defaults
[1.284s] Level 5:colcon.colcon_core.verb:set package 'penship_vrx' build argument 'cmake_args' from command line to 'None'
[1.285s] Level 5:colcon.colcon_core.verb:set package 'penship_vrx' build argument 'cmake_target' from command line to 'None'
[1.285s] Level 5:colcon.colcon_core.verb:set package 'penship_vrx' build argument 'cmake_target_skip_unavailable' from command line to 'False'
[1.285s] Level 5:colcon.colcon_core.verb:set package 'penship_vrx' build argument 'cmake_clean_cache' from command line to 'False'
[1.285s] Level 5:colcon.colcon_core.verb:set package 'penship_vrx' build argument 'cmake_clean_first' from command line to 'False'
[1.285s] Level 5:colcon.colcon_core.verb:set package 'penship_vrx' build argument 'cmake_force_configure' from command line to 'False'
[1.285s] Level 5:colcon.colcon_core.verb:set package 'penship_vrx' build argument 'ament_cmake_args' from command line to 'None'
[1.285s] Level 5:colcon.colcon_core.verb:set package 'penship_vrx' build argument 'catkin_cmake_args' from command line to 'None'
[1.285s] Level 5:colcon.colcon_core.verb:set package 'penship_vrx' build argument 'catkin_skip_building_tests' from command line to 'False'
[1.285s] DEBUG:colcon.colcon_core.verb:Building package 'penship_vrx' with the following arguments: {'ament_cmake_args': None, 'build_base': '/home/syauqibilfaqih/penship_ws/src/build/penship_vrx', 'catkin_cmake_args': None, 'catkin_skip_building_tests': False, 'cmake_args': None, 'cmake_clean_cache': False, 'cmake_clean_first': False, 'cmake_force_configure': False, 'cmake_target': None, 'cmake_target_skip_unavailable': False, 'install_base': '/home/syauqibilfaqih/penship_ws/src/install/penship_vrx', 'merge_install': False, 'path': '/home/syauqibilfaqih/penship_ws/src/penship_vrx', 'symlink_install': False, 'test_result_base': None}
[1.287s] INFO:colcon.colcon_core.executor:Executing jobs using 'parallel' executor
[1.297s] DEBUG:colcon.colcon_parallel_executor.executor.parallel:run_until_complete
[1.297s] INFO:colcon.colcon_ros.task.ament_python.build:Building ROS package in '/home/syauqibilfaqih/penship_ws/src/penship_vrx' with build type 'ament_python'
[1.298s] Level 1:colcon.colcon_core.shell:create_environment_hook('penship_vrx', 'ament_prefix_path')
[1.315s] INFO:colcon.colcon_core.plugin_system:Skipping extension 'colcon_core.shell.bat': Not used on non-Windows systems
[1.315s] INFO:colcon.colcon_core.shell:Creating environment hook '/home/syauqibilfaqih/penship_ws/src/install/penship_vrx/share/penship_vrx/hook/ament_prefix_path.ps1'
[1.318s] INFO:colcon.colcon_core.shell:Creating environment descriptor '/home/syauqibilfaqih/penship_ws/src/install/penship_vrx/share/penship_vrx/hook/ament_prefix_path.dsv'
[1.319s] INFO:colcon.colcon_core.shell:Creating environment hook '/home/syauqibilfaqih/penship_ws/src/install/penship_vrx/share/penship_vrx/hook/ament_prefix_path.sh'
[1.325s] INFO:colcon.colcon_core.shell:Skip shell extension 'powershell' for command environment: Not usable outside of PowerShell
[1.325s] DEBUG:colcon.colcon_core.shell:Skip shell extension 'dsv' for command environment
[2.013s] INFO:colcon.colcon_core.task.python.build:Building Python package in '/home/syauqibilfaqih/penship_ws/src/penship_vrx'
[2.017s] INFO:colcon.colcon_core.shell:Skip shell extension 'powershell' for command environment: Not usable outside of PowerShell
[2.018s] DEBUG:colcon.colcon_core.shell:Skip shell extension 'dsv' for command environment
[3.275s] DEBUG:colcon.colcon_core.event_handler.log_command:Invoking command in '/home/syauqibilfaqih/penship_ws/src/penship_vrx': PYTHONPATH=/home/syauqibilfaqih/penship_ws/src/build/penship_vrx/prefix_override:/home/syauqibilfaqih/penship_ws/src/install/penship_vrx/lib/python3.10/site-packages:${PYTHONPATH} /usr/bin/python3 setup.py egg_info --egg-base ../build/penship_vrx build --build-base /home/syauqibilfaqih/penship_ws/src/build/penship_vrx/build install --record /home/syauqibilfaqih/penship_ws/src/build/penship_vrx/install.log --single-version-externally-managed
[5.801s] DEBUG:colcon.colcon_core.event_handler.log_command:Invoked command in '/home/syauqibilfaqih/penship_ws/src/penship_vrx' returned '0': PYTHONPATH=/home/syauqibilfaqih/penship_ws/src/build/penship_vrx/prefix_override:/home/syauqibilfaqih/penship_ws/src/install/penship_vrx/lib/python3.10/site-packages:${PYTHONPATH} /usr/bin/python3 setup.py egg_info --egg-base ../build/penship_vrx build --build-base /home/syauqibilfaqih/penship_ws/src/build/penship_vrx/build install --record /home/syauqibilfaqih/penship_ws/src/build/penship_vrx/install.log --single-version-externally-managed
[5.904s] Level 1:colcon.colcon_core.environment:checking '/home/syauqibilfaqih/penship_ws/src/install/penship_vrx' for CMake module files
[5.914s] Level 1:colcon.colcon_core.environment:checking '/home/syauqibilfaqih/penship_ws/src/install/penship_vrx' for CMake config files
[5.926s] Level 1:colcon.colcon_core.environment:checking '/home/syauqibilfaqih/penship_ws/src/install/penship_vrx/lib'
[5.927s] Level 1:colcon.colcon_core.environment:checking '/home/syauqibilfaqih/penship_ws/src/install/penship_vrx/bin'
[5.927s] Level 1:colcon.colcon_core.environment:checking '/home/syauqibilfaqih/penship_ws/src/install/penship_vrx/lib/pkgconfig/penship_vrx.pc'
[5.930s] Level 1:colcon.colcon_core.environment:checking '/home/syauqibilfaqih/penship_ws/src/install/penship_vrx/lib/python3.10/site-packages'
[5.932s] Level 1:colcon.colcon_core.shell:create_environment_hook('penship_vrx', 'pythonpath')
[5.954s] INFO:colcon.colcon_core.shell:Creating environment hook '/home/syauqibilfaqih/penship_ws/src/install/penship_vrx/share/penship_vrx/hook/pythonpath.ps1'
[5.959s] INFO:colcon.colcon_core.shell:Creating environment descriptor '/home/syauqibilfaqih/penship_ws/src/install/penship_vrx/share/penship_vrx/hook/pythonpath.dsv'
[5.961s] INFO:colcon.colcon_core.shell:Creating environment hook '/home/syauqibilfaqih/penship_ws/src/install/penship_vrx/share/penship_vrx/hook/pythonpath.sh'
[5.964s] Level 1:colcon.colcon_core.environment:checking '/home/syauqibilfaqih/penship_ws/src/install/penship_vrx/bin'
[5.964s] Level 1:colcon.colcon_core.environment:create_environment_scripts_only(penship_vrx)
[5.978s] INFO:colcon.colcon_core.shell:Creating package script '/home/syauqibilfaqih/penship_ws/src/install/penship_vrx/share/penship_vrx/package.ps1'
[5.992s] INFO:colcon.colcon_core.shell:Creating package descriptor '/home/syauqibilfaqih/penship_ws/src/install/penship_vrx/share/penship_vrx/package.dsv'
[6.003s] INFO:colcon.colcon_core.shell:Creating package script '/home/syauqibilfaqih/penship_ws/src/install/penship_vrx/share/penship_vrx/package.sh'
[6.017s] INFO:colcon.colcon_core.shell:Creating package script '/home/syauqibilfaqih/penship_ws/src/install/penship_vrx/share/penship_vrx/package.bash'
[6.037s] INFO:colcon.colcon_core.shell:Creating package script '/home/syauqibilfaqih/penship_ws/src/install/penship_vrx/share/penship_vrx/package.zsh'
[6.043s] Level 1:colcon.colcon_core.environment:create_file_with_runtime_dependencies(/home/syauqibilfaqih/penship_ws/src/install/penship_vrx/share/colcon-core/packages/penship_vrx)
[6.044s] DEBUG:colcon.colcon_parallel_executor.executor.parallel:closing loop
[6.046s] DEBUG:colcon.colcon_parallel_executor.executor.parallel:loop closed
[6.046s] DEBUG:colcon.colcon_parallel_executor.executor.parallel:run_until_complete finished with '0'
[6.046s] DEBUG:colcon.colcon_core.event_reactor:joining thread
[6.119s] INFO:colcon.colcon_core.plugin_system:Skipping extension 'colcon_notification.desktop_notification.terminal_notifier': Not used on non-Darwin systems
[6.119s] INFO:colcon.colcon_core.plugin_system:Skipping extension 'colcon_notification.desktop_notification.win32': Not used on non-Windows systems
[6.120s] INFO:colcon.colcon_notification.desktop_notification:Sending desktop notification using 'notify2'
[6.210s] DEBUG:colcon.colcon_core.event_reactor:joined thread
[6.228s] INFO:colcon.colcon_core.shell:Creating prefix script '/home/syauqibilfaqih/penship_ws/src/install/local_setup.ps1'
[6.234s] INFO:colcon.colcon_core.shell:Creating prefix util module '/home/syauqibilfaqih/penship_ws/src/install/_local_setup_util_ps1.py'
[6.253s] INFO:colcon.colcon_core.shell:Creating prefix chain script '/home/syauqibilfaqih/penship_ws/src/install/setup.ps1'
[6.278s] INFO:colcon.colcon_core.shell:Creating prefix script '/home/syauqibilfaqih/penship_ws/src/install/local_setup.sh'
[6.280s] INFO:colcon.colcon_core.shell:Creating prefix util module '/home/syauqibilfaqih/penship_ws/src/install/_local_setup_util_sh.py'
[6.283s] INFO:colcon.colcon_core.shell:Creating prefix chain script '/home/syauqibilfaqih/penship_ws/src/install/setup.sh'
[6.300s] INFO:colcon.colcon_core.shell:Creating prefix script '/home/syauqibilfaqih/penship_ws/src/install/local_setup.bash'
[6.307s] INFO:colcon.colcon_core.shell:Creating prefix chain script '/home/syauqibilfaqih/penship_ws/src/install/setup.bash'
[6.329s] INFO:colcon.colcon_core.shell:Creating prefix script '/home/syauqibilfaqih/penship_ws/src/install/local_setup.zsh'
[6.342s] INFO:colcon.colcon_core.shell:Creating prefix chain script '/home/syauqibilfaqih/penship_ws/src/install/setup.zsh'
