[5.403s] DEBUG:colcon:Command line arguments: ['/usr/bin/colcon', 'build']
[5.403s] DEBUG:colcon:Parsed command line arguments: Namespace(log_base=None, log_level=None, verb_name='build', build_base='build', install_base='install', merge_install=False, symlink_install=False, test_result_base=None, continue_on_error=False, executor='parallel', parallel_workers=4, event_handlers=None, ignore_user_meta=False, metas=['./colcon.meta'], base_paths=['.'], packages_ignore=None, packages_ignore_regex=None, paths=None, packages_up_to=None, packages_up_to_regex=None, packages_above=None, packages_above_and_dependencies=None, packages_above_depth=None, packages_select_by_dep=None, packages_skip_by_dep=None, packages_skip_up_to=None, packages_select_build_failed=False, packages_skip_build_finished=False, packages_select_test_failures=False, packages_skip_test_passed=False, packages_select=None, packages_skip=None, packages_select_regex=None, packages_skip_regex=None, packages_start=None, packages_end=None, allow_overriding=[], cmake_args=None, cmake_target=None, cmake_target_skip_unavailable=False, cmake_clean_cache=False, cmake_clean_first=False, cmake_force_configure=False, ament_cmake_args=None, catkin_cmake_args=None, catkin_skip_building_tests=False, verb_parser=<colcon_defaults.argument_parser.defaults.DefaultArgumentsDecorator object at 0x7f7e5c592080>, verb_extension=<colcon_core.verb.build.BuildVerb object at 0x7f7e5cb15ff0>, main=<bound method BuildVerb.main of <colcon_core.verb.build.BuildVerb object at 0x7f7e5cb15ff0>>)
[5.748s] Level 1:colcon.colcon_core.package_discovery:discover_packages(colcon_meta) check parameters
[5.752s] Level 1:colcon.colcon_core.package_discovery:discover_packages(recursive) check parameters
[5.754s] Level 1:colcon.colcon_core.package_discovery:discover_packages(ignore) check parameters
[5.755s] Level 1:colcon.colcon_core.package_discovery:discover_packages(path) check parameters
[5.755s] Level 1:colcon.colcon_core.package_discovery:discover_packages(colcon_meta) discover
[5.756s] Level 1:colcon.colcon_core.package_discovery:discover_packages(recursive) discover
[5.757s] INFO:colcon.colcon_core.package_discovery:Crawling recursively for packages in '/home/syauqibilfaqih/penship_ws'
[5.759s] Level 1:colcon.colcon_core.package_identification:_identify(.) by extensions ['ignore', 'ignore_ament_install']
[5.762s] Level 1:colcon.colcon_core.package_identification:_identify(.) by extension 'ignore'
[5.763s] Level 1:colcon.colcon_core.package_identification:_identify(.) by extension 'ignore_ament_install'
[5.770s] Level 1:colcon.colcon_core.package_identification:_identify(.) by extensions ['colcon_pkg']
[5.772s] Level 1:colcon.colcon_core.package_identification:_identify(.) by extension 'colcon_pkg'
[5.773s] Level 1:colcon.colcon_core.package_identification:_identify(.) by extensions ['colcon_meta']
[5.773s] Level 1:colcon.colcon_core.package_identification:_identify(.) by extension 'colcon_meta'
[5.774s] Level 1:colcon.colcon_core.package_identification:_identify(.) by extensions ['ros']
[5.774s] Level 1:colcon.colcon_core.package_identification:_identify(.) by extension 'ros'
[5.855s] Level 1:colcon.colcon_core.package_identification:_identify(.) by extensions ['cmake', 'python']
[5.855s] Level 1:colcon.colcon_core.package_identification:_identify(.) by extension 'cmake'
[5.856s] Level 1:colcon.colcon_core.package_identification:_identify(.) by extension 'python'
[5.856s] Level 1:colcon.colcon_core.package_identification:_identify(.) by extensions ['python_setup_py']
[5.856s] Level 1:colcon.colcon_core.package_identification:_identify(.) by extension 'python_setup_py'
[5.856s] Level 1:colcon.colcon_core.package_identification:_identify(build) by extensions ['ignore', 'ignore_ament_install']
[5.856s] Level 1:colcon.colcon_core.package_identification:_identify(build) by extension 'ignore'
[5.856s] Level 1:colcon.colcon_core.package_identification:_identify(build) ignored
[5.857s] Level 1:colcon.colcon_core.package_identification:_identify(install) by extensions ['ignore', 'ignore_ament_install']
[5.857s] Level 1:colcon.colcon_core.package_identification:_identify(install) by extension 'ignore'
[5.858s] Level 1:colcon.colcon_core.package_identification:_identify(install) ignored
[5.858s] Level 1:colcon.colcon_core.package_identification:_identify(log) by extensions ['ignore', 'ignore_ament_install']
[5.858s] Level 1:colcon.colcon_core.package_identification:_identify(log) by extension 'ignore'
[5.858s] Level 1:colcon.colcon_core.package_identification:_identify(log) ignored
[5.859s] Level 1:colcon.colcon_core.package_identification:_identify(src) by extensions ['ignore', 'ignore_ament_install']
[5.860s] Level 1:colcon.colcon_core.package_identification:_identify(src) by extension 'ignore'
[5.861s] Level 1:colcon.colcon_core.package_identification:_identify(src) by extension 'ignore_ament_install'
[5.862s] Level 1:colcon.colcon_core.package_identification:_identify(src) by extensions ['colcon_pkg']
[5.864s] Level 1:colcon.colcon_core.package_identification:_identify(src) by extension 'colcon_pkg'
[5.864s] Level 1:colcon.colcon_core.package_identification:_identify(src) by extensions ['colcon_meta']
[5.865s] Level 1:colcon.colcon_core.package_identification:_identify(src) by extension 'colcon_meta'
[5.866s] Level 1:colcon.colcon_core.package_identification:_identify(src) by extensions ['ros']
[5.867s] Level 1:colcon.colcon_core.package_identification:_identify(src) by extension 'ros'
[5.871s] Level 1:colcon.colcon_core.package_identification:_identify(src) by extensions ['cmake', 'python']
[5.871s] Level 1:colcon.colcon_core.package_identification:_identify(src) by extension 'cmake'
[5.872s] Level 1:colcon.colcon_core.package_identification:_identify(src) by extension 'python'
[5.873s] Level 1:colcon.colcon_core.package_identification:_identify(src) by extensions ['python_setup_py']
[5.873s] Level 1:colcon.colcon_core.package_identification:_identify(src) by extension 'python_setup_py'
[5.875s] Level 1:colcon.colcon_core.package_identification:_identify(src/penship_vrx) by extensions ['ignore', 'ignore_ament_install']
[5.877s] Level 1:colcon.colcon_core.package_identification:_identify(src/penship_vrx) by extension 'ignore'
[5.878s] Level 1:colcon.colcon_core.package_identification:_identify(src/penship_vrx) by extension 'ignore_ament_install'
[5.880s] Level 1:colcon.colcon_core.package_identification:_identify(src/penship_vrx) by extensions ['colcon_pkg']
[5.881s] Level 1:colcon.colcon_core.package_identification:_identify(src/penship_vrx) by extension 'colcon_pkg'
[5.881s] Level 1:colcon.colcon_core.package_identification:_identify(src/penship_vrx) by extensions ['colcon_meta']
[5.882s] Level 1:colcon.colcon_core.package_identification:_identify(src/penship_vrx) by extension 'colcon_meta'
[5.882s] Level 1:colcon.colcon_core.package_identification:_identify(src/penship_vrx) by extensions ['ros']
[5.883s] Level 1:colcon.colcon_core.package_identification:_identify(src/penship_vrx) by extension 'ros'
[5.913s] DEBUG:colcon.colcon_core.package_identification:Package 'src/penship_vrx' with type 'ros.ament_python' and name 'penship_vrx'
[5.914s] Level 1:colcon.colcon_core.package_discovery:discover_packages(recursive) using defaults
[5.914s] Level 1:colcon.colcon_core.package_discovery:discover_packages(ignore) discover
[5.915s] Level 1:colcon.colcon_core.package_discovery:discover_packages(ignore) using defaults
[5.915s] Level 1:colcon.colcon_core.package_discovery:discover_packages(path) discover
[5.915s] Level 1:colcon.colcon_core.package_discovery:discover_packages(path) using defaults
[6.219s] Level 1:colcon.colcon_core.package_discovery:discover_packages(prefix_path) check parameters
[6.221s] Level 1:colcon.colcon_core.package_discovery:discover_packages(prefix_path) discover
[6.307s] DEBUG:colcon.colcon_installed_package_information.package_discovery:Found 287 installed packages in /opt/ros/humble
[6.333s] Level 1:colcon.colcon_core.package_discovery:discover_packages(prefix_path) using defaults
[7.249s] Level 5:colcon.colcon_core.verb:set package 'penship_vrx' build argument 'cmake_args' from command line to 'None'
[7.249s] Level 5:colcon.colcon_core.verb:set package 'penship_vrx' build argument 'cmake_target' from command line to 'None'
[7.249s] Level 5:colcon.colcon_core.verb:set package 'penship_vrx' build argument 'cmake_target_skip_unavailable' from command line to 'False'
[7.249s] Level 5:colcon.colcon_core.verb:set package 'penship_vrx' build argument 'cmake_clean_cache' from command line to 'False'
[7.249s] Level 5:colcon.colcon_core.verb:set package 'penship_vrx' build argument 'cmake_clean_first' from command line to 'False'
[7.249s] Level 5:colcon.colcon_core.verb:set package 'penship_vrx' build argument 'cmake_force_configure' from command line to 'False'
[7.249s] Level 5:colcon.colcon_core.verb:set package 'penship_vrx' build argument 'ament_cmake_args' from command line to 'None'
[7.249s] Level 5:colcon.colcon_core.verb:set package 'penship_vrx' build argument 'catkin_cmake_args' from command line to 'None'
[7.249s] Level 5:colcon.colcon_core.verb:set package 'penship_vrx' build argument 'catkin_skip_building_tests' from command line to 'False'
[7.249s] DEBUG:colcon.colcon_core.verb:Building package 'penship_vrx' with the following arguments: {'ament_cmake_args': None, 'build_base': '/home/syauqibilfaqih/penship_ws/build/penship_vrx', 'catkin_cmake_args': None, 'catkin_skip_building_tests': False, 'cmake_args': None, 'cmake_clean_cache': False, 'cmake_clean_first': False, 'cmake_force_configure': False, 'cmake_target': None, 'cmake_target_skip_unavailable': False, 'install_base': '/home/syauqibilfaqih/penship_ws/install/penship_vrx', 'merge_install': False, 'path': '/home/syauqibilfaqih/penship_ws/src/penship_vrx', 'symlink_install': False, 'test_result_base': None}
[7.251s] INFO:colcon.colcon_core.executor:Executing jobs using 'parallel' executor
[7.277s] DEBUG:colcon.colcon_parallel_executor.executor.parallel:run_until_complete
[7.280s] INFO:colcon.colcon_ros.task.ament_python.build:Building ROS package in '/home/syauqibilfaqih/penship_ws/src/penship_vrx' with build type 'ament_python'
[7.282s] Level 1:colcon.colcon_core.shell:create_environment_hook('penship_vrx', 'ament_prefix_path')
[7.359s] INFO:colcon.colcon_core.plugin_system:Skipping extension 'colcon_core.shell.bat': Not used on non-Windows systems
[7.360s] INFO:colcon.colcon_core.shell:Creating environment hook '/home/syauqibilfaqih/penship_ws/install/penship_vrx/share/penship_vrx/hook/ament_prefix_path.ps1'
[7.367s] INFO:colcon.colcon_core.shell:Creating environment descriptor '/home/syauqibilfaqih/penship_ws/install/penship_vrx/share/penship_vrx/hook/ament_prefix_path.dsv'
[7.375s] INFO:colcon.colcon_core.shell:Creating environment hook '/home/syauqibilfaqih/penship_ws/install/penship_vrx/share/penship_vrx/hook/ament_prefix_path.sh'
[7.405s] INFO:colcon.colcon_core.shell:Skip shell extension 'powershell' for command environment: Not usable outside of PowerShell
[7.406s] DEBUG:colcon.colcon_core.shell:Skip shell extension 'dsv' for command environment
[10.125s] INFO:colcon.colcon_core.task.python.build:Building Python package in '/home/syauqibilfaqih/penship_ws/src/penship_vrx'
[10.139s] INFO:colcon.colcon_core.shell:Skip shell extension 'powershell' for command environment: Not usable outside of PowerShell
[10.139s] DEBUG:colcon.colcon_core.shell:Skip shell extension 'dsv' for command environment
[14.114s] DEBUG:colcon.colcon_core.event_handler.log_command:Invoking command in '/home/syauqibilfaqih/penship_ws/src/penship_vrx': PYTHONPATH=/home/syauqibilfaqih/penship_ws/build/penship_vrx/prefix_override:/home/syauqibilfaqih/penship_ws/install/penship_vrx/lib/python3.10/site-packages:${PYTHONPATH} /usr/bin/python3 setup.py egg_info --egg-base ../../build/penship_vrx build --build-base /home/syauqibilfaqih/penship_ws/build/penship_vrx/build install --record /home/syauqibilfaqih/penship_ws/build/penship_vrx/install.log --single-version-externally-managed
[17.248s] DEBUG:colcon.colcon_core.event_handler.log_command:Invoked command in '/home/syauqibilfaqih/penship_ws/src/penship_vrx' returned '0': PYTHONPATH=/home/syauqibilfaqih/penship_ws/build/penship_vrx/prefix_override:/home/syauqibilfaqih/penship_ws/install/penship_vrx/lib/python3.10/site-packages:${PYTHONPATH} /usr/bin/python3 setup.py egg_info --egg-base ../../build/penship_vrx build --build-base /home/syauqibilfaqih/penship_ws/build/penship_vrx/build install --record /home/syauqibilfaqih/penship_ws/build/penship_vrx/install.log --single-version-externally-managed
[17.339s] Level 1:colcon.colcon_core.environment:checking '/home/syauqibilfaqih/penship_ws/install/penship_vrx' for CMake module files
[17.346s] Level 1:colcon.colcon_core.environment:checking '/home/syauqibilfaqih/penship_ws/install/penship_vrx' for CMake config files
[17.356s] Level 1:colcon.colcon_core.environment:checking '/home/syauqibilfaqih/penship_ws/install/penship_vrx/lib'
[17.358s] Level 1:colcon.colcon_core.environment:checking '/home/syauqibilfaqih/penship_ws/install/penship_vrx/bin'
[17.359s] Level 1:colcon.colcon_core.environment:checking '/home/syauqibilfaqih/penship_ws/install/penship_vrx/lib/pkgconfig/penship_vrx.pc'
[17.360s] Level 1:colcon.colcon_core.environment:checking '/home/syauqibilfaqih/penship_ws/install/penship_vrx/lib/python3.10/site-packages'
[17.362s] Level 1:colcon.colcon_core.shell:create_environment_hook('penship_vrx', 'pythonpath')
[17.371s] INFO:colcon.colcon_core.shell:Creating environment hook '/home/syauqibilfaqih/penship_ws/install/penship_vrx/share/penship_vrx/hook/pythonpath.ps1'
[17.381s] INFO:colcon.colcon_core.shell:Creating environment descriptor '/home/syauqibilfaqih/penship_ws/install/penship_vrx/share/penship_vrx/hook/pythonpath.dsv'
[17.396s] INFO:colcon.colcon_core.shell:Creating environment hook '/home/syauqibilfaqih/penship_ws/install/penship_vrx/share/penship_vrx/hook/pythonpath.sh'
[17.436s] Level 1:colcon.colcon_core.environment:checking '/home/syauqibilfaqih/penship_ws/install/penship_vrx/bin'
[17.436s] Level 1:colcon.colcon_core.environment:create_environment_scripts_only(penship_vrx)
[17.447s] INFO:colcon.colcon_core.shell:Creating package script '/home/syauqibilfaqih/penship_ws/install/penship_vrx/share/penship_vrx/package.ps1'
[17.456s] INFO:colcon.colcon_core.shell:Creating package descriptor '/home/syauqibilfaqih/penship_ws/install/penship_vrx/share/penship_vrx/package.dsv'
[17.467s] INFO:colcon.colcon_core.shell:Creating package script '/home/syauqibilfaqih/penship_ws/install/penship_vrx/share/penship_vrx/package.sh'
[17.475s] INFO:colcon.colcon_core.shell:Creating package script '/home/syauqibilfaqih/penship_ws/install/penship_vrx/share/penship_vrx/package.bash'
[17.483s] INFO:colcon.colcon_core.shell:Creating package script '/home/syauqibilfaqih/penship_ws/install/penship_vrx/share/penship_vrx/package.zsh'
[17.495s] Level 1:colcon.colcon_core.environment:create_file_with_runtime_dependencies(/home/syauqibilfaqih/penship_ws/install/penship_vrx/share/colcon-core/packages/penship_vrx)
[17.500s] DEBUG:colcon.colcon_parallel_executor.executor.parallel:closing loop
[17.501s] DEBUG:colcon.colcon_parallel_executor.executor.parallel:loop closed
[17.501s] DEBUG:colcon.colcon_parallel_executor.executor.parallel:run_until_complete finished with '0'
[17.501s] DEBUG:colcon.colcon_core.event_reactor:joining thread
[17.584s] INFO:colcon.colcon_core.plugin_system:Skipping extension 'colcon_notification.desktop_notification.terminal_notifier': Not used on non-Darwin systems
[17.585s] INFO:colcon.colcon_core.plugin_system:Skipping extension 'colcon_notification.desktop_notification.win32': Not used on non-Windows systems
[17.586s] INFO:colcon.colcon_notification.desktop_notification:Sending desktop notification using 'notify2'
[17.795s] DEBUG:colcon.colcon_core.event_reactor:joined thread
[17.800s] INFO:colcon.colcon_core.shell:Creating prefix script '/home/syauqibilfaqih/penship_ws/install/local_setup.ps1'
[17.806s] INFO:colcon.colcon_core.shell:Creating prefix util module '/home/syauqibilfaqih/penship_ws/install/_local_setup_util_ps1.py'
[17.814s] INFO:colcon.colcon_core.shell:Creating prefix chain script '/home/syauqibilfaqih/penship_ws/install/setup.ps1'
[17.820s] INFO:colcon.colcon_core.shell:Creating prefix script '/home/syauqibilfaqih/penship_ws/install/local_setup.sh'
[17.823s] INFO:colcon.colcon_core.shell:Creating prefix util module '/home/syauqibilfaqih/penship_ws/install/_local_setup_util_sh.py'
[17.825s] INFO:colcon.colcon_core.shell:Creating prefix chain script '/home/syauqibilfaqih/penship_ws/install/setup.sh'
[17.830s] INFO:colcon.colcon_core.shell:Creating prefix script '/home/syauqibilfaqih/penship_ws/install/local_setup.bash'
[17.833s] INFO:colcon.colcon_core.shell:Creating prefix chain script '/home/syauqibilfaqih/penship_ws/install/setup.bash'
[17.838s] INFO:colcon.colcon_core.shell:Creating prefix script '/home/syauqibilfaqih/penship_ws/install/local_setup.zsh'
[17.844s] INFO:colcon.colcon_core.shell:Creating prefix chain script '/home/syauqibilfaqih/penship_ws/install/setup.zsh'
