[1.461s] Invoking command in '/home/syauqibilfaqih/penship_ws/src/penship_vrx': PYTHONPATH=/home/syauqibilfaqih/penship_ws/build/penship_vrx/prefix_override:/home/syauqibilfaqih/penship_ws/install/penship_vrx/lib/python3.10/site-packages:${PYTHONPATH} /usr/bin/python3 setup.py egg_info --egg-base ../../build/penship_vrx build --build-base /home/syauqibilfaqih/penship_ws/build/penship_vrx/build install --record /home/syauqibilfaqih/penship_ws/build/penship_vrx/install.log --single-version-externally-managed
[1.987s] running egg_info
[1.989s] writing ../../build/penship_vrx/penship_vrx.egg-info/PKG-INFO
[1.989s] writing dependency_links to ../../build/penship_vrx/penship_vrx.egg-info/dependency_links.txt
[1.989s] writing entry points to ../../build/penship_vrx/penship_vrx.egg-info/entry_points.txt
[1.990s] writing requirements to ../../build/penship_vrx/penship_vrx.egg-info/requires.txt
[1.990s] writing top-level names to ../../build/penship_vrx/penship_vrx.egg-info/top_level.txt
[1.994s] reading manifest file '../../build/penship_vrx/penship_vrx.egg-info/SOURCES.txt'
[1.996s] writing manifest file '../../build/penship_vrx/penship_vrx.egg-info/SOURCES.txt'
[1.996s] running build
[1.996s] running build_py
[1.996s] copying penship_vrx/penship_stationkeeping.py -> /home/syauqibilfaqih/penship_ws/build/penship_vrx/build/lib/penship_vrx
[1.997s] running install
[1.997s] /usr/lib/python3/dist-packages/setuptools/command/install.py:34: SetuptoolsDeprecationWarning: setup.py install is deprecated. Use build and pip and other standards-based tools.
[1.997s]   warnings.warn(
[1.997s] running install_lib
[1.998s] copying /home/syauqibilfaqih/penship_ws/build/penship_vrx/build/lib/penship_vrx/penship_stationkeeping.py -> /home/syauqibilfaqih/penship_ws/install/penship_vrx/lib/python3.10/site-packages/penship_vrx
[2.000s] byte-compiling /home/syauqibilfaqih/penship_ws/install/penship_vrx/lib/python3.10/site-packages/penship_vrx/penship_stationkeeping.py to penship_stationkeeping.cpython-310.pyc
[2.002s] running install_data
[2.003s] running install_egg_info
[2.005s] removing '/home/syauqibilfaqih/penship_ws/install/penship_vrx/lib/python3.10/site-packages/penship_vrx-0.0.0-py3.10.egg-info' (and everything under it)
[2.006s] Copying ../../build/penship_vrx/penship_vrx.egg-info to /home/syauqibilfaqih/penship_ws/install/penship_vrx/lib/python3.10/site-packages/penship_vrx-0.0.0-py3.10.egg-info
[2.007s] running install_scripts
[2.042s] Installing stationkeeping script to /home/syauqibilfaqih/penship_ws/install/penship_vrx/lib/penship_vrx
[2.045s] writing list of installed files to '/home/syauqibilfaqih/penship_ws/build/penship_vrx/install.log'
[2.118s] Invoked command in '/home/syauqibilfaqih/penship_ws/src/penship_vrx' returned '0': PYTHONPATH=/home/syauqibilfaqih/penship_ws/build/penship_vrx/prefix_override:/home/syauqibilfaqih/penship_ws/install/penship_vrx/lib/python3.10/site-packages:${PYTHONPATH} /usr/bin/python3 setup.py egg_info --egg-base ../../build/penship_vrx build --build-base /home/syauqibilfaqih/penship_ws/build/penship_vrx/build install --record /home/syauqibilfaqih/penship_ws/build/penship_vrx/install.log --single-version-externally-managed
