[0.010s] Invoking command in '/home/syauqibilfaqih/vrx_ws/build/wamv_description': AMENT_PREFIX_PATH=/home/syauqibilfaqih/vrx_ws/install:${AMENT_PREFIX_PATH} CMAKE_PREFIX_PATH=/home/syauqibilfaqih/vrx_ws/install:/opt/ros/humble GZ_SIM_RESOURCE_PATH=/home/syauqibilfaqih/vrx_ws/install/share/vrx_gazebo/models:/home/syauqibilfaqih/vrx_ws/install/share PYTHONPATH=/home/syauqibilfaqih/vrx_ws/install/local/lib/python3.10/dist-packages:${PYTHONPATH} /home/syauqibilfaqih/bin/cmake /home/syauqibilfaqih/vrx_ws/src/vrx/vrx_urdf/wamv_description -DCMAKE_INSTALL_PREFIX=/home/syauqibilfaqih/vrx_ws/install
[0.070s] -- The C compiler identification is GNU 11.4.0
[0.149s] -- The CXX compiler identification is GNU 11.4.0
[0.161s] -- Detecting C compiler ABI info
[0.226s] -- Detecting C compiler ABI info - done
[0.236s] -- Check for working C compiler: /usr/bin/cc - skipped
[0.237s] -- Detecting C compile features
[0.237s] -- Detecting C compile features - done
[0.241s] -- Detecting CXX compiler ABI info
[0.316s] -- Detecting CXX compiler ABI info - done
[0.330s] -- Check for working CXX compiler: /usr/bin/c++ - skipped
[0.330s] -- Detecting CXX compile features
[0.331s] -- Detecting CXX compile features - done
[0.334s] -- Found ament_cmake: 1.3.5 (/opt/ros/humble/share/ament_cmake/cmake)
[0.513s] -- Found Python3: /usr/bin/python3.10 (found version "3.10.12") found components: Interpreter 
[0.624s] -- Found xacro: 2.0.8 (/opt/ros/humble/share/xacro/cmake)
[0.625s] -- xacro: determining deps for: urdf/wamv_base.urdf.xacro ...
[0.840s] -- Configuring done
[0.845s] -- Generating done
[0.846s] -- Build files have been written to: /home/syauqibilfaqih/vrx_ws/build/wamv_description
[0.852s] Invoked command in '/home/syauqibilfaqih/vrx_ws/build/wamv_description' returned '0': AMENT_PREFIX_PATH=/home/syauqibilfaqih/vrx_ws/install:${AMENT_PREFIX_PATH} CMAKE_PREFIX_PATH=/home/syauqibilfaqih/vrx_ws/install:/opt/ros/humble GZ_SIM_RESOURCE_PATH=/home/syauqibilfaqih/vrx_ws/install/share/vrx_gazebo/models:/home/syauqibilfaqih/vrx_ws/install/share PYTHONPATH=/home/syauqibilfaqih/vrx_ws/install/local/lib/python3.10/dist-packages:${PYTHONPATH} /home/syauqibilfaqih/bin/cmake /home/syauqibilfaqih/vrx_ws/src/vrx/vrx_urdf/wamv_description -DCMAKE_INSTALL_PREFIX=/home/syauqibilfaqih/vrx_ws/install
[0.854s] Invoking command in '/home/syauqibilfaqih/vrx_ws/build/wamv_description': AMENT_PREFIX_PATH=/home/syauqibilfaqih/vrx_ws/install:${AMENT_PREFIX_PATH} CMAKE_PREFIX_PATH=/home/syauqibilfaqih/vrx_ws/install:/opt/ros/humble GZ_SIM_RESOURCE_PATH=/home/syauqibilfaqih/vrx_ws/install/share/vrx_gazebo/models:/home/syauqibilfaqih/vrx_ws/install/share PYTHONPATH=/home/syauqibilfaqih/vrx_ws/install/local/lib/python3.10/dist-packages:${PYTHONPATH} /home/syauqibilfaqih/bin/cmake --build /home/syauqibilfaqih/vrx_ws/build/wamv_description -- -j4 -l4
[0.869s] [35m[1mScanning dependencies of target wamv_description__xacro_auto_generate[0m
[0.873s] [100%] [34m[1mxacro: generating urdf/wamv_base.urdf from urdf/wamv_base.urdf.xacro[0m
[1.001s] [100%] Built target wamv_description__xacro_auto_generate
[1.005s] Invoked command in '/home/syauqibilfaqih/vrx_ws/build/wamv_description' returned '0': AMENT_PREFIX_PATH=/home/syauqibilfaqih/vrx_ws/install:${AMENT_PREFIX_PATH} CMAKE_PREFIX_PATH=/home/syauqibilfaqih/vrx_ws/install:/opt/ros/humble GZ_SIM_RESOURCE_PATH=/home/syauqibilfaqih/vrx_ws/install/share/vrx_gazebo/models:/home/syauqibilfaqih/vrx_ws/install/share PYTHONPATH=/home/syauqibilfaqih/vrx_ws/install/local/lib/python3.10/dist-packages:${PYTHONPATH} /home/syauqibilfaqih/bin/cmake --build /home/syauqibilfaqih/vrx_ws/build/wamv_description -- -j4 -l4
[1.024s] Invoking command in '/home/syauqibilfaqih/vrx_ws/build/wamv_description': AMENT_PREFIX_PATH=/home/syauqibilfaqih/vrx_ws/install:${AMENT_PREFIX_PATH} CMAKE_PREFIX_PATH=/home/syauqibilfaqih/vrx_ws/install:/opt/ros/humble GZ_SIM_RESOURCE_PATH=/home/syauqibilfaqih/vrx_ws/install/share/vrx_gazebo/models:/home/syauqibilfaqih/vrx_ws/install/share PYTHONPATH=/home/syauqibilfaqih/vrx_ws/install/local/lib/python3.10/dist-packages:${PYTHONPATH} /home/syauqibilfaqih/bin/cmake --install /home/syauqibilfaqih/vrx_ws/build/wamv_description
[1.026s] -- Install configuration: ""
[1.026s] -- Installing: /home/syauqibilfaqih/vrx_ws/install/share/wamv_description/environment/resource_paths.dsv
[1.027s] -- Installing: /home/syauqibilfaqih/vrx_ws/install/share/wamv_description/environment/resource_paths.sh
[1.027s] -- Installing: /home/syauqibilfaqih/vrx_ws/install/share/wamv_description/urdf/wamv_base.urdf
[1.027s] -- Installing: /home/syauqibilfaqih/vrx_ws/install/share/wamv_description/models
[1.027s] -- Installing: /home/syauqibilfaqih/vrx_ws/install/share/wamv_description/models/engine
[1.027s] -- Installing: /home/syauqibilfaqih/vrx_ws/install/share/wamv_description/models/engine/mesh
[1.027s] -- Installing: /home/syauqibilfaqih/vrx_ws/install/share/wamv_description/models/engine/mesh/engine.dae
[1.028s] -- Installing: /home/syauqibilfaqih/vrx_ws/install/share/wamv_description/models/engine/model.config
[1.028s] -- Installing: /home/syauqibilfaqih/vrx_ws/install/share/wamv_description/models/WAM-V-Base
[1.028s] -- Installing: /home/syauqibilfaqih/vrx_ws/install/share/wamv_description/models/WAM-V-Base/mesh
[1.028s] -- Installing: /home/syauqibilfaqih/vrx_ws/install/share/wamv_description/models/WAM-V-Base/mesh/WamV.png
[1.030s] -- Installing: /home/syauqibilfaqih/vrx_ws/install/share/wamv_description/models/WAM-V-Base/mesh/WAM-V_Normal.png
[1.037s] -- Installing: /home/syauqibilfaqih/vrx_ws/install/share/wamv_description/models/WAM-V-Base/mesh/WAM-V_Albedo.png
[1.046s] -- Installing: /home/syauqibilfaqih/vrx_ws/install/share/wamv_description/models/WAM-V-Base/mesh/WAM-V_Metalness.png
[1.046s] -- Installing: /home/syauqibilfaqih/vrx_ws/install/share/wamv_description/models/WAM-V-Base/mesh/WAM-V-Base.dae
[1.047s] -- Installing: /home/syauqibilfaqih/vrx_ws/install/share/wamv_description/models/WAM-V-Base/mesh/WAM-V_Roughness.png
[1.052s] -- Installing: /home/syauqibilfaqih/vrx_ws/install/share/wamv_description/models/WAM-V-Base/model.config
[1.052s] -- Installing: /home/syauqibilfaqih/vrx_ws/install/share/wamv_description/models/propeller
[1.052s] -- Installing: /home/syauqibilfaqih/vrx_ws/install/share/wamv_description/models/propeller/mesh
[1.052s] -- Installing: /home/syauqibilfaqih/vrx_ws/install/share/wamv_description/models/propeller/mesh/propeller.dae
[1.052s] -- Installing: /home/syauqibilfaqih/vrx_ws/install/share/wamv_description/models/propeller/model.config
[1.053s] -- Up-to-date: /home/syauqibilfaqih/vrx_ws/install/share/wamv_description/urdf
[1.053s] -- Installing: /home/syauqibilfaqih/vrx_ws/install/share/wamv_description/urdf/wamv_base.urdf.xacro
[1.053s] -- Installing: /home/syauqibilfaqih/vrx_ws/install/share/wamv_description/urdf/cpu_cases.xacro
[1.053s] -- Installing: /home/syauqibilfaqih/vrx_ws/install/share/wamv_description/urdf/battery.xacro
[1.053s] -- Installing: /home/syauqibilfaqih/vrx_ws/install/share/wamv_description/urdf/thrusters
[1.054s] -- Installing: /home/syauqibilfaqih/vrx_ws/install/share/wamv_description/urdf/thrusters/engine.xacro
[1.054s] -- Installing: /home/syauqibilfaqih/vrx_ws/install/share/ament_index/resource_index/package_run_dependencies/wamv_description
[1.055s] -- Installing: /home/syauqibilfaqih/vrx_ws/install/share/ament_index/resource_index/parent_prefix_path/wamv_description
[1.055s] -- Installing: /home/syauqibilfaqih/vrx_ws/install/share/wamv_description/environment/ament_prefix_path.sh
[1.055s] -- Installing: /home/syauqibilfaqih/vrx_ws/install/share/wamv_description/environment/ament_prefix_path.dsv
[1.055s] -- Installing: /home/syauqibilfaqih/vrx_ws/install/share/wamv_description/environment/path.sh
[1.055s] -- Installing: /home/syauqibilfaqih/vrx_ws/install/share/wamv_description/environment/path.dsv
[1.056s] -- Installing: /home/syauqibilfaqih/vrx_ws/install/share/wamv_description/local_setup.bash
[1.056s] -- Installing: /home/syauqibilfaqih/vrx_ws/install/share/wamv_description/local_setup.sh
[1.056s] -- Installing: /home/syauqibilfaqih/vrx_ws/install/share/wamv_description/local_setup.zsh
[1.056s] -- Installing: /home/syauqibilfaqih/vrx_ws/install/share/wamv_description/local_setup.dsv
[1.056s] -- Installing: /home/syauqibilfaqih/vrx_ws/install/share/wamv_description/package.dsv
[1.057s] -- Installing: /home/syauqibilfaqih/vrx_ws/install/share/ament_index/resource_index/packages/wamv_description
[1.062s] -- Installing: /home/syauqibilfaqih/vrx_ws/install/share/wamv_description/cmake/wamv_descriptionConfig.cmake
[1.062s] -- Installing: /home/syauqibilfaqih/vrx_ws/install/share/wamv_description/cmake/wamv_descriptionConfig-version.cmake
[1.062s] -- Installing: /home/syauqibilfaqih/vrx_ws/install/share/wamv_description/package.xml
[1.062s] Invoked command in '/home/syauqibilfaqih/vrx_ws/build/wamv_description' returned '0': AMENT_PREFIX_PATH=/home/syauqibilfaqih/vrx_ws/install:${AMENT_PREFIX_PATH} CMAKE_PREFIX_PATH=/home/syauqibilfaqih/vrx_ws/install:/opt/ros/humble GZ_SIM_RESOURCE_PATH=/home/syauqibilfaqih/vrx_ws/install/share/vrx_gazebo/models:/home/syauqibilfaqih/vrx_ws/install/share PYTHONPATH=/home/syauqibilfaqih/vrx_ws/install/local/lib/python3.10/dist-packages:${PYTHONPATH} /home/syauqibilfaqih/bin/cmake --install /home/syauqibilfaqih/vrx_ws/build/wamv_description
