[0.797s] Invoking command in '/home/syauqibilfaqih/penship_ws/src/penship_vrx': PYTHONPATH=/home/syauqibilfaqih/penship_ws/build/penship_vrx/prefix_override:/home/syauqibilfaqih/penship_ws/install/penship_vrx/lib/python3.10/site-packages:${PYTHONPATH} /usr/bin/python3 setup.py egg_info --egg-base ../../build/penship_vrx build --build-base /home/syauqibilfaqih/penship_ws/build/penship_vrx/build install --record /home/syauqibilfaqih/penship_ws/build/penship_vrx/install.log --single-version-externally-managed
[1.088s] running egg_info
[1.089s] writing ../../build/penship_vrx/penship_vrx.egg-info/PKG-INFO
[1.089s] writing dependency_links to ../../build/penship_vrx/penship_vrx.egg-info/dependency_links.txt
[1.089s] writing entry points to ../../build/penship_vrx/penship_vrx.egg-info/entry_points.txt
[1.089s] writing requirements to ../../build/penship_vrx/penship_vrx.egg-info/requires.txt
[1.089s] writing top-level names to ../../build/penship_vrx/penship_vrx.egg-info/top_level.txt
[1.092s] reading manifest file '../../build/penship_vrx/penship_vrx.egg-info/SOURCES.txt'
[1.093s] writing manifest file '../../build/penship_vrx/penship_vrx.egg-info/SOURCES.txt'
[1.093s] running build
[1.094s] running build_py
[1.094s] running install
[1.094s] /usr/lib/python3/dist-packages/setuptools/command/install.py:34: SetuptoolsDeprecationWarning: setup.py install is deprecated. Use build and pip and other standards-based tools.
[1.094s]   warnings.warn(
[1.094s] running install_lib
[1.097s] running install_data
[1.097s] copying package.xml -> /home/syauqibilfaqih/penship_ws/install/penship_vrx/share/penship_vrx
[1.098s] running install_egg_info
[1.100s] removing '/home/syauqibilfaqih/penship_ws/install/penship_vrx/lib/python3.10/site-packages/penship_vrx-0.0.0-py3.10.egg-info' (and everything under it)
[1.100s] Copying ../../build/penship_vrx/penship_vrx.egg-info to /home/syauqibilfaqih/penship_ws/install/penship_vrx/lib/python3.10/site-packages/penship_vrx-0.0.0-py3.10.egg-info
[1.101s] running install_scripts
[1.125s] Installing stationkeeping script to /home/syauqibilfaqih/penship_ws/install/penship_vrx/lib/penship_vrx
[1.125s] writing list of installed files to '/home/syauqibilfaqih/penship_ws/build/penship_vrx/install.log'
[1.164s] Invoked command in '/home/syauqibilfaqih/penship_ws/src/penship_vrx' returned '0': PYTHONPATH=/home/syauqibilfaqih/penship_ws/build/penship_vrx/prefix_override:/home/syauqibilfaqih/penship_ws/install/penship_vrx/lib/python3.10/site-packages:${PYTHONPATH} /usr/bin/python3 setup.py egg_info --egg-base ../../build/penship_vrx build --build-base /home/syauqibilfaqih/penship_ws/build/penship_vrx/build install --record /home/syauqibilfaqih/penship_ws/build/penship_vrx/install.log --single-version-externally-managed
