[0.836s] DEBUG:colcon:Command line arguments: ['/usr/bin/colcon', 'build']
[0.836s] DEBUG:colcon:Parsed command line arguments: Namespace(log_base=None, log_level=None, verb_name='build', build_base='build', install_base='install', merge_install=False, symlink_install=False, test_result_base=None, continue_on_error=False, executor='parallel', parallel_workers=4, event_handlers=None, ignore_user_meta=False, metas=['./colcon.meta'], base_paths=['.'], packages_ignore=None, packages_ignore_regex=None, paths=None, packages_up_to=None, packages_up_to_regex=None, packages_above=None, packages_above_and_dependencies=None, packages_above_depth=None, packages_select_by_dep=None, packages_skip_by_dep=None, packages_skip_up_to=None, packages_select_build_failed=False, packages_skip_build_finished=False, packages_select_test_failures=False, packages_skip_test_passed=False, packages_select=None, packages_skip=None, packages_select_regex=None, packages_skip_regex=None, packages_start=None, packages_end=None, allow_overriding=[], cmake_args=None, cmake_target=None, cmake_target_skip_unavailable=False, cmake_clean_cache=False, cmake_clean_first=False, cmake_force_configure=False, ament_cmake_args=None, catkin_cmake_args=None, catkin_skip_building_tests=False, verb_parser=<colcon_defaults.argument_parser.defaults.DefaultArgumentsDecorator object at 0x7fe5e4b20be0>, verb_extension=<colcon_core.verb.build.BuildVerb object at 0x7fe5e52b7640>, main=<bound method BuildVerb.main of <colcon_core.verb.build.BuildVerb object at 0x7fe5e52b7640>>)
[0.894s] Level 1:colcon.colcon_core.package_discovery:discover_packages(colcon_meta) check parameters
[0.894s] Level 1:colcon.colcon_core.package_discovery:discover_packages(recursive) check parameters
[0.894s] Level 1:colcon.colcon_core.package_discovery:discover_packages(ignore) check parameters
[0.895s] Level 1:colcon.colcon_core.package_discovery:discover_packages(path) check parameters
[0.895s] Level 1:colcon.colcon_core.package_discovery:discover_packages(colcon_meta) discover
[0.895s] Level 1:colcon.colcon_core.package_discovery:discover_packages(recursive) discover
[0.895s] INFO:colcon.colcon_core.package_discovery:Crawling recursively for packages in '/home/syauqibilfaqih/penship_ws/src'
[0.895s] Level 1:colcon.colcon_core.package_identification:_identify(.) by extensions ['ignore', 'ignore_ament_install']
[0.895s] Level 1:colcon.colcon_core.package_identification:_identify(.) by extension 'ignore'
[0.895s] Level 1:colcon.colcon_core.package_identification:_identify(.) by extension 'ignore_ament_install'
[0.895s] Level 1:colcon.colcon_core.package_identification:_identify(.) by extensions ['colcon_pkg']
[0.895s] Level 1:colcon.colcon_core.package_identification:_identify(.) by extension 'colcon_pkg'
[0.895s] Level 1:colcon.colcon_core.package_identification:_identify(.) by extensions ['colcon_meta']
[0.896s] Level 1:colcon.colcon_core.package_identification:_identify(.) by extension 'colcon_meta'
[0.896s] Level 1:colcon.colcon_core.package_identification:_identify(.) by extensions ['ros']
[0.896s] Level 1:colcon.colcon_core.package_identification:_identify(.) by extension 'ros'
[0.931s] Level 1:colcon.colcon_core.package_identification:_identify(.) by extensions ['cmake', 'python']
[0.933s] Level 1:colcon.colcon_core.package_identification:_identify(.) by extension 'cmake'
[0.933s] Level 1:colcon.colcon_core.package_identification:_identify(.) by extension 'python'
[0.933s] Level 1:colcon.colcon_core.package_identification:_identify(.) by extensions ['python_setup_py']
[0.934s] Level 1:colcon.colcon_core.package_identification:_identify(.) by extension 'python_setup_py'
[0.934s] Level 1:colcon.colcon_core.package_identification:_identify(build) by extensions ['ignore', 'ignore_ament_install']
[0.934s] Level 1:colcon.colcon_core.package_identification:_identify(build) by extension 'ignore'
[0.934s] Level 1:colcon.colcon_core.package_identification:_identify(build) ignored
[0.934s] Level 1:colcon.colcon_core.package_identification:_identify(install) by extensions ['ignore', 'ignore_ament_install']
[0.935s] Level 1:colcon.colcon_core.package_identification:_identify(install) by extension 'ignore'
[0.935s] Level 1:colcon.colcon_core.package_identification:_identify(install) ignored
[0.935s] Level 1:colcon.colcon_core.package_identification:_identify(log) by extensions ['ignore', 'ignore_ament_install']
[0.935s] Level 1:colcon.colcon_core.package_identification:_identify(log) by extension 'ignore'
[0.935s] Level 1:colcon.colcon_core.package_identification:_identify(log) ignored
[0.935s] Level 1:colcon.colcon_core.package_identification:_identify(penship_vrx) by extensions ['ignore', 'ignore_ament_install']
[0.935s] Level 1:colcon.colcon_core.package_identification:_identify(penship_vrx) by extension 'ignore'
[0.935s] Level 1:colcon.colcon_core.package_identification:_identify(penship_vrx) by extension 'ignore_ament_install'
[0.935s] Level 1:colcon.colcon_core.package_identification:_identify(penship_vrx) by extensions ['colcon_pkg']
[0.935s] Level 1:colcon.colcon_core.package_identification:_identify(penship_vrx) by extension 'colcon_pkg'
[0.935s] Level 1:colcon.colcon_core.package_identification:_identify(penship_vrx) by extensions ['colcon_meta']
[0.935s] Level 1:colcon.colcon_core.package_identification:_identify(penship_vrx) by extension 'colcon_meta'
[0.936s] Level 1:colcon.colcon_core.package_identification:_identify(penship_vrx) by extensions ['ros']
[0.936s] Level 1:colcon.colcon_core.package_identification:_identify(penship_vrx) by extension 'ros'
[0.942s] DEBUG:colcon.colcon_core.package_identification:Package 'penship_vrx' with type 'ros.ament_python' and name 'penship_vrx'
[0.942s] Level 1:colcon.colcon_core.package_discovery:discover_packages(recursive) using defaults
[0.942s] Level 1:colcon.colcon_core.package_discovery:discover_packages(ignore) discover
[0.942s] Level 1:colcon.colcon_core.package_discovery:discover_packages(ignore) using defaults
[0.943s] Level 1:colcon.colcon_core.package_discovery:discover_packages(path) discover
[0.943s] Level 1:colcon.colcon_core.package_discovery:discover_packages(path) using defaults
[1.010s] Level 1:colcon.colcon_core.package_discovery:discover_packages(prefix_path) check parameters
[1.010s] Level 1:colcon.colcon_core.package_discovery:discover_packages(prefix_path) discover
[1.020s] DEBUG:colcon.colcon_installed_package_information.package_discovery:Found 1 installed packages in /home/syauqibilfaqih/penship_ws/src/install
[1.024s] DEBUG:colcon.colcon_installed_package_information.package_discovery:Found 288 installed packages in /opt/ros/humble
[1.026s] Level 1:colcon.colcon_core.package_discovery:discover_packages(prefix_path) using defaults
[1.155s] Level 5:colcon.colcon_core.verb:set package 'penship_vrx' build argument 'cmake_args' from command line to 'None'
[1.155s] Level 5:colcon.colcon_core.verb:set package 'penship_vrx' build argument 'cmake_target' from command line to 'None'
[1.155s] Level 5:colcon.colcon_core.verb:set package 'penship_vrx' build argument 'cmake_target_skip_unavailable' from command line to 'False'
[1.156s] Level 5:colcon.colcon_core.verb:set package 'penship_vrx' build argument 'cmake_clean_cache' from command line to 'False'
[1.156s] Level 5:colcon.colcon_core.verb:set package 'penship_vrx' build argument 'cmake_clean_first' from command line to 'False'
[1.156s] Level 5:colcon.colcon_core.verb:set package 'penship_vrx' build argument 'cmake_force_configure' from command line to 'False'
[1.156s] Level 5:colcon.colcon_core.verb:set package 'penship_vrx' build argument 'ament_cmake_args' from command line to 'None'
[1.156s] Level 5:colcon.colcon_core.verb:set package 'penship_vrx' build argument 'catkin_cmake_args' from command line to 'None'
[1.156s] Level 5:colcon.colcon_core.verb:set package 'penship_vrx' build argument 'catkin_skip_building_tests' from command line to 'False'
[1.156s] DEBUG:colcon.colcon_core.verb:Building package 'penship_vrx' with the following arguments: {'ament_cmake_args': None, 'build_base': '/home/syauqibilfaqih/penship_ws/src/build/penship_vrx', 'catkin_cmake_args': None, 'catkin_skip_building_tests': False, 'cmake_args': None, 'cmake_clean_cache': False, 'cmake_clean_first': False, 'cmake_force_configure': False, 'cmake_target': None, 'cmake_target_skip_unavailable': False, 'install_base': '/home/syauqibilfaqih/penship_ws/src/install/penship_vrx', 'merge_install': False, 'path': '/home/syauqibilfaqih/penship_ws/src/penship_vrx', 'symlink_install': False, 'test_result_base': None}
[1.158s] INFO:colcon.colcon_core.executor:Executing jobs using 'parallel' executor
[1.163s] DEBUG:colcon.colcon_parallel_executor.executor.parallel:run_until_complete
[1.163s] INFO:colcon.colcon_ros.task.ament_python.build:Building ROS package in '/home/syauqibilfaqih/penship_ws/src/penship_vrx' with build type 'ament_python'
[1.164s] Level 1:colcon.colcon_core.shell:create_environment_hook('penship_vrx', 'ament_prefix_path')
[1.179s] INFO:colcon.colcon_core.plugin_system:Skipping extension 'colcon_core.shell.bat': Not used on non-Windows systems
[1.180s] INFO:colcon.colcon_core.shell:Creating environment hook '/home/syauqibilfaqih/penship_ws/src/install/penship_vrx/share/penship_vrx/hook/ament_prefix_path.ps1'
[1.181s] INFO:colcon.colcon_core.shell:Creating environment descriptor '/home/syauqibilfaqih/penship_ws/src/install/penship_vrx/share/penship_vrx/hook/ament_prefix_path.dsv'
[1.183s] INFO:colcon.colcon_core.shell:Creating environment hook '/home/syauqibilfaqih/penship_ws/src/install/penship_vrx/share/penship_vrx/hook/ament_prefix_path.sh'
[1.186s] INFO:colcon.colcon_core.shell:Skip shell extension 'powershell' for command environment: Not usable outside of PowerShell
[1.187s] DEBUG:colcon.colcon_core.shell:Skip shell extension 'dsv' for command environment
[1.926s] INFO:colcon.colcon_core.task.python.build:Building Python package in '/home/syauqibilfaqih/penship_ws/src/penship_vrx'
[1.929s] INFO:colcon.colcon_core.shell:Skip shell extension 'powershell' for command environment: Not usable outside of PowerShell
[1.930s] DEBUG:colcon.colcon_core.shell:Skip shell extension 'dsv' for command environment
[3.351s] DEBUG:colcon.colcon_core.event_handler.log_command:Invoking command in '/home/syauqibilfaqih/penship_ws/src/penship_vrx': PYTHONPATH=/home/syauqibilfaqih/penship_ws/src/build/penship_vrx/prefix_override:/home/syauqibilfaqih/penship_ws/src/install/penship_vrx/lib/python3.10/site-packages:${PYTHONPATH} /usr/bin/python3 setup.py egg_info --egg-base ../build/penship_vrx build --build-base /home/syauqibilfaqih/penship_ws/src/build/penship_vrx/build install --record /home/syauqibilfaqih/penship_ws/src/build/penship_vrx/install.log --single-version-externally-managed
[6.126s] DEBUG:colcon.colcon_core.event_handler.log_command:Invoked command in '/home/syauqibilfaqih/penship_ws/src/penship_vrx' returned '0': PYTHONPATH=/home/syauqibilfaqih/penship_ws/src/build/penship_vrx/prefix_override:/home/syauqibilfaqih/penship_ws/src/install/penship_vrx/lib/python3.10/site-packages:${PYTHONPATH} /usr/bin/python3 setup.py egg_info --egg-base ../build/penship_vrx build --build-base /home/syauqibilfaqih/penship_ws/src/build/penship_vrx/build install --record /home/syauqibilfaqih/penship_ws/src/build/penship_vrx/install.log --single-version-externally-managed
[6.178s] Level 1:colcon.colcon_core.environment:checking '/home/syauqibilfaqih/penship_ws/src/install/penship_vrx' for CMake module files
[6.182s] Level 1:colcon.colcon_core.environment:checking '/home/syauqibilfaqih/penship_ws/src/install/penship_vrx' for CMake config files
[6.193s] Level 1:colcon.colcon_core.environment:checking '/home/syauqibilfaqih/penship_ws/src/install/penship_vrx/lib'
[6.193s] Level 1:colcon.colcon_core.environment:checking '/home/syauqibilfaqih/penship_ws/src/install/penship_vrx/bin'
[6.193s] Level 1:colcon.colcon_core.environment:checking '/home/syauqibilfaqih/penship_ws/src/install/penship_vrx/lib/pkgconfig/penship_vrx.pc'
[6.194s] Level 1:colcon.colcon_core.environment:checking '/home/syauqibilfaqih/penship_ws/src/install/penship_vrx/lib/python3.10/site-packages'
[6.194s] Level 1:colcon.colcon_core.shell:create_environment_hook('penship_vrx', 'pythonpath')
[6.201s] INFO:colcon.colcon_core.shell:Creating environment hook '/home/syauqibilfaqih/penship_ws/src/install/penship_vrx/share/penship_vrx/hook/pythonpath.ps1'
[6.202s] INFO:colcon.colcon_core.shell:Creating environment descriptor '/home/syauqibilfaqih/penship_ws/src/install/penship_vrx/share/penship_vrx/hook/pythonpath.dsv'
[6.202s] INFO:colcon.colcon_core.shell:Creating environment hook '/home/syauqibilfaqih/penship_ws/src/install/penship_vrx/share/penship_vrx/hook/pythonpath.sh'
[6.203s] Level 1:colcon.colcon_core.environment:checking '/home/syauqibilfaqih/penship_ws/src/install/penship_vrx/bin'
[6.203s] Level 1:colcon.colcon_core.environment:create_environment_scripts_only(penship_vrx)
[6.215s] INFO:colcon.colcon_core.shell:Creating package script '/home/syauqibilfaqih/penship_ws/src/install/penship_vrx/share/penship_vrx/package.ps1'
[6.225s] INFO:colcon.colcon_core.shell:Creating package descriptor '/home/syauqibilfaqih/penship_ws/src/install/penship_vrx/share/penship_vrx/package.dsv'
[6.226s] INFO:colcon.colcon_core.shell:Creating package script '/home/syauqibilfaqih/penship_ws/src/install/penship_vrx/share/penship_vrx/package.sh'
[6.228s] INFO:colcon.colcon_core.shell:Creating package script '/home/syauqibilfaqih/penship_ws/src/install/penship_vrx/share/penship_vrx/package.bash'
[6.231s] INFO:colcon.colcon_core.shell:Creating package script '/home/syauqibilfaqih/penship_ws/src/install/penship_vrx/share/penship_vrx/package.zsh'
[6.233s] Level 1:colcon.colcon_core.environment:create_file_with_runtime_dependencies(/home/syauqibilfaqih/penship_ws/src/install/penship_vrx/share/colcon-core/packages/penship_vrx)
[6.239s] DEBUG:colcon.colcon_parallel_executor.executor.parallel:closing loop
[6.241s] DEBUG:colcon.colcon_parallel_executor.executor.parallel:loop closed
[6.242s] DEBUG:colcon.colcon_parallel_executor.executor.parallel:run_until_complete finished with '0'
[6.242s] DEBUG:colcon.colcon_core.event_reactor:joining thread
[6.400s] INFO:colcon.colcon_core.plugin_system:Skipping extension 'colcon_notification.desktop_notification.terminal_notifier': Not used on non-Darwin systems
[6.400s] INFO:colcon.colcon_core.plugin_system:Skipping extension 'colcon_notification.desktop_notification.win32': Not used on non-Windows systems
[6.400s] INFO:colcon.colcon_notification.desktop_notification:Sending desktop notification using 'notify2'
[6.484s] DEBUG:colcon.colcon_core.event_reactor:joined thread
[6.489s] INFO:colcon.colcon_core.shell:Creating prefix script '/home/syauqibilfaqih/penship_ws/src/install/local_setup.ps1'
[6.491s] INFO:colcon.colcon_core.shell:Creating prefix util module '/home/syauqibilfaqih/penship_ws/src/install/_local_setup_util_ps1.py'
[6.498s] INFO:colcon.colcon_core.shell:Creating prefix chain script '/home/syauqibilfaqih/penship_ws/src/install/setup.ps1'
[6.525s] INFO:colcon.colcon_core.shell:Creating prefix script '/home/syauqibilfaqih/penship_ws/src/install/local_setup.sh'
[6.527s] INFO:colcon.colcon_core.shell:Creating prefix util module '/home/syauqibilfaqih/penship_ws/src/install/_local_setup_util_sh.py'
[6.528s] INFO:colcon.colcon_core.shell:Creating prefix chain script '/home/syauqibilfaqih/penship_ws/src/install/setup.sh'
[6.537s] INFO:colcon.colcon_core.shell:Creating prefix script '/home/syauqibilfaqih/penship_ws/src/install/local_setup.bash'
[6.571s] INFO:colcon.colcon_core.shell:Creating prefix chain script '/home/syauqibilfaqih/penship_ws/src/install/setup.bash'
[6.597s] INFO:colcon.colcon_core.shell:Creating prefix script '/home/syauqibilfaqih/penship_ws/src/install/local_setup.zsh'
[6.606s] INFO:colcon.colcon_core.shell:Creating prefix chain script '/home/syauqibilfaqih/penship_ws/src/install/setup.zsh'
