[0.023s] Invoking command in '/home/syauqibilfaqih/vrx_ws/build/vrx_gazebo': CMAKE_PREFIX_PATH=/opt/ros/humble /home/syauqibilfaqih/bin/cmake /home/syauqibilfaqih/vrx_ws/src/vrx/vrx_urdf/vrx_gazebo -DCMAKE_INSTALL_PREFIX=/home/syauqibilfaqih/vrx_ws/install
[0.171s] -- The C compiler identification is GNU 11.4.0
[0.296s] -- The CXX compiler identification is GNU 11.4.0
[0.308s] -- Detecting C compiler ABI info
[0.380s] -- Detecting C compiler ABI info - done
[0.391s] -- Check for working C compiler: /usr/bin/cc - skipped
[0.391s] -- Detecting C compile features
[0.392s] -- Detecting C compile features - done
[0.397s] -- Detecting CXX compiler ABI info
[0.486s] -- Detecting CXX compiler ABI info - done
[0.497s] -- Check for working CXX compiler: /usr/bin/c++ - skipped
[0.498s] -- Detecting CXX compile features
[0.499s] -- Detecting CXX compile features - done
[0.503s] -- Found ament_cmake: 1.3.5 (/opt/ros/humble/share/ament_cmake/cmake)
[0.686s] -- Found Python3: /usr/bin/python3.10 (found version "3.10.12") found components: Interpreter 
[1.007s] -- Configuring done
[1.012s] -- Generating done
[1.014s] -- Build files have been written to: /home/syauqibilfaqih/vrx_ws/build/vrx_gazebo
[1.019s] Invoked command in '/home/syauqibilfaqih/vrx_ws/build/vrx_gazebo' returned '0': CMAKE_PREFIX_PATH=/opt/ros/humble /home/syauqibilfaqih/bin/cmake /home/syauqibilfaqih/vrx_ws/src/vrx/vrx_urdf/vrx_gazebo -DCMAKE_INSTALL_PREFIX=/home/syauqibilfaqih/vrx_ws/install
[1.022s] Invoking command in '/home/syauqibilfaqih/vrx_ws/build/vrx_gazebo': CMAKE_PREFIX_PATH=/opt/ros/humble /home/syauqibilfaqih/bin/cmake --build /home/syauqibilfaqih/vrx_ws/build/vrx_gazebo -- -j4 -l4
[1.039s] [35m[1mScanning dependencies of target ament_cmake_python_copy_vrx_gazebo[0m
[1.046s] Built target ament_cmake_python_copy_vrx_gazebo
[1.051s] [35m[1mScanning dependencies of target ament_cmake_python_build_vrx_gazebo_egg[0m
[1.375s] running egg_info
[1.376s] creating vrx_gazebo.egg-info
[1.377s] writing vrx_gazebo.egg-info/PKG-INFO
[1.377s] writing dependency_links to vrx_gazebo.egg-info/dependency_links.txt
[1.377s] writing top-level names to vrx_gazebo.egg-info/top_level.txt
[1.378s] writing manifest file 'vrx_gazebo.egg-info/SOURCES.txt'
[1.382s] reading manifest file 'vrx_gazebo.egg-info/SOURCES.txt'
[1.383s] writing manifest file 'vrx_gazebo.egg-info/SOURCES.txt'
[1.413s] Built target ament_cmake_python_build_vrx_gazebo_egg
[1.417s] Invoked command in '/home/syauqibilfaqih/vrx_ws/build/vrx_gazebo' returned '0': CMAKE_PREFIX_PATH=/opt/ros/humble /home/syauqibilfaqih/bin/cmake --build /home/syauqibilfaqih/vrx_ws/build/vrx_gazebo -- -j4 -l4
[1.444s] Invoking command in '/home/syauqibilfaqih/vrx_ws/build/vrx_gazebo': CMAKE_PREFIX_PATH=/opt/ros/humble /home/syauqibilfaqih/bin/cmake --install /home/syauqibilfaqih/vrx_ws/build/vrx_gazebo
[1.446s] -- Install configuration: ""
[1.446s] -- Installing: /home/syauqibilfaqih/vrx_ws/install/share/vrx_gazebo/environment/resource_paths.dsv
[1.446s] -- Installing: /home/syauqibilfaqih/vrx_ws/install/share/vrx_gazebo/environment/resource_paths.sh
[1.446s] -- Installing: /home/syauqibilfaqih/vrx_ws/install/share/vrx_gazebo/models
[1.447s] -- Installing: /home/syauqibilfaqih/vrx_ws/install/share/vrx_gazebo/models/3d_lidar
[1.447s] -- Installing: /home/syauqibilfaqih/vrx_ws/install/share/vrx_gazebo/models/3d_lidar/mesh
[1.447s] -- Installing: /home/syauqibilfaqih/vrx_ws/install/share/vrx_gazebo/models/3d_lidar/mesh/3d_Lidar_Roughness.png
[1.447s] -- Installing: /home/syauqibilfaqih/vrx_ws/install/share/vrx_gazebo/models/3d_lidar/mesh/3d_Lidar_Albedo.png
[1.448s] -- Installing: /home/syauqibilfaqih/vrx_ws/install/share/vrx_gazebo/models/3d_lidar/mesh/3d_Lidar_Metalness.png
[1.448s] -- Installing: /home/syauqibilfaqih/vrx_ws/install/share/vrx_gazebo/models/3d_lidar/mesh/3d_Lidar_Normal.png
[1.449s] -- Installing: /home/syauqibilfaqih/vrx_ws/install/share/vrx_gazebo/models/3d_lidar/mesh/3d_lidar.dae
[1.449s] -- Installing: /home/syauqibilfaqih/vrx_ws/install/share/vrx_gazebo/models/3d_lidar/mesh/3d_lidar.png
[1.449s] -- Installing: /home/syauqibilfaqih/vrx_ws/install/share/vrx_gazebo/models/3d_lidar/model.sdf
[1.450s] -- Installing: /home/syauqibilfaqih/vrx_ws/install/share/vrx_gazebo/models/3d_lidar/model.config
[1.450s] -- Installing: /home/syauqibilfaqih/vrx_ws/install/share/vrx_gazebo/models/battery
[1.450s] -- Installing: /home/syauqibilfaqih/vrx_ws/install/share/vrx_gazebo/models/battery/mesh
[1.450s] -- Installing: /home/syauqibilfaqih/vrx_ws/install/share/vrx_gazebo/models/battery/mesh/battery_Roughness.png
[1.453s] -- Installing: /home/syauqibilfaqih/vrx_ws/install/share/vrx_gazebo/models/battery/mesh/battery.dae
[1.453s] -- Installing: /home/syauqibilfaqih/vrx_ws/install/share/vrx_gazebo/models/battery/mesh/battery_Metalness.png
[1.454s] -- Installing: /home/syauqibilfaqih/vrx_ws/install/share/vrx_gazebo/models/battery/mesh/battery_Albedo.png
[1.460s] -- Installing: /home/syauqibilfaqih/vrx_ws/install/share/vrx_gazebo/models/battery/mesh/battery_Normal.png
[1.466s] -- Installing: /home/syauqibilfaqih/vrx_ws/install/share/vrx_gazebo/models/battery/mesh/battery.png
[1.473s] -- Installing: /home/syauqibilfaqih/vrx_ws/install/share/vrx_gazebo/models/battery/model.sdf
[1.473s] -- Installing: /home/syauqibilfaqih/vrx_ws/install/share/vrx_gazebo/models/battery/model.config
[1.474s] -- Installing: /home/syauqibilfaqih/vrx_ws/install/share/vrx_gazebo/models/ball_shooter
[1.474s] -- Installing: /home/syauqibilfaqih/vrx_ws/install/share/vrx_gazebo/models/ball_shooter/materials
[1.474s] -- Installing: /home/syauqibilfaqih/vrx_ws/install/share/vrx_gazebo/models/ball_shooter/materials/Textures
[1.474s] -- Installing: /home/syauqibilfaqih/vrx_ws/install/share/vrx_gazebo/models/ball_shooter/materials/Textures/Launcher_Normal.png
[1.474s] -- Installing: /home/syauqibilfaqih/vrx_ws/install/share/vrx_gazebo/models/ball_shooter/materials/Textures/Launcher_Metalness.png
[1.475s] -- Installing: /home/syauqibilfaqih/vrx_ws/install/share/vrx_gazebo/models/ball_shooter/materials/Textures/Launcher_Roughness.png
[1.475s] -- Installing: /home/syauqibilfaqih/vrx_ws/install/share/vrx_gazebo/models/ball_shooter/materials/Textures/Launcher_Albedo.png
[1.477s] -- Installing: /home/syauqibilfaqih/vrx_ws/install/share/vrx_gazebo/models/ball_shooter/meshes
[1.477s] -- Installing: /home/syauqibilfaqih/vrx_ws/install/share/vrx_gazebo/models/ball_shooter/meshes/ball_shooter_base.dae
[1.477s] -- Installing: /home/syauqibilfaqih/vrx_ws/install/share/vrx_gazebo/models/ball_shooter/meshes/Glass_BaseColor.png
[1.477s] -- Installing: /home/syauqibilfaqih/vrx_ws/install/share/vrx_gazebo/models/ball_shooter/meshes/ball_shooter_launcher.dae
[1.478s] -- Installing: /home/syauqibilfaqih/vrx_ws/install/share/vrx_gazebo/models/ball_shooter/meshes/Launcher_BaseColor.png
[1.480s] -- Installing: /home/syauqibilfaqih/vrx_ws/install/share/vrx_gazebo/models/ball_shooter/meshes/Launcher_Albedo.png
[1.481s] -- Installing: /home/syauqibilfaqih/vrx_ws/install/share/vrx_gazebo/models/ball_shooter/model.sdf
[1.482s] -- Installing: /home/syauqibilfaqih/vrx_ws/install/share/vrx_gazebo/models/ball_shooter/model.config
[1.482s] -- Installing: /home/syauqibilfaqih/vrx_ws/install/share/vrx_gazebo/models/sensor_post
[1.482s] -- Installing: /home/syauqibilfaqih/vrx_ws/install/share/vrx_gazebo/models/sensor_post/mesh
[1.482s] -- Installing: /home/syauqibilfaqih/vrx_ws/install/share/vrx_gazebo/models/sensor_post/mesh/sensor_post_arm.dae
[1.482s] -- Installing: /home/syauqibilfaqih/vrx_ws/install/share/vrx_gazebo/models/sensor_post/mesh/sensor_post.png
[1.483s] -- Installing: /home/syauqibilfaqih/vrx_ws/install/share/vrx_gazebo/models/sensor_post/mesh/sensor_post.dae
[1.483s] -- Installing: /home/syauqibilfaqih/vrx_ws/install/share/vrx_gazebo/models/sensor_post/model.sdf
[1.483s] -- Installing: /home/syauqibilfaqih/vrx_ws/install/share/vrx_gazebo/models/sensor_post/model.config
[1.483s] -- Installing: /home/syauqibilfaqih/vrx_ws/install/share/vrx_gazebo/models/blue_projectile
[1.483s] -- Installing: /home/syauqibilfaqih/vrx_ws/install/share/vrx_gazebo/models/blue_projectile/model.sdf
[1.484s] -- Installing: /home/syauqibilfaqih/vrx_ws/install/share/vrx_gazebo/models/blue_projectile/model.config
[1.484s] -- Installing: /home/syauqibilfaqih/vrx_ws/install/share/vrx_gazebo/models/cpu_cases
[1.484s] -- Installing: /home/syauqibilfaqih/vrx_ws/install/share/vrx_gazebo/models/cpu_cases/mesh
[1.484s] -- Installing: /home/syauqibilfaqih/vrx_ws/install/share/vrx_gazebo/models/cpu_cases/mesh/cpu_cases_Normal.png
[1.491s] -- Installing: /home/syauqibilfaqih/vrx_ws/install/share/vrx_gazebo/models/cpu_cases/mesh/cpu_cases_Roughness.png
[1.494s] -- Installing: /home/syauqibilfaqih/vrx_ws/install/share/vrx_gazebo/models/cpu_cases/mesh/cpu_cases.dae
[1.495s] -- Installing: /home/syauqibilfaqih/vrx_ws/install/share/vrx_gazebo/models/cpu_cases/mesh/cpu_cases_Metalness.png
[1.495s] -- Installing: /home/syauqibilfaqih/vrx_ws/install/share/vrx_gazebo/models/cpu_cases/mesh/cpu_cases.png
[1.503s] -- Installing: /home/syauqibilfaqih/vrx_ws/install/share/vrx_gazebo/models/cpu_cases/mesh/cpu_cases_Albedo.png
[1.510s] -- Installing: /home/syauqibilfaqih/vrx_ws/install/share/vrx_gazebo/models/cpu_cases/model.sdf
[1.510s] -- Installing: /home/syauqibilfaqih/vrx_ws/install/share/vrx_gazebo/models/cpu_cases/model.config
[1.510s] -- Installing: /home/syauqibilfaqih/vrx_ws/install/share/vrx_gazebo/models/mono_camera
[1.510s] -- Installing: /home/syauqibilfaqih/vrx_ws/install/share/vrx_gazebo/models/mono_camera/mesh
[1.511s] -- Installing: /home/syauqibilfaqih/vrx_ws/install/share/vrx_gazebo/models/mono_camera/mesh/mono_camera_Roughness.png
[1.511s] -- Installing: /home/syauqibilfaqih/vrx_ws/install/share/vrx_gazebo/models/mono_camera/mesh/mono_camera.png
[1.511s] -- Installing: /home/syauqibilfaqih/vrx_ws/install/share/vrx_gazebo/models/mono_camera/mesh/mono_camera_Albedo.png
[1.511s] -- Installing: /home/syauqibilfaqih/vrx_ws/install/share/vrx_gazebo/models/mono_camera/mesh/mono_camera.dae
[1.512s] -- Installing: /home/syauqibilfaqih/vrx_ws/install/share/vrx_gazebo/models/mono_camera/mesh/mono_camera_Metalness.png
[1.512s] -- Installing: /home/syauqibilfaqih/vrx_ws/install/share/vrx_gazebo/models/mono_camera/mesh/mono_camera_Normal.png
[1.512s] -- Installing: /home/syauqibilfaqih/vrx_ws/install/share/vrx_gazebo/models/mono_camera/model.sdf
[1.512s] -- Installing: /home/syauqibilfaqih/vrx_ws/install/share/vrx_gazebo/models/mono_camera/model.config
[1.513s] -- Installing: /home/syauqibilfaqih/vrx_ws/install/share/vrx_gazebo/launch
[1.513s] -- Installing: /home/syauqibilfaqih/vrx_ws/install/share/vrx_gazebo/launch/generate_wamv.launch.py
[1.513s] -- Installing: /home/syauqibilfaqih/vrx_ws/install/share/vrx_gazebo/launch/rviz.launch.py
[1.513s] -- Installing: /home/syauqibilfaqih/vrx_ws/install/share/vrx_gazebo/config
[1.513s] -- Installing: /home/syauqibilfaqih/vrx_ws/install/share/vrx_gazebo/config/rviz_vrx_final.rviz
[1.513s] -- Installing: /home/syauqibilfaqih/vrx_ws/install/share/vrx_gazebo/config/wamv_config
[1.514s] -- Installing: /home/syauqibilfaqih/vrx_ws/install/share/vrx_gazebo/config/wamv_config/thruster_compliance
[1.514s] -- Installing: /home/syauqibilfaqih/vrx_ws/install/share/vrx_gazebo/config/wamv_config/thruster_compliance/numeric.yaml
[1.514s] -- Installing: /home/syauqibilfaqih/vrx_ws/install/share/vrx_gazebo/config/wamv_config/thruster_compliance/bounding_boxes.yaml
[1.514s] -- Installing: /home/syauqibilfaqih/vrx_ws/install/share/vrx_gazebo/config/wamv_config/example_thruster_config.yaml
[1.514s] -- Installing: /home/syauqibilfaqih/vrx_ws/install/share/vrx_gazebo/config/wamv_config/component_compliance
[1.515s] -- Installing: /home/syauqibilfaqih/vrx_ws/install/share/vrx_gazebo/config/wamv_config/component_compliance/numeric.yaml
[1.515s] -- Installing: /home/syauqibilfaqih/vrx_ws/install/share/vrx_gazebo/config/wamv_config/component_compliance/bounding_boxes.yaml
[1.515s] -- Installing: /home/syauqibilfaqih/vrx_ws/install/share/vrx_gazebo/config/wamv_config/example_component_config.yaml
[1.515s] -- Installing: /home/syauqibilfaqih/vrx_ws/install/share/vrx_gazebo/config/rviz_vrx_rsp.rviz
[1.516s] -- Installing: /home/syauqibilfaqih/vrx_ws/install/lib/vrx_gazebo/generate_wamv.py
[1.516s] -- Installing: /home/syauqibilfaqih/vrx_ws/install/share/vrx_gazebo/environment/pythonpath.sh
[1.516s] -- Installing: /home/syauqibilfaqih/vrx_ws/install/share/vrx_gazebo/environment/pythonpath.dsv
[1.516s] -- Installing: /home/syauqibilfaqih/vrx_ws/install/local/lib/python3.10/dist-packages/vrx_gazebo-1.3.0-py3.10.egg-info
[1.516s] -- Installing: /home/syauqibilfaqih/vrx_ws/install/local/lib/python3.10/dist-packages/vrx_gazebo-1.3.0-py3.10.egg-info/dependency_links.txt
[1.516s] -- Installing: /home/syauqibilfaqih/vrx_ws/install/local/lib/python3.10/dist-packages/vrx_gazebo-1.3.0-py3.10.egg-info/top_level.txt
[1.516s] -- Installing: /home/syauqibilfaqih/vrx_ws/install/local/lib/python3.10/dist-packages/vrx_gazebo-1.3.0-py3.10.egg-info/PKG-INFO
[1.517s] -- Installing: /home/syauqibilfaqih/vrx_ws/install/local/lib/python3.10/dist-packages/vrx_gazebo-1.3.0-py3.10.egg-info/SOURCES.txt
[1.517s] -- Installing: /home/syauqibilfaqih/vrx_ws/install/local/lib/python3.10/dist-packages/vrx_gazebo
[1.517s] -- Installing: /home/syauqibilfaqih/vrx_ws/install/local/lib/python3.10/dist-packages/vrx_gazebo/utils.py
[1.517s] -- Installing: /home/syauqibilfaqih/vrx_ws/install/local/lib/python3.10/dist-packages/vrx_gazebo/compliance.py
[1.517s] -- Installing: /home/syauqibilfaqih/vrx_ws/install/local/lib/python3.10/dist-packages/vrx_gazebo/__init__.py
[1.517s] -- Installing: /home/syauqibilfaqih/vrx_ws/install/local/lib/python3.10/dist-packages/vrx_gazebo/configure_wamv.py
[1.564s] Listing '/home/syauqibilfaqih/vrx_ws/install/local/lib/python3.10/dist-packages/vrx_gazebo'...
[1.564s] Compiling '/home/syauqibilfaqih/vrx_ws/install/local/lib/python3.10/dist-packages/vrx_gazebo/__init__.py'...
[1.564s] Compiling '/home/syauqibilfaqih/vrx_ws/install/local/lib/python3.10/dist-packages/vrx_gazebo/compliance.py'...
[1.565s] Compiling '/home/syauqibilfaqih/vrx_ws/install/local/lib/python3.10/dist-packages/vrx_gazebo/configure_wamv.py'...
[1.565s] Compiling '/home/syauqibilfaqih/vrx_ws/install/local/lib/python3.10/dist-packages/vrx_gazebo/utils.py'...
[1.571s] -- Installing: /home/syauqibilfaqih/vrx_ws/install/share/ament_index/resource_index/package_run_dependencies/vrx_gazebo
[1.571s] -- Installing: /home/syauqibilfaqih/vrx_ws/install/share/ament_index/resource_index/parent_prefix_path/vrx_gazebo
[1.571s] -- Installing: /home/syauqibilfaqih/vrx_ws/install/share/vrx_gazebo/environment/ament_prefix_path.sh
[1.572s] -- Installing: /home/syauqibilfaqih/vrx_ws/install/share/vrx_gazebo/environment/ament_prefix_path.dsv
[1.572s] -- Installing: /home/syauqibilfaqih/vrx_ws/install/share/vrx_gazebo/environment/path.sh
[1.572s] -- Installing: /home/syauqibilfaqih/vrx_ws/install/share/vrx_gazebo/environment/path.dsv
[1.572s] -- Installing: /home/syauqibilfaqih/vrx_ws/install/share/vrx_gazebo/local_setup.bash
[1.572s] -- Installing: /home/syauqibilfaqih/vrx_ws/install/share/vrx_gazebo/local_setup.sh
[1.573s] -- Installing: /home/syauqibilfaqih/vrx_ws/install/share/vrx_gazebo/local_setup.zsh
[1.573s] -- Installing: /home/syauqibilfaqih/vrx_ws/install/share/vrx_gazebo/local_setup.dsv
[1.573s] -- Installing: /home/syauqibilfaqih/vrx_ws/install/share/vrx_gazebo/package.dsv
[1.573s] -- Installing: /home/syauqibilfaqih/vrx_ws/install/share/ament_index/resource_index/packages/vrx_gazebo
[1.574s] -- Installing: /home/syauqibilfaqih/vrx_ws/install/share/vrx_gazebo/cmake/vrx_gazeboConfig.cmake
[1.574s] -- Installing: /home/syauqibilfaqih/vrx_ws/install/share/vrx_gazebo/cmake/vrx_gazeboConfig-version.cmake
[1.574s] -- Installing: /home/syauqibilfaqih/vrx_ws/install/share/vrx_gazebo/package.xml
[1.576s] Invoked command in '/home/syauqibilfaqih/vrx_ws/build/vrx_gazebo' returned '0': CMAKE_PREFIX_PATH=/opt/ros/humble /home/syauqibilfaqih/bin/cmake --install /home/syauqibilfaqih/vrx_ws/build/vrx_gazebo
