[0.720s] Invoking command in '/home/syauqibilfaqih/penship_ws/src/penship_vrx': PYTHONPATH=/home/syauqibilfaqih/penship_ws/build/penship_vrx/prefix_override:/home/syauqibilfaqih/penship_ws/install/penship_vrx/lib/python3.10/site-packages:${PYTHONPATH} /usr/bin/python3 setup.py egg_info --egg-base ../../build/penship_vrx build --build-base /home/syauqibilfaqih/penship_ws/build/penship_vrx/build install --record /home/syauqibilfaqih/penship_ws/build/penship_vrx/install.log --single-version-externally-managed
[0.990s] running egg_info
[0.991s] writing ../../build/penship_vrx/penship_vrx.egg-info/PKG-INFO
[0.991s] writing dependency_links to ../../build/penship_vrx/penship_vrx.egg-info/dependency_links.txt
[0.991s] writing entry points to ../../build/penship_vrx/penship_vrx.egg-info/entry_points.txt
[0.992s] writing requirements to ../../build/penship_vrx/penship_vrx.egg-info/requires.txt
[0.992s] writing top-level names to ../../build/penship_vrx/penship_vrx.egg-info/top_level.txt
[0.994s] reading manifest file '../../build/penship_vrx/penship_vrx.egg-info/SOURCES.txt'
[0.996s] writing manifest file '../../build/penship_vrx/penship_vrx.egg-info/SOURCES.txt'
[0.996s] running build
[0.996s] running build_py
[0.996s] copying penship_vrx/penship_stationkeeping.py -> /home/syauqibilfaqih/penship_ws/build/penship_vrx/build/lib/penship_vrx
[0.997s] running install
[0.997s] /usr/lib/python3/dist-packages/setuptools/command/install.py:34: SetuptoolsDeprecationWarning: setup.py install is deprecated. Use build and pip and other standards-based tools.
[0.997s]   warnings.warn(
[0.997s] running install_lib
[0.998s] copying /home/syauqibilfaqih/penship_ws/build/penship_vrx/build/lib/penship_vrx/penship_stationkeeping.py -> /home/syauqibilfaqih/penship_ws/install/penship_vrx/lib/python3.10/site-packages/penship_vrx
[1.000s] byte-compiling /home/syauqibilfaqih/penship_ws/install/penship_vrx/lib/python3.10/site-packages/penship_vrx/penship_stationkeeping.py to penship_stationkeeping.cpython-310.pyc
[1.000s] running install_data
[1.001s] running install_egg_info
[1.003s] removing '/home/syauqibilfaqih/penship_ws/install/penship_vrx/lib/python3.10/site-packages/penship_vrx-0.0.0-py3.10.egg-info' (and everything under it)
[1.003s] Copying ../../build/penship_vrx/penship_vrx.egg-info to /home/syauqibilfaqih/penship_ws/install/penship_vrx/lib/python3.10/site-packages/penship_vrx-0.0.0-py3.10.egg-info
[1.004s] running install_scripts
[1.026s] Installing stationkeeping script to /home/syauqibilfaqih/penship_ws/install/penship_vrx/lib/penship_vrx
[1.026s] writing list of installed files to '/home/syauqibilfaqih/penship_ws/build/penship_vrx/install.log'
[1.063s] Invoked command in '/home/syauqibilfaqih/penship_ws/src/penship_vrx' returned '0': PYTHONPATH=/home/syauqibilfaqih/penship_ws/build/penship_vrx/prefix_override:/home/syauqibilfaqih/penship_ws/install/penship_vrx/lib/python3.10/site-packages:${PYTHONPATH} /usr/bin/python3 setup.py egg_info --egg-base ../../build/penship_vrx build --build-base /home/syauqibilfaqih/penship_ws/build/penship_vrx/build install --record /home/syauqibilfaqih/penship_ws/build/penship_vrx/install.log --single-version-externally-managed
