[6.400s] Invoking command in '/home/syauqibilfaqih/penship_ws/src/penship_vrx': PYTHONPATH=/home/syauqibilfaqih/penship_ws/build/penship_vrx/prefix_override:/home/syauqibilfaqih/penship_ws/install/penship_vrx/lib/python3.10/site-packages:${PYTHONPATH} /usr/bin/python3 setup.py egg_info --egg-base ../../build/penship_vrx build --build-base /home/syauqibilfaqih/penship_ws/build/penship_vrx/build install --record /home/syauqibilfaqih/penship_ws/build/penship_vrx/install.log --single-version-externally-managed
[8.494s] running egg_info
[8.498s] writing ../../build/penship_vrx/penship_vrx.egg-info/PKG-INFO
[8.502s] writing dependency_links to ../../build/penship_vrx/penship_vrx.egg-info/dependency_links.txt
[8.502s] writing entry points to ../../build/penship_vrx/penship_vrx.egg-info/entry_points.txt
[8.507s] writing requirements to ../../build/penship_vrx/penship_vrx.egg-info/requires.txt
[8.509s] writing top-level names to ../../build/penship_vrx/penship_vrx.egg-info/top_level.txt
[8.522s] reading manifest file '../../build/penship_vrx/penship_vrx.egg-info/SOURCES.txt'
[8.532s] writing manifest file '../../build/penship_vrx/penship_vrx.egg-info/SOURCES.txt'
[8.533s] running build
[8.534s] running build_py
[8.537s] copying penship_vrx/penship_stationkeeping.py -> /home/syauqibilfaqih/penship_ws/build/penship_vrx/build/lib/penship_vrx
[8.539s] running install
[8.540s] /usr/lib/python3/dist-packages/setuptools/command/install.py:34: SetuptoolsDeprecationWarning: setup.py install is deprecated. Use build and pip and other standards-based tools.
[8.540s]   warnings.warn(
[8.541s] running install_lib
[8.544s] copying /home/syauqibilfaqih/penship_ws/build/penship_vrx/build/lib/penship_vrx/penship_stationkeeping.py -> /home/syauqibilfaqih/penship_ws/install/penship_vrx/lib/python3.10/site-packages/penship_vrx
[8.549s] byte-compiling /home/syauqibilfaqih/penship_ws/install/penship_vrx/lib/python3.10/site-packages/penship_vrx/penship_stationkeeping.py to penship_stationkeeping.cpython-310.pyc
[8.555s] running install_data
[8.556s] copying package.xml -> /home/syauqibilfaqih/penship_ws/install/penship_vrx/share/penship_vrx
[8.558s] running install_egg_info
[8.560s] removing '/home/syauqibilfaqih/penship_ws/install/penship_vrx/lib/python3.10/site-packages/penship_vrx-0.0.0-py3.10.egg-info' (and everything under it)
[8.563s] Copying ../../build/penship_vrx/penship_vrx.egg-info to /home/syauqibilfaqih/penship_ws/install/penship_vrx/lib/python3.10/site-packages/penship_vrx-0.0.0-py3.10.egg-info
[8.575s] running install_scripts
[8.726s] Installing stationkeeping script to /home/syauqibilfaqih/penship_ws/install/penship_vrx/lib/penship_vrx
[8.729s] writing list of installed files to '/home/syauqibilfaqih/penship_ws/build/penship_vrx/install.log'
[8.905s] Invoked command in '/home/syauqibilfaqih/penship_ws/src/penship_vrx' returned '0': PYTHONPATH=/home/syauqibilfaqih/penship_ws/build/penship_vrx/prefix_override:/home/syauqibilfaqih/penship_ws/install/penship_vrx/lib/python3.10/site-packages:${PYTHONPATH} /usr/bin/python3 setup.py egg_info --egg-base ../../build/penship_vrx build --build-base /home/syauqibilfaqih/penship_ws/build/penship_vrx/build install --record /home/syauqibilfaqih/penship_ws/build/penship_vrx/install.log --single-version-externally-managed
