[0.017s] Invoking command in '/home/syauqibilfaqih/vrx_ws/build/vrx_ros': CMAKE_PREFIX_PATH=/opt/ros/humble /home/syauqibilfaqih/bin/cmake /home/syauqibilfaqih/vrx_ws/src/vrx/vrx_ros -DCMAKE_INSTALL_PREFIX=/home/syauqibilfaqih/vrx_ws/install
[0.157s] -- The C compiler identification is GNU 11.4.0
[0.280s] -- The CXX compiler identification is GNU 11.4.0
[0.294s] -- Detecting C compiler ABI info
[0.366s] -- Detecting C compiler ABI info - done
[0.376s] -- Check for working C compiler: /usr/bin/cc - skipped
[0.377s] -- Detecting C compile features
[0.378s] -- Detecting C compile features - done
[0.384s] -- Detecting CXX compiler ABI info
[0.472s] -- Detecting CXX compiler ABI info - done
[0.486s] -- Check for working CXX compiler: /usr/bin/c++ - skipped
[0.486s] -- Detecting CXX compile features
[0.487s] -- Detecting CXX compile features - done
[0.490s] -- Found ament_cmake: 1.3.5 (/opt/ros/humble/share/ament_cmake/cmake)
[0.672s] -- Found Python3: /usr/bin/python3.10 (found version "3.10.12") found components: Interpreter 
[0.803s] -- Found geometry_msgs: 4.2.3 (/opt/ros/humble/share/geometry_msgs/cmake)
[0.859s] -- Found rosidl_generator_c: 3.1.5 (/opt/ros/humble/share/rosidl_generator_c/cmake)
[0.865s] -- Found rosidl_adapter: 3.1.5 (/opt/ros/humble/share/rosidl_adapter/cmake)
[0.877s] -- Found rosidl_generator_cpp: 3.1.5 (/opt/ros/humble/share/rosidl_generator_cpp/cmake)
[0.900s] -- Using all available rosidl_typesupport_c: rosidl_typesupport_fastrtps_c;rosidl_typesupport_introspection_c
[0.933s] -- Using all available rosidl_typesupport_cpp: rosidl_typesupport_fastrtps_cpp;rosidl_typesupport_introspection_cpp
[1.133s] -- Looking for gz-msgs9 -- found version 9.5.0
[1.145s] -- Searching for dependencies of gz-msgs9
[1.343s] -- Found Protobuf: /usr/lib/x86_64-linux-gnu/libprotobuf.so (found version "3.12.4") 
[1.346s] -- Looking for gz-math7 -- found version 7.3.0
[1.347s] -- Searching for dependencies of gz-math7
[1.350s] -- Looking for gz-utils2 -- found version 2.0.0
[1.350s] -- Searching for dependencies of gz-utils2
[1.359s] -- Checking for module 'tinyxml2'
[1.374s] --   Found tinyxml2, version 9.0.0
[1.418s] -- Looking for gz-transport12 -- found version 12.2.0
[1.419s] -- Searching for dependencies of gz-transport12
[1.447s] -- Found Protobuf: /usr/lib/x86_64-linux-gnu/libprotobuf.so (found suitable version "3.12.4", minimum required is "3") 
[1.464s] -- Config-file not installed for ZeroMQ -- checking for pkg-config
[1.473s] -- Checking for module 'libzmq >= 4'
[1.493s] --   Found libzmq , version 4.3.4
[1.541s] -- Found ZeroMQ: TRUE (Required is at least version "4") 
[1.548s] -- Checking for module 'uuid'
[1.567s] --   Found uuid, version 2.37.2
[1.605s] -- Found UUID: TRUE  
[1.606s] -- Looking for gz-utils2 -- found version 2.0.0
[1.607s] -- Searching for dependencies of gz-utils2
[1.607s] -- Searching for <gz-utils2> component [cli]
[1.610s] -- Looking for gz-utils2-cli -- found version 2.0.0
[1.611s] -- Searching for dependencies of gz-utils2-cli
[1.614s] -- Looking for gz-msgs9 -- found version 9.5.0
[1.617s] -- Found rclcpp: 16.0.5 (/opt/ros/humble/share/rclcpp/cmake)
[1.719s] -- Found rmw_implementation_cmake: 6.1.1 (/opt/ros/humble/share/rmw_implementation_cmake/cmake)
[1.724s] -- Found rmw_fastrtps_cpp: 6.2.3 (/opt/ros/humble/share/rmw_fastrtps_cpp/cmake)
[1.869s] -- Found OpenSSL: /usr/lib/x86_64-linux-gnu/libcrypto.so (found version "3.0.2")  
[1.912s] -- Found FastRTPS: /opt/ros/humble/include  
[1.985s] -- Using RMW implementation 'rmw_fastrtps_cpp' as default
[1.999s] -- Found Threads: TRUE  
[2.218s] -- Found ros_gz_interfaces: 0.244.11 (/opt/ros/humble/share/ros_gz_interfaces/cmake)
[2.387s] -- Found sensor_msgs: 4.2.3 (/opt/ros/humble/share/sensor_msgs/cmake)
[2.529s] -- Found tf2: 0.25.3 (/opt/ros/humble/share/tf2/cmake)
[2.551s] -- Found tf2_msgs: 0.25.3 (/opt/ros/humble/share/tf2_msgs/cmake)
[2.795s] -- Found tf2_ros: 0.25.3 (/opt/ros/humble/share/tf2_ros/cmake)
[3.136s] -- Configuring done
[3.162s] -- Generating done
[3.166s] -- Build files have been written to: /home/syauqibilfaqih/vrx_ws/build/vrx_ros
[3.179s] Invoked command in '/home/syauqibilfaqih/vrx_ws/build/vrx_ros' returned '0': CMAKE_PREFIX_PATH=/opt/ros/humble /home/syauqibilfaqih/bin/cmake /home/syauqibilfaqih/vrx_ws/src/vrx/vrx_ros -DCMAKE_INSTALL_PREFIX=/home/syauqibilfaqih/vrx_ws/install
[3.181s] Invoking command in '/home/syauqibilfaqih/vrx_ws/build/vrx_ros': CMAKE_PREFIX_PATH=/opt/ros/humble /home/syauqibilfaqih/bin/cmake --build /home/syauqibilfaqih/vrx_ws/build/vrx_ros -- -j4 -l4
[3.202s] [35m[1mScanning dependencies of target pose_tf_broadcaster[0m
[3.259s] [ 25%] [32mBuilding CXX object CMakeFiles/pose_tf_broadcaster.dir/src/pose_tf_broadcaster.cc.o[0m
[13.917s] [ 50%] [32m[1mLinking CXX executable pose_tf_broadcaster[0m
[14.541s] [ 50%] Built target pose_tf_broadcaster
[14.545s] [35m[1mScanning dependencies of target optical_frame_publisher[0m
[14.593s] [ 75%] [32mBuilding CXX object CMakeFiles/optical_frame_publisher.dir/src/optical_frame_publisher.cc.o[0m
[29.343s] [100%] [32m[1mLinking CXX executable optical_frame_publisher[0m
[30.328s] [100%] Built target optical_frame_publisher
[30.333s] Invoked command in '/home/syauqibilfaqih/vrx_ws/build/vrx_ros' returned '0': CMAKE_PREFIX_PATH=/opt/ros/humble /home/syauqibilfaqih/bin/cmake --build /home/syauqibilfaqih/vrx_ws/build/vrx_ros -- -j4 -l4
[30.356s] Invoking command in '/home/syauqibilfaqih/vrx_ws/build/vrx_ros': CMAKE_PREFIX_PATH=/opt/ros/humble /home/syauqibilfaqih/bin/cmake --install /home/syauqibilfaqih/vrx_ws/build/vrx_ros
[30.358s] -- Install configuration: ""
[30.358s] -- Installing: /home/syauqibilfaqih/vrx_ws/install/lib/vrx_ros/optical_frame_publisher
[30.365s] -- Set runtime path of "/home/syauqibilfaqih/vrx_ws/install/lib/vrx_ros/optical_frame_publisher" to ""
[30.365s] -- Installing: /home/syauqibilfaqih/vrx_ws/install/lib/vrx_ros/pose_tf_broadcaster
[30.370s] -- Set runtime path of "/home/syauqibilfaqih/vrx_ws/install/lib/vrx_ros/pose_tf_broadcaster" to ""
[30.370s] -- Installing: /home/syauqibilfaqih/vrx_ws/install/share/vrx_ros/launch
[30.370s] -- Installing: /home/syauqibilfaqih/vrx_ws/install/share/vrx_ros/launch/monitor_sim.py
[30.370s] -- Installing: /home/syauqibilfaqih/vrx_ws/install/share/ament_index/resource_index/package_run_dependencies/vrx_ros
[30.370s] -- Installing: /home/syauqibilfaqih/vrx_ws/install/share/ament_index/resource_index/parent_prefix_path/vrx_ros
[30.370s] -- Installing: /home/syauqibilfaqih/vrx_ws/install/share/vrx_ros/environment/ament_prefix_path.sh
[30.370s] -- Installing: /home/syauqibilfaqih/vrx_ws/install/share/vrx_ros/environment/ament_prefix_path.dsv
[30.370s] -- Installing: /home/syauqibilfaqih/vrx_ws/install/share/vrx_ros/environment/path.sh
[30.370s] -- Installing: /home/syauqibilfaqih/vrx_ws/install/share/vrx_ros/environment/path.dsv
[30.371s] -- Installing: /home/syauqibilfaqih/vrx_ws/install/share/vrx_ros/local_setup.bash
[30.371s] -- Installing: /home/syauqibilfaqih/vrx_ws/install/share/vrx_ros/local_setup.sh
[30.371s] -- Installing: /home/syauqibilfaqih/vrx_ws/install/share/vrx_ros/local_setup.zsh
[30.371s] -- Installing: /home/syauqibilfaqih/vrx_ws/install/share/vrx_ros/local_setup.dsv
[30.371s] -- Installing: /home/syauqibilfaqih/vrx_ws/install/share/vrx_ros/package.dsv
[30.371s] -- Installing: /home/syauqibilfaqih/vrx_ws/install/share/ament_index/resource_index/packages/vrx_ros
[30.371s] -- Installing: /home/syauqibilfaqih/vrx_ws/install/share/vrx_ros/cmake/vrx_rosConfig.cmake
[30.371s] -- Installing: /home/syauqibilfaqih/vrx_ws/install/share/vrx_ros/cmake/vrx_rosConfig-version.cmake
[30.372s] -- Installing: /home/syauqibilfaqih/vrx_ws/install/share/vrx_ros/package.xml
[30.376s] Invoked command in '/home/syauqibilfaqih/vrx_ws/build/vrx_ros' returned '0': CMAKE_PREFIX_PATH=/opt/ros/humble /home/syauqibilfaqih/bin/cmake --install /home/syauqibilfaqih/vrx_ws/build/vrx_ros
