[0.816s] Invoking command in '/home/syauqibilfaqih/penship_ws/src/penship_vrx': PYTHONPATH=/home/syauqibilfaqih/penship_ws/build/penship_vrx/prefix_override:/home/syauqibilfaqih/penship_ws/install/penship_vrx/lib/python3.10/site-packages:${PYTHONPATH} /usr/bin/python3 setup.py egg_info --egg-base ../../build/penship_vrx build --build-base /home/syauqibilfaqih/penship_ws/build/penship_vrx/build install --record /home/syauqibilfaqih/penship_ws/build/penship_vrx/install.log --single-version-externally-managed
[1.110s] running egg_info
[1.111s] creating ../../build/penship_vrx/penship_vrx.egg-info
[1.111s] writing ../../build/penship_vrx/penship_vrx.egg-info/PKG-INFO
[1.112s] writing dependency_links to ../../build/penship_vrx/penship_vrx.egg-info/dependency_links.txt
[1.112s] writing entry points to ../../build/penship_vrx/penship_vrx.egg-info/entry_points.txt
[1.112s] writing requirements to ../../build/penship_vrx/penship_vrx.egg-info/requires.txt
[1.112s] writing top-level names to ../../build/penship_vrx/penship_vrx.egg-info/top_level.txt
[1.113s] writing manifest file '../../build/penship_vrx/penship_vrx.egg-info/SOURCES.txt'
[1.115s] reading manifest file '../../build/penship_vrx/penship_vrx.egg-info/SOURCES.txt'
[1.116s] writing manifest file '../../build/penship_vrx/penship_vrx.egg-info/SOURCES.txt'
[1.116s] running build
[1.116s] running build_py
[1.116s] creating /home/syauqibilfaqih/penship_ws/build/penship_vrx/build
[1.116s] creating /home/syauqibilfaqih/penship_ws/build/penship_vrx/build/lib
[1.116s] creating /home/syauqibilfaqih/penship_ws/build/penship_vrx/build/lib/penship_vrx
[1.117s] copying penship_vrx/penship_stationkeeping.py -> /home/syauqibilfaqih/penship_ws/build/penship_vrx/build/lib/penship_vrx
[1.117s] copying penship_vrx/__init__.py -> /home/syauqibilfaqih/penship_ws/build/penship_vrx/build/lib/penship_vrx
[1.117s] running install
[1.121s] /usr/lib/python3/dist-packages/setuptools/command/install.py:34: SetuptoolsDeprecationWarning: setup.py install is deprecated. Use build and pip and other standards-based tools.
[1.121s]   warnings.warn(
[1.121s] running install_lib
[1.122s] creating /home/syauqibilfaqih/penship_ws/install/penship_vrx/lib/python3.10/site-packages/penship_vrx
[1.122s] copying /home/syauqibilfaqih/penship_ws/build/penship_vrx/build/lib/penship_vrx/penship_stationkeeping.py -> /home/syauqibilfaqih/penship_ws/install/penship_vrx/lib/python3.10/site-packages/penship_vrx
[1.122s] copying /home/syauqibilfaqih/penship_ws/build/penship_vrx/build/lib/penship_vrx/__init__.py -> /home/syauqibilfaqih/penship_ws/install/penship_vrx/lib/python3.10/site-packages/penship_vrx
[1.125s] byte-compiling /home/syauqibilfaqih/penship_ws/install/penship_vrx/lib/python3.10/site-packages/penship_vrx/penship_stationkeeping.py to penship_stationkeeping.cpython-310.pyc
[1.125s] byte-compiling /home/syauqibilfaqih/penship_ws/install/penship_vrx/lib/python3.10/site-packages/penship_vrx/__init__.py to __init__.cpython-310.pyc
[1.125s] running install_data
[1.127s] creating /home/syauqibilfaqih/penship_ws/install/penship_vrx/share/ament_index
[1.127s] creating /home/syauqibilfaqih/penship_ws/install/penship_vrx/share/ament_index/resource_index
[1.128s] creating /home/syauqibilfaqih/penship_ws/install/penship_vrx/share/ament_index/resource_index/packages
[1.128s] copying resource/penship_vrx -> /home/syauqibilfaqih/penship_ws/install/penship_vrx/share/ament_index/resource_index/packages
[1.128s] copying package.xml -> /home/syauqibilfaqih/penship_ws/install/penship_vrx/share/penship_vrx
[1.128s] running install_egg_info
[1.131s] Copying ../../build/penship_vrx/penship_vrx.egg-info to /home/syauqibilfaqih/penship_ws/install/penship_vrx/lib/python3.10/site-packages/penship_vrx-0.0.0-py3.10.egg-info
[1.132s] running install_scripts
[1.157s] writing list of installed files to '/home/syauqibilfaqih/penship_ws/build/penship_vrx/install.log'
[1.190s] Invoked command in '/home/syauqibilfaqih/penship_ws/src/penship_vrx' returned '0': PYTHONPATH=/home/syauqibilfaqih/penship_ws/build/penship_vrx/prefix_override:/home/syauqibilfaqih/penship_ws/install/penship_vrx/lib/python3.10/site-packages:${PYTHONPATH} /usr/bin/python3 setup.py egg_info --egg-base ../../build/penship_vrx build --build-base /home/syauqibilfaqih/penship_ws/build/penship_vrx/build install --record /home/syauqibilfaqih/penship_ws/build/penship_vrx/install.log --single-version-externally-managed
