[0.611s] DEBUG:colcon:Command line arguments: ['/usr/bin/colcon', 'build', '--merge-install']
[0.612s] DEBUG:colcon:Parsed command line arguments: Namespace(log_base=None, log_level=None, verb_name='build', build_base='build', install_base='install', merge_install=True, symlink_install=False, test_result_base=None, continue_on_error=False, executor='parallel', parallel_workers=4, event_handlers=None, ignore_user_meta=False, metas=['./colcon.meta'], base_paths=['.'], packages_ignore=None, packages_ignore_regex=None, paths=None, packages_up_to=None, packages_up_to_regex=None, packages_above=None, packages_above_and_dependencies=None, packages_above_depth=None, packages_select_by_dep=None, packages_skip_by_dep=None, packages_skip_up_to=None, packages_select_build_failed=False, packages_skip_build_finished=False, packages_select_test_failures=False, packages_skip_test_passed=False, packages_select=None, packages_skip=None, packages_select_regex=None, packages_skip_regex=None, packages_start=None, packages_end=None, allow_overriding=[], cmake_args=None, cmake_target=None, cmake_target_skip_unavailable=False, cmake_clean_cache=False, cmake_clean_first=False, cmake_force_configure=False, ament_cmake_args=None, catkin_cmake_args=None, catkin_skip_building_tests=False, verb_parser=<colcon_defaults.argument_parser.defaults.DefaultArgumentsDecorator object at 0x7f3f092e9e10>, verb_extension=<colcon_core.verb.build.BuildVerb object at 0x7f3f09aa7ca0>, main=<bound method BuildVerb.main of <colcon_core.verb.build.BuildVerb object at 0x7f3f09aa7ca0>>)
[0.663s] Level 1:colcon.colcon_core.package_discovery:discover_packages(colcon_meta) check parameters
[0.663s] Level 1:colcon.colcon_core.package_discovery:discover_packages(recursive) check parameters
[0.663s] Level 1:colcon.colcon_core.package_discovery:discover_packages(ignore) check parameters
[0.663s] Level 1:colcon.colcon_core.package_discovery:discover_packages(path) check parameters
[0.663s] Level 1:colcon.colcon_core.package_discovery:discover_packages(colcon_meta) discover
[0.663s] Level 1:colcon.colcon_core.package_discovery:discover_packages(recursive) discover
[0.663s] INFO:colcon.colcon_core.package_discovery:Crawling recursively for packages in '/home/syauqibilfaqih/vrx_ws'
[0.663s] Level 1:colcon.colcon_core.package_identification:_identify(.) by extensions ['ignore', 'ignore_ament_install']
[0.663s] Level 1:colcon.colcon_core.package_identification:_identify(.) by extension 'ignore'
[0.664s] Level 1:colcon.colcon_core.package_identification:_identify(.) by extension 'ignore_ament_install'
[0.664s] Level 1:colcon.colcon_core.package_identification:_identify(.) by extensions ['colcon_pkg']
[0.664s] Level 1:colcon.colcon_core.package_identification:_identify(.) by extension 'colcon_pkg'
[0.664s] Level 1:colcon.colcon_core.package_identification:_identify(.) by extensions ['colcon_meta']
[0.664s] Level 1:colcon.colcon_core.package_identification:_identify(.) by extension 'colcon_meta'
[0.664s] Level 1:colcon.colcon_core.package_identification:_identify(.) by extensions ['ros']
[0.664s] Level 1:colcon.colcon_core.package_identification:_identify(.) by extension 'ros'
[0.680s] Level 1:colcon.colcon_core.package_identification:_identify(.) by extensions ['cmake', 'python']
[0.680s] Level 1:colcon.colcon_core.package_identification:_identify(.) by extension 'cmake'
[0.680s] Level 1:colcon.colcon_core.package_identification:_identify(.) by extension 'python'
[0.680s] Level 1:colcon.colcon_core.package_identification:_identify(.) by extensions ['python_setup_py']
[0.680s] Level 1:colcon.colcon_core.package_identification:_identify(.) by extension 'python_setup_py'
[0.680s] Level 1:colcon.colcon_core.package_identification:_identify(build) by extensions ['ignore', 'ignore_ament_install']
[0.680s] Level 1:colcon.colcon_core.package_identification:_identify(build) by extension 'ignore'
[0.680s] Level 1:colcon.colcon_core.package_identification:_identify(build) ignored
[0.681s] Level 1:colcon.colcon_core.package_identification:_identify(install) by extensions ['ignore', 'ignore_ament_install']
[0.681s] Level 1:colcon.colcon_core.package_identification:_identify(install) by extension 'ignore'
[0.681s] Level 1:colcon.colcon_core.package_identification:_identify(install) ignored
[0.681s] Level 1:colcon.colcon_core.package_identification:_identify(log) by extensions ['ignore', 'ignore_ament_install']
[0.681s] Level 1:colcon.colcon_core.package_identification:_identify(log) by extension 'ignore'
[0.681s] Level 1:colcon.colcon_core.package_identification:_identify(log) ignored
[0.681s] Level 1:colcon.colcon_core.package_identification:_identify(src) by extensions ['ignore', 'ignore_ament_install']
[0.681s] Level 1:colcon.colcon_core.package_identification:_identify(src) by extension 'ignore'
[0.681s] Level 1:colcon.colcon_core.package_identification:_identify(src) by extension 'ignore_ament_install'
[0.681s] Level 1:colcon.colcon_core.package_identification:_identify(src) by extensions ['colcon_pkg']
[0.681s] Level 1:colcon.colcon_core.package_identification:_identify(src) by extension 'colcon_pkg'
[0.681s] Level 1:colcon.colcon_core.package_identification:_identify(src) by extensions ['colcon_meta']
[0.681s] Level 1:colcon.colcon_core.package_identification:_identify(src) by extension 'colcon_meta'
[0.682s] Level 1:colcon.colcon_core.package_identification:_identify(src) by extensions ['ros']
[0.682s] Level 1:colcon.colcon_core.package_identification:_identify(src) by extension 'ros'
[0.682s] Level 1:colcon.colcon_core.package_identification:_identify(src) by extensions ['cmake', 'python']
[0.682s] Level 1:colcon.colcon_core.package_identification:_identify(src) by extension 'cmake'
[0.682s] Level 1:colcon.colcon_core.package_identification:_identify(src) by extension 'python'
[0.682s] Level 1:colcon.colcon_core.package_identification:_identify(src) by extensions ['python_setup_py']
[0.682s] Level 1:colcon.colcon_core.package_identification:_identify(src) by extension 'python_setup_py'
[0.682s] Level 1:colcon.colcon_core.package_identification:_identify(src/vrx) by extensions ['ignore', 'ignore_ament_install']
[0.682s] Level 1:colcon.colcon_core.package_identification:_identify(src/vrx) by extension 'ignore'
[0.682s] Level 1:colcon.colcon_core.package_identification:_identify(src/vrx) by extension 'ignore_ament_install'
[0.682s] Level 1:colcon.colcon_core.package_identification:_identify(src/vrx) by extensions ['colcon_pkg']
[0.682s] Level 1:colcon.colcon_core.package_identification:_identify(src/vrx) by extension 'colcon_pkg'
[0.682s] Level 1:colcon.colcon_core.package_identification:_identify(src/vrx) by extensions ['colcon_meta']
[0.682s] Level 1:colcon.colcon_core.package_identification:_identify(src/vrx) by extension 'colcon_meta'
[0.682s] Level 1:colcon.colcon_core.package_identification:_identify(src/vrx) by extensions ['ros']
[0.682s] Level 1:colcon.colcon_core.package_identification:_identify(src/vrx) by extension 'ros'
[0.683s] Level 1:colcon.colcon_core.package_identification:_identify(src/vrx) by extensions ['cmake', 'python']
[0.683s] Level 1:colcon.colcon_core.package_identification:_identify(src/vrx) by extension 'cmake'
[0.683s] Level 1:colcon.colcon_core.package_identification:_identify(src/vrx) by extension 'python'
[0.683s] Level 1:colcon.colcon_core.package_identification:_identify(src/vrx) by extensions ['python_setup_py']
[0.683s] Level 1:colcon.colcon_core.package_identification:_identify(src/vrx) by extension 'python_setup_py'
[0.683s] Level 1:colcon.colcon_core.package_identification:_identify(src/vrx/images) by extensions ['ignore', 'ignore_ament_install']
[0.683s] Level 1:colcon.colcon_core.package_identification:_identify(src/vrx/images) by extension 'ignore'
[0.683s] Level 1:colcon.colcon_core.package_identification:_identify(src/vrx/images) by extension 'ignore_ament_install'
[0.683s] Level 1:colcon.colcon_core.package_identification:_identify(src/vrx/images) by extensions ['colcon_pkg']
[0.683s] Level 1:colcon.colcon_core.package_identification:_identify(src/vrx/images) by extension 'colcon_pkg'
[0.683s] Level 1:colcon.colcon_core.package_identification:_identify(src/vrx/images) by extensions ['colcon_meta']
[0.683s] Level 1:colcon.colcon_core.package_identification:_identify(src/vrx/images) by extension 'colcon_meta'
[0.683s] Level 1:colcon.colcon_core.package_identification:_identify(src/vrx/images) by extensions ['ros']
[0.683s] Level 1:colcon.colcon_core.package_identification:_identify(src/vrx/images) by extension 'ros'
[0.683s] Level 1:colcon.colcon_core.package_identification:_identify(src/vrx/images) by extensions ['cmake', 'python']
[0.683s] Level 1:colcon.colcon_core.package_identification:_identify(src/vrx/images) by extension 'cmake'
[0.684s] Level 1:colcon.colcon_core.package_identification:_identify(src/vrx/images) by extension 'python'
[0.684s] Level 1:colcon.colcon_core.package_identification:_identify(src/vrx/images) by extensions ['python_setup_py']
[0.684s] Level 1:colcon.colcon_core.package_identification:_identify(src/vrx/images) by extension 'python_setup_py'
[0.684s] Level 1:colcon.colcon_core.package_identification:_identify(src/vrx/vrx_gz) by extensions ['ignore', 'ignore_ament_install']
[0.684s] Level 1:colcon.colcon_core.package_identification:_identify(src/vrx/vrx_gz) by extension 'ignore'
[0.684s] Level 1:colcon.colcon_core.package_identification:_identify(src/vrx/vrx_gz) by extension 'ignore_ament_install'
[0.684s] Level 1:colcon.colcon_core.package_identification:_identify(src/vrx/vrx_gz) by extensions ['colcon_pkg']
[0.684s] Level 1:colcon.colcon_core.package_identification:_identify(src/vrx/vrx_gz) by extension 'colcon_pkg'
[0.684s] Level 1:colcon.colcon_core.package_identification:_identify(src/vrx/vrx_gz) by extensions ['colcon_meta']
[0.684s] Level 1:colcon.colcon_core.package_identification:_identify(src/vrx/vrx_gz) by extension 'colcon_meta'
[0.684s] Level 1:colcon.colcon_core.package_identification:_identify(src/vrx/vrx_gz) by extensions ['ros']
[0.684s] Level 1:colcon.colcon_core.package_identification:_identify(src/vrx/vrx_gz) by extension 'ros'
[0.688s] DEBUG:colcon.colcon_core.package_identification:Package 'src/vrx/vrx_gz' with type 'ros.ament_cmake' and name 'vrx_gz'
[0.688s] Level 1:colcon.colcon_core.package_identification:_identify(src/vrx/vrx_ros) by extensions ['ignore', 'ignore_ament_install']
[0.688s] Level 1:colcon.colcon_core.package_identification:_identify(src/vrx/vrx_ros) by extension 'ignore'
[0.688s] Level 1:colcon.colcon_core.package_identification:_identify(src/vrx/vrx_ros) by extension 'ignore_ament_install'
[0.688s] Level 1:colcon.colcon_core.package_identification:_identify(src/vrx/vrx_ros) by extensions ['colcon_pkg']
[0.688s] Level 1:colcon.colcon_core.package_identification:_identify(src/vrx/vrx_ros) by extension 'colcon_pkg'
[0.688s] Level 1:colcon.colcon_core.package_identification:_identify(src/vrx/vrx_ros) by extensions ['colcon_meta']
[0.688s] Level 1:colcon.colcon_core.package_identification:_identify(src/vrx/vrx_ros) by extension 'colcon_meta'
[0.688s] Level 1:colcon.colcon_core.package_identification:_identify(src/vrx/vrx_ros) by extensions ['ros']
[0.689s] Level 1:colcon.colcon_core.package_identification:_identify(src/vrx/vrx_ros) by extension 'ros'
[0.690s] DEBUG:colcon.colcon_core.package_identification:Package 'src/vrx/vrx_ros' with type 'ros.ament_cmake' and name 'vrx_ros'
[0.690s] Level 1:colcon.colcon_core.package_identification:_identify(src/vrx/vrx_urdf) by extensions ['ignore', 'ignore_ament_install']
[0.690s] Level 1:colcon.colcon_core.package_identification:_identify(src/vrx/vrx_urdf) by extension 'ignore'
[0.690s] Level 1:colcon.colcon_core.package_identification:_identify(src/vrx/vrx_urdf) by extension 'ignore_ament_install'
[0.690s] Level 1:colcon.colcon_core.package_identification:_identify(src/vrx/vrx_urdf) by extensions ['colcon_pkg']
[0.690s] Level 1:colcon.colcon_core.package_identification:_identify(src/vrx/vrx_urdf) by extension 'colcon_pkg'
[0.690s] Level 1:colcon.colcon_core.package_identification:_identify(src/vrx/vrx_urdf) by extensions ['colcon_meta']
[0.690s] Level 1:colcon.colcon_core.package_identification:_identify(src/vrx/vrx_urdf) by extension 'colcon_meta'
[0.690s] Level 1:colcon.colcon_core.package_identification:_identify(src/vrx/vrx_urdf) by extensions ['ros']
[0.691s] Level 1:colcon.colcon_core.package_identification:_identify(src/vrx/vrx_urdf) by extension 'ros'
[0.691s] Level 1:colcon.colcon_core.package_identification:_identify(src/vrx/vrx_urdf) by extensions ['cmake', 'python']
[0.691s] Level 1:colcon.colcon_core.package_identification:_identify(src/vrx/vrx_urdf) by extension 'cmake'
[0.691s] Level 1:colcon.colcon_core.package_identification:_identify(src/vrx/vrx_urdf) by extension 'python'
[0.691s] Level 1:colcon.colcon_core.package_identification:_identify(src/vrx/vrx_urdf) by extensions ['python_setup_py']
[0.691s] Level 1:colcon.colcon_core.package_identification:_identify(src/vrx/vrx_urdf) by extension 'python_setup_py'
[0.691s] Level 1:colcon.colcon_core.package_identification:_identify(src/vrx/vrx_urdf/vrx_gazebo) by extensions ['ignore', 'ignore_ament_install']
[0.691s] Level 1:colcon.colcon_core.package_identification:_identify(src/vrx/vrx_urdf/vrx_gazebo) by extension 'ignore'
[0.691s] Level 1:colcon.colcon_core.package_identification:_identify(src/vrx/vrx_urdf/vrx_gazebo) by extension 'ignore_ament_install'
[0.691s] Level 1:colcon.colcon_core.package_identification:_identify(src/vrx/vrx_urdf/vrx_gazebo) by extensions ['colcon_pkg']
[0.691s] Level 1:colcon.colcon_core.package_identification:_identify(src/vrx/vrx_urdf/vrx_gazebo) by extension 'colcon_pkg'
[0.691s] Level 1:colcon.colcon_core.package_identification:_identify(src/vrx/vrx_urdf/vrx_gazebo) by extensions ['colcon_meta']
[0.691s] Level 1:colcon.colcon_core.package_identification:_identify(src/vrx/vrx_urdf/vrx_gazebo) by extension 'colcon_meta'
[0.691s] Level 1:colcon.colcon_core.package_identification:_identify(src/vrx/vrx_urdf/vrx_gazebo) by extensions ['ros']
[0.691s] Level 1:colcon.colcon_core.package_identification:_identify(src/vrx/vrx_urdf/vrx_gazebo) by extension 'ros'
[0.692s] DEBUG:colcon.colcon_core.package_identification:Package 'src/vrx/vrx_urdf/vrx_gazebo' with type 'ros.ament_cmake' and name 'vrx_gazebo'
[0.693s] Level 1:colcon.colcon_core.package_identification:_identify(src/vrx/vrx_urdf/wamv_description) by extensions ['ignore', 'ignore_ament_install']
[0.693s] Level 1:colcon.colcon_core.package_identification:_identify(src/vrx/vrx_urdf/wamv_description) by extension 'ignore'
[0.693s] Level 1:colcon.colcon_core.package_identification:_identify(src/vrx/vrx_urdf/wamv_description) by extension 'ignore_ament_install'
[0.693s] Level 1:colcon.colcon_core.package_identification:_identify(src/vrx/vrx_urdf/wamv_description) by extensions ['colcon_pkg']
[0.693s] Level 1:colcon.colcon_core.package_identification:_identify(src/vrx/vrx_urdf/wamv_description) by extension 'colcon_pkg'
[0.693s] Level 1:colcon.colcon_core.package_identification:_identify(src/vrx/vrx_urdf/wamv_description) by extensions ['colcon_meta']
[0.693s] Level 1:colcon.colcon_core.package_identification:_identify(src/vrx/vrx_urdf/wamv_description) by extension 'colcon_meta'
[0.693s] Level 1:colcon.colcon_core.package_identification:_identify(src/vrx/vrx_urdf/wamv_description) by extensions ['ros']
[0.693s] Level 1:colcon.colcon_core.package_identification:_identify(src/vrx/vrx_urdf/wamv_description) by extension 'ros'
[0.694s] DEBUG:colcon.colcon_core.package_identification:Package 'src/vrx/vrx_urdf/wamv_description' with type 'ros.ament_cmake' and name 'wamv_description'
[0.694s] Level 1:colcon.colcon_core.package_identification:_identify(src/vrx/vrx_urdf/wamv_gazebo) by extensions ['ignore', 'ignore_ament_install']
[0.694s] Level 1:colcon.colcon_core.package_identification:_identify(src/vrx/vrx_urdf/wamv_gazebo) by extension 'ignore'
[0.694s] Level 1:colcon.colcon_core.package_identification:_identify(src/vrx/vrx_urdf/wamv_gazebo) by extension 'ignore_ament_install'
[0.695s] Level 1:colcon.colcon_core.package_identification:_identify(src/vrx/vrx_urdf/wamv_gazebo) by extensions ['colcon_pkg']
[0.695s] Level 1:colcon.colcon_core.package_identification:_identify(src/vrx/vrx_urdf/wamv_gazebo) by extension 'colcon_pkg'
[0.695s] Level 1:colcon.colcon_core.package_identification:_identify(src/vrx/vrx_urdf/wamv_gazebo) by extensions ['colcon_meta']
[0.695s] Level 1:colcon.colcon_core.package_identification:_identify(src/vrx/vrx_urdf/wamv_gazebo) by extension 'colcon_meta'
[0.695s] Level 1:colcon.colcon_core.package_identification:_identify(src/vrx/vrx_urdf/wamv_gazebo) by extensions ['ros']
[0.695s] Level 1:colcon.colcon_core.package_identification:_identify(src/vrx/vrx_urdf/wamv_gazebo) by extension 'ros'
[0.696s] DEBUG:colcon.colcon_core.package_identification:Package 'src/vrx/vrx_urdf/wamv_gazebo' with type 'ros.ament_cmake' and name 'wamv_gazebo'
[0.696s] Level 1:colcon.colcon_core.package_discovery:discover_packages(recursive) using defaults
[0.696s] Level 1:colcon.colcon_core.package_discovery:discover_packages(ignore) discover
[0.696s] Level 1:colcon.colcon_core.package_discovery:discover_packages(ignore) using defaults
[0.696s] Level 1:colcon.colcon_core.package_discovery:discover_packages(path) discover
[0.696s] Level 1:colcon.colcon_core.package_discovery:discover_packages(path) using defaults
[0.736s] Level 1:colcon.colcon_core.package_discovery:discover_packages(prefix_path) check parameters
[0.736s] Level 1:colcon.colcon_core.package_discovery:discover_packages(prefix_path) discover
[0.742s] DEBUG:colcon.colcon_installed_package_information.package_discovery:Found 5 installed packages in /home/syauqibilfaqih/vrx_ws/install
[0.745s] DEBUG:colcon.colcon_installed_package_information.package_discovery:Found 288 installed packages in /opt/ros/humble
[0.746s] Level 1:colcon.colcon_core.package_discovery:discover_packages(prefix_path) using defaults
[0.825s] Level 5:colcon.colcon_core.verb:set package 'vrx_gazebo' build argument 'cmake_args' from command line to 'None'
[0.825s] Level 5:colcon.colcon_core.verb:set package 'vrx_gazebo' build argument 'cmake_target' from command line to 'None'
[0.825s] Level 5:colcon.colcon_core.verb:set package 'vrx_gazebo' build argument 'cmake_target_skip_unavailable' from command line to 'False'
[0.825s] Level 5:colcon.colcon_core.verb:set package 'vrx_gazebo' build argument 'cmake_clean_cache' from command line to 'False'
[0.825s] Level 5:colcon.colcon_core.verb:set package 'vrx_gazebo' build argument 'cmake_clean_first' from command line to 'False'
[0.825s] Level 5:colcon.colcon_core.verb:set package 'vrx_gazebo' build argument 'cmake_force_configure' from command line to 'False'
[0.825s] Level 5:colcon.colcon_core.verb:set package 'vrx_gazebo' build argument 'ament_cmake_args' from command line to 'None'
[0.825s] Level 5:colcon.colcon_core.verb:set package 'vrx_gazebo' build argument 'catkin_cmake_args' from command line to 'None'
[0.825s] Level 5:colcon.colcon_core.verb:set package 'vrx_gazebo' build argument 'catkin_skip_building_tests' from command line to 'False'
[0.826s] DEBUG:colcon.colcon_core.verb:Building package 'vrx_gazebo' with the following arguments: {'ament_cmake_args': None, 'build_base': '/home/syauqibilfaqih/vrx_ws/build/vrx_gazebo', 'catkin_cmake_args': None, 'catkin_skip_building_tests': False, 'cmake_args': None, 'cmake_clean_cache': False, 'cmake_clean_first': False, 'cmake_force_configure': False, 'cmake_target': None, 'cmake_target_skip_unavailable': False, 'install_base': '/home/syauqibilfaqih/vrx_ws/install', 'merge_install': True, 'path': '/home/syauqibilfaqih/vrx_ws/src/vrx/vrx_urdf/vrx_gazebo', 'symlink_install': False, 'test_result_base': None}
[0.827s] Level 5:colcon.colcon_core.verb:set package 'vrx_ros' build argument 'cmake_args' from command line to 'None'
[0.827s] Level 5:colcon.colcon_core.verb:set package 'vrx_ros' build argument 'cmake_target' from command line to 'None'
[0.827s] Level 5:colcon.colcon_core.verb:set package 'vrx_ros' build argument 'cmake_target_skip_unavailable' from command line to 'False'
[0.827s] Level 5:colcon.colcon_core.verb:set package 'vrx_ros' build argument 'cmake_clean_cache' from command line to 'False'
[0.827s] Level 5:colcon.colcon_core.verb:set package 'vrx_ros' build argument 'cmake_clean_first' from command line to 'False'
[0.827s] Level 5:colcon.colcon_core.verb:set package 'vrx_ros' build argument 'cmake_force_configure' from command line to 'False'
[0.827s] Level 5:colcon.colcon_core.verb:set package 'vrx_ros' build argument 'ament_cmake_args' from command line to 'None'
[0.827s] Level 5:colcon.colcon_core.verb:set package 'vrx_ros' build argument 'catkin_cmake_args' from command line to 'None'
[0.827s] Level 5:colcon.colcon_core.verb:set package 'vrx_ros' build argument 'catkin_skip_building_tests' from command line to 'False'
[0.827s] DEBUG:colcon.colcon_core.verb:Building package 'vrx_ros' with the following arguments: {'ament_cmake_args': None, 'build_base': '/home/syauqibilfaqih/vrx_ws/build/vrx_ros', 'catkin_cmake_args': None, 'catkin_skip_building_tests': False, 'cmake_args': None, 'cmake_clean_cache': False, 'cmake_clean_first': False, 'cmake_force_configure': False, 'cmake_target': None, 'cmake_target_skip_unavailable': False, 'install_base': '/home/syauqibilfaqih/vrx_ws/install', 'merge_install': True, 'path': '/home/syauqibilfaqih/vrx_ws/src/vrx/vrx_ros', 'symlink_install': False, 'test_result_base': None}
[0.829s] Level 5:colcon.colcon_core.verb:set package 'vrx_gz' build argument 'cmake_args' from command line to 'None'
[0.829s] Level 5:colcon.colcon_core.verb:set package 'vrx_gz' build argument 'cmake_target' from command line to 'None'
[0.829s] Level 5:colcon.colcon_core.verb:set package 'vrx_gz' build argument 'cmake_target_skip_unavailable' from command line to 'False'
[0.829s] Level 5:colcon.colcon_core.verb:set package 'vrx_gz' build argument 'cmake_clean_cache' from command line to 'False'
[0.829s] Level 5:colcon.colcon_core.verb:set package 'vrx_gz' build argument 'cmake_clean_first' from command line to 'False'
[0.829s] Level 5:colcon.colcon_core.verb:set package 'vrx_gz' build argument 'cmake_force_configure' from command line to 'False'
[0.829s] Level 5:colcon.colcon_core.verb:set package 'vrx_gz' build argument 'ament_cmake_args' from command line to 'None'
[0.829s] Level 5:colcon.colcon_core.verb:set package 'vrx_gz' build argument 'catkin_cmake_args' from command line to 'None'
[0.829s] Level 5:colcon.colcon_core.verb:set package 'vrx_gz' build argument 'catkin_skip_building_tests' from command line to 'False'
[0.829s] DEBUG:colcon.colcon_core.verb:Building package 'vrx_gz' with the following arguments: {'ament_cmake_args': None, 'build_base': '/home/syauqibilfaqih/vrx_ws/build/vrx_gz', 'catkin_cmake_args': None, 'catkin_skip_building_tests': False, 'cmake_args': None, 'cmake_clean_cache': False, 'cmake_clean_first': False, 'cmake_force_configure': False, 'cmake_target': None, 'cmake_target_skip_unavailable': False, 'install_base': '/home/syauqibilfaqih/vrx_ws/install', 'merge_install': True, 'path': '/home/syauqibilfaqih/vrx_ws/src/vrx/vrx_gz', 'symlink_install': False, 'test_result_base': None}
[0.830s] Level 5:colcon.colcon_core.verb:set package 'wamv_description' build argument 'cmake_args' from command line to 'None'
[0.830s] Level 5:colcon.colcon_core.verb:set package 'wamv_description' build argument 'cmake_target' from command line to 'None'
[0.830s] Level 5:colcon.colcon_core.verb:set package 'wamv_description' build argument 'cmake_target_skip_unavailable' from command line to 'False'
[0.830s] Level 5:colcon.colcon_core.verb:set package 'wamv_description' build argument 'cmake_clean_cache' from command line to 'False'
[0.830s] Level 5:colcon.colcon_core.verb:set package 'wamv_description' build argument 'cmake_clean_first' from command line to 'False'
[0.830s] Level 5:colcon.colcon_core.verb:set package 'wamv_description' build argument 'cmake_force_configure' from command line to 'False'
[0.830s] Level 5:colcon.colcon_core.verb:set package 'wamv_description' build argument 'ament_cmake_args' from command line to 'None'
[0.830s] Level 5:colcon.colcon_core.verb:set package 'wamv_description' build argument 'catkin_cmake_args' from command line to 'None'
[0.830s] Level 5:colcon.colcon_core.verb:set package 'wamv_description' build argument 'catkin_skip_building_tests' from command line to 'False'
[0.830s] DEBUG:colcon.colcon_core.verb:Building package 'wamv_description' with the following arguments: {'ament_cmake_args': None, 'build_base': '/home/syauqibilfaqih/vrx_ws/build/wamv_description', 'catkin_cmake_args': None, 'catkin_skip_building_tests': False, 'cmake_args': None, 'cmake_clean_cache': False, 'cmake_clean_first': False, 'cmake_force_configure': False, 'cmake_target': None, 'cmake_target_skip_unavailable': False, 'install_base': '/home/syauqibilfaqih/vrx_ws/install', 'merge_install': True, 'path': '/home/syauqibilfaqih/vrx_ws/src/vrx/vrx_urdf/wamv_description', 'symlink_install': False, 'test_result_base': None}
[0.832s] Level 5:colcon.colcon_core.verb:set package 'wamv_gazebo' build argument 'cmake_args' from command line to 'None'
[0.832s] Level 5:colcon.colcon_core.verb:set package 'wamv_gazebo' build argument 'cmake_target' from command line to 'None'
[0.832s] Level 5:colcon.colcon_core.verb:set package 'wamv_gazebo' build argument 'cmake_target_skip_unavailable' from command line to 'False'
[0.832s] Level 5:colcon.colcon_core.verb:set package 'wamv_gazebo' build argument 'cmake_clean_cache' from command line to 'False'
[0.832s] Level 5:colcon.colcon_core.verb:set package 'wamv_gazebo' build argument 'cmake_clean_first' from command line to 'False'
[0.832s] Level 5:colcon.colcon_core.verb:set package 'wamv_gazebo' build argument 'cmake_force_configure' from command line to 'False'
[0.832s] Level 5:colcon.colcon_core.verb:set package 'wamv_gazebo' build argument 'ament_cmake_args' from command line to 'None'
[0.832s] Level 5:colcon.colcon_core.verb:set package 'wamv_gazebo' build argument 'catkin_cmake_args' from command line to 'None'
[0.832s] Level 5:colcon.colcon_core.verb:set package 'wamv_gazebo' build argument 'catkin_skip_building_tests' from command line to 'False'
[0.832s] DEBUG:colcon.colcon_core.verb:Building package 'wamv_gazebo' with the following arguments: {'ament_cmake_args': None, 'build_base': '/home/syauqibilfaqih/vrx_ws/build/wamv_gazebo', 'catkin_cmake_args': None, 'catkin_skip_building_tests': False, 'cmake_args': None, 'cmake_clean_cache': False, 'cmake_clean_first': False, 'cmake_force_configure': False, 'cmake_target': None, 'cmake_target_skip_unavailable': False, 'install_base': '/home/syauqibilfaqih/vrx_ws/install', 'merge_install': True, 'path': '/home/syauqibilfaqih/vrx_ws/src/vrx/vrx_urdf/wamv_gazebo', 'symlink_install': False, 'test_result_base': None}
[0.833s] INFO:colcon.colcon_core.executor:Executing jobs using 'parallel' executor
[0.837s] DEBUG:colcon.colcon_parallel_executor.executor.parallel:run_until_complete
[0.837s] INFO:colcon.colcon_ros.task.ament_cmake.build:Building ROS package in '/home/syauqibilfaqih/vrx_ws/src/vrx/vrx_urdf/vrx_gazebo' with build type 'ament_cmake'
[0.838s] INFO:colcon.colcon_cmake.task.cmake.build:Building CMake package in '/home/syauqibilfaqih/vrx_ws/src/vrx/vrx_urdf/vrx_gazebo'
[0.848s] INFO:colcon.colcon_core.plugin_system:Skipping extension 'colcon_core.shell.bat': Not used on non-Windows systems
[0.848s] INFO:colcon.colcon_core.shell:Skip shell extension 'powershell' for command environment: Not usable outside of PowerShell
[0.848s] DEBUG:colcon.colcon_core.shell:Skip shell extension 'dsv' for command environment
[0.858s] INFO:colcon.colcon_ros.task.ament_cmake.build:Building ROS package in '/home/syauqibilfaqih/vrx_ws/src/vrx/vrx_ros' with build type 'ament_cmake'
[0.858s] INFO:colcon.colcon_cmake.task.cmake.build:Building CMake package in '/home/syauqibilfaqih/vrx_ws/src/vrx/vrx_ros'
[0.861s] INFO:colcon.colcon_core.shell:Skip shell extension 'powershell' for command environment: Not usable outside of PowerShell
[0.861s] DEBUG:colcon.colcon_core.shell:Skip shell extension 'dsv' for command environment
[0.876s] DEBUG:colcon.colcon_core.event_handler.log_command:Invoking command in '/home/syauqibilfaqih/vrx_ws/build/vrx_gazebo': CMAKE_PREFIX_PATH=${CMAKE_PREFIX_PATH}:/opt/ros/humble /home/syauqibilfaqih/bin/cmake --build /home/syauqibilfaqih/vrx_ws/build/vrx_gazebo -- -j4 -l4
[0.890s] DEBUG:colcon.colcon_core.event_handler.log_command:Invoking command in '/home/syauqibilfaqih/vrx_ws/build/vrx_ros': CMAKE_PREFIX_PATH=${CMAKE_PREFIX_PATH}:/opt/ros/humble /home/syauqibilfaqih/bin/cmake --build /home/syauqibilfaqih/vrx_ws/build/vrx_ros -- -j4 -l4
[0.993s] DEBUG:colcon.colcon_core.event_handler.log_command:Invoked command in '/home/syauqibilfaqih/vrx_ws/build/vrx_ros' returned '0': CMAKE_PREFIX_PATH=${CMAKE_PREFIX_PATH}:/opt/ros/humble /home/syauqibilfaqih/bin/cmake --build /home/syauqibilfaqih/vrx_ws/build/vrx_ros -- -j4 -l4
[1.034s] DEBUG:colcon.colcon_core.event_handler.log_command:Invoking command in '/home/syauqibilfaqih/vrx_ws/build/vrx_ros': CMAKE_PREFIX_PATH=${CMAKE_PREFIX_PATH}:/opt/ros/humble /home/syauqibilfaqih/bin/cmake --install /home/syauqibilfaqih/vrx_ws/build/vrx_ros
[1.042s] Level 1:colcon.colcon_core.environment:create_environment_scripts_only(vrx_ros)
[1.044s] DEBUG:colcon.colcon_core.event_handler.log_command:Invoked command in '/home/syauqibilfaqih/vrx_ws/build/vrx_ros' returned '0': CMAKE_PREFIX_PATH=${CMAKE_PREFIX_PATH}:/opt/ros/humble /home/syauqibilfaqih/bin/cmake --install /home/syauqibilfaqih/vrx_ws/build/vrx_ros
[1.059s] Level 1:colcon.colcon_core.environment:checking '/home/syauqibilfaqih/vrx_ws/install' for CMake module files
[1.060s] Level 1:colcon.colcon_core.environment:checking '/home/syauqibilfaqih/vrx_ws/install' for CMake config files
[1.061s] Level 1:colcon.colcon_core.shell:create_environment_hook('vrx_ros', 'cmake_prefix_path')
[1.065s] INFO:colcon.colcon_core.shell:Creating environment hook '/home/syauqibilfaqih/vrx_ws/install/share/vrx_ros/hook/cmake_prefix_path.ps1'
[1.067s] INFO:colcon.colcon_core.shell:Creating environment descriptor '/home/syauqibilfaqih/vrx_ws/install/share/vrx_ros/hook/cmake_prefix_path.dsv'
[1.068s] INFO:colcon.colcon_core.shell:Creating environment hook '/home/syauqibilfaqih/vrx_ws/install/share/vrx_ros/hook/cmake_prefix_path.sh'
[1.071s] Level 1:colcon.colcon_core.environment:checking '/home/syauqibilfaqih/vrx_ws/install/lib'
[1.071s] Level 1:colcon.colcon_core.shell:create_environment_hook('vrx_ros', 'ld_library_path_lib')
[1.074s] INFO:colcon.colcon_core.shell:Creating environment hook '/home/syauqibilfaqih/vrx_ws/install/share/vrx_ros/hook/ld_library_path_lib.ps1'
[1.075s] INFO:colcon.colcon_core.shell:Creating environment descriptor '/home/syauqibilfaqih/vrx_ws/install/share/vrx_ros/hook/ld_library_path_lib.dsv'
[1.076s] INFO:colcon.colcon_core.shell:Creating environment hook '/home/syauqibilfaqih/vrx_ws/install/share/vrx_ros/hook/ld_library_path_lib.sh'
[1.076s] Level 1:colcon.colcon_core.environment:checking '/home/syauqibilfaqih/vrx_ws/install/bin'
[1.076s] Level 1:colcon.colcon_core.environment:checking '/home/syauqibilfaqih/vrx_ws/install/lib/pkgconfig/vrx_ros.pc'
[1.077s] Level 1:colcon.colcon_core.environment:checking '/home/syauqibilfaqih/vrx_ws/install/lib/python3.10/site-packages'
[1.077s] Level 1:colcon.colcon_core.environment:checking '/home/syauqibilfaqih/vrx_ws/install/bin'
[1.080s] INFO:colcon.colcon_core.shell:Creating package script '/home/syauqibilfaqih/vrx_ws/install/share/vrx_ros/package.ps1'
[1.082s] INFO:colcon.colcon_core.shell:Creating package descriptor '/home/syauqibilfaqih/vrx_ws/install/share/vrx_ros/package.dsv'
[1.083s] INFO:colcon.colcon_core.shell:Creating package script '/home/syauqibilfaqih/vrx_ws/install/share/vrx_ros/package.sh'
[1.085s] INFO:colcon.colcon_core.shell:Creating package script '/home/syauqibilfaqih/vrx_ws/install/share/vrx_ros/package.bash'
[1.087s] INFO:colcon.colcon_core.shell:Creating package script '/home/syauqibilfaqih/vrx_ws/install/share/vrx_ros/package.zsh'
[1.089s] Level 1:colcon.colcon_core.environment:create_file_with_runtime_dependencies(/home/syauqibilfaqih/vrx_ws/install/share/colcon-core/packages/vrx_ros)
[1.126s] Level 1:colcon.colcon_core.environment:create_environment_scripts_only(vrx_ros)
[1.129s] Level 1:colcon.colcon_core.environment:checking '/home/syauqibilfaqih/vrx_ws/install' for CMake module files
[1.130s] Level 1:colcon.colcon_core.environment:checking '/home/syauqibilfaqih/vrx_ws/install' for CMake config files
[1.130s] Level 1:colcon.colcon_core.shell:create_environment_hook('vrx_ros', 'cmake_prefix_path')
[1.132s] INFO:colcon.colcon_core.shell:Creating environment hook '/home/syauqibilfaqih/vrx_ws/install/share/vrx_ros/hook/cmake_prefix_path.ps1'
[1.133s] INFO:colcon.colcon_core.shell:Creating environment descriptor '/home/syauqibilfaqih/vrx_ws/install/share/vrx_ros/hook/cmake_prefix_path.dsv'
[1.133s] INFO:colcon.colcon_core.shell:Creating environment hook '/home/syauqibilfaqih/vrx_ws/install/share/vrx_ros/hook/cmake_prefix_path.sh'
[1.134s] Level 1:colcon.colcon_core.environment:checking '/home/syauqibilfaqih/vrx_ws/install/lib'
[1.134s] Level 1:colcon.colcon_core.shell:create_environment_hook('vrx_ros', 'ld_library_path_lib')
[1.136s] INFO:colcon.colcon_core.shell:Creating environment hook '/home/syauqibilfaqih/vrx_ws/install/share/vrx_ros/hook/ld_library_path_lib.ps1'
[1.137s] INFO:colcon.colcon_core.shell:Creating environment descriptor '/home/syauqibilfaqih/vrx_ws/install/share/vrx_ros/hook/ld_library_path_lib.dsv'
[1.138s] INFO:colcon.colcon_core.shell:Creating environment hook '/home/syauqibilfaqih/vrx_ws/install/share/vrx_ros/hook/ld_library_path_lib.sh'
[1.138s] Level 1:colcon.colcon_core.environment:checking '/home/syauqibilfaqih/vrx_ws/install/bin'
[1.138s] Level 1:colcon.colcon_core.environment:checking '/home/syauqibilfaqih/vrx_ws/install/lib/pkgconfig/vrx_ros.pc'
[1.139s] Level 1:colcon.colcon_core.environment:checking '/home/syauqibilfaqih/vrx_ws/install/lib/python3.10/site-packages'
[1.139s] Level 1:colcon.colcon_core.environment:checking '/home/syauqibilfaqih/vrx_ws/install/bin'
[1.141s] INFO:colcon.colcon_core.shell:Creating package script '/home/syauqibilfaqih/vrx_ws/install/share/vrx_ros/package.ps1'
[1.142s] INFO:colcon.colcon_core.shell:Creating package descriptor '/home/syauqibilfaqih/vrx_ws/install/share/vrx_ros/package.dsv'
[1.143s] INFO:colcon.colcon_core.shell:Creating package script '/home/syauqibilfaqih/vrx_ws/install/share/vrx_ros/package.sh'
[1.143s] INFO:colcon.colcon_core.shell:Creating package script '/home/syauqibilfaqih/vrx_ws/install/share/vrx_ros/package.bash'
[1.144s] INFO:colcon.colcon_core.shell:Creating package script '/home/syauqibilfaqih/vrx_ws/install/share/vrx_ros/package.zsh'
[1.144s] Level 1:colcon.colcon_core.environment:create_file_with_runtime_dependencies(/home/syauqibilfaqih/vrx_ws/install/share/colcon-core/packages/vrx_ros)
[1.145s] INFO:colcon.colcon_ros.task.ament_cmake.build:Building ROS package in '/home/syauqibilfaqih/vrx_ws/src/vrx/vrx_gz' with build type 'ament_cmake'
[1.145s] INFO:colcon.colcon_cmake.task.cmake.build:Building CMake package in '/home/syauqibilfaqih/vrx_ws/src/vrx/vrx_gz'
[1.147s] INFO:colcon.colcon_core.shell:Skip shell extension 'powershell' for command environment: Not usable outside of PowerShell
[1.148s] DEBUG:colcon.colcon_core.shell:Skip shell extension 'dsv' for command environment
[1.167s] DEBUG:colcon.colcon_core.event_handler.log_command:Invoking command in '/home/syauqibilfaqih/vrx_ws/build/vrx_gz': CMAKE_PREFIX_PATH=${CMAKE_PREFIX_PATH}:/opt/ros/humble /home/syauqibilfaqih/bin/cmake --build /home/syauqibilfaqih/vrx_ws/build/vrx_gz -- -j4 -l4
[1.697s] DEBUG:colcon.colcon_core.event_handler.log_command:Invoked command in '/home/syauqibilfaqih/vrx_ws/build/vrx_gazebo' returned '0': CMAKE_PREFIX_PATH=${CMAKE_PREFIX_PATH}:/opt/ros/humble /home/syauqibilfaqih/bin/cmake --build /home/syauqibilfaqih/vrx_ws/build/vrx_gazebo -- -j4 -l4
[1.724s] DEBUG:colcon.colcon_core.event_handler.log_command:Invoking command in '/home/syauqibilfaqih/vrx_ws/build/vrx_gazebo': CMAKE_PREFIX_PATH=${CMAKE_PREFIX_PATH}:/opt/ros/humble /home/syauqibilfaqih/bin/cmake --install /home/syauqibilfaqih/vrx_ws/build/vrx_gazebo
[1.802s] Level 1:colcon.colcon_core.environment:create_environment_scripts_only(vrx_gazebo)
[1.806s] Level 1:colcon.colcon_core.environment:checking '/home/syauqibilfaqih/vrx_ws/install' for CMake module files
[1.808s] DEBUG:colcon.colcon_core.event_handler.log_command:Invoked command in '/home/syauqibilfaqih/vrx_ws/build/vrx_gazebo' returned '0': CMAKE_PREFIX_PATH=${CMAKE_PREFIX_PATH}:/opt/ros/humble /home/syauqibilfaqih/bin/cmake --install /home/syauqibilfaqih/vrx_ws/build/vrx_gazebo
[1.808s] Level 1:colcon.colcon_core.environment:checking '/home/syauqibilfaqih/vrx_ws/install' for CMake config files
[1.809s] Level 1:colcon.colcon_core.shell:create_environment_hook('vrx_gazebo', 'cmake_prefix_path')
[1.813s] INFO:colcon.colcon_core.shell:Creating environment hook '/home/syauqibilfaqih/vrx_ws/install/share/vrx_gazebo/hook/cmake_prefix_path.ps1'
[1.814s] INFO:colcon.colcon_core.shell:Creating environment descriptor '/home/syauqibilfaqih/vrx_ws/install/share/vrx_gazebo/hook/cmake_prefix_path.dsv'
[1.814s] INFO:colcon.colcon_core.shell:Creating environment hook '/home/syauqibilfaqih/vrx_ws/install/share/vrx_gazebo/hook/cmake_prefix_path.sh'
[1.815s] Level 1:colcon.colcon_core.environment:checking '/home/syauqibilfaqih/vrx_ws/install/lib'
[1.815s] Level 1:colcon.colcon_core.shell:create_environment_hook('vrx_gazebo', 'ld_library_path_lib')
[1.817s] INFO:colcon.colcon_core.shell:Creating environment hook '/home/syauqibilfaqih/vrx_ws/install/share/vrx_gazebo/hook/ld_library_path_lib.ps1'
[1.818s] INFO:colcon.colcon_core.shell:Creating environment descriptor '/home/syauqibilfaqih/vrx_ws/install/share/vrx_gazebo/hook/ld_library_path_lib.dsv'
[1.818s] INFO:colcon.colcon_core.shell:Creating environment hook '/home/syauqibilfaqih/vrx_ws/install/share/vrx_gazebo/hook/ld_library_path_lib.sh'
[1.819s] Level 1:colcon.colcon_core.environment:checking '/home/syauqibilfaqih/vrx_ws/install/bin'
[1.819s] Level 1:colcon.colcon_core.environment:checking '/home/syauqibilfaqih/vrx_ws/install/lib/pkgconfig/vrx_gazebo.pc'
[1.819s] Level 1:colcon.colcon_core.environment:checking '/home/syauqibilfaqih/vrx_ws/install/lib/python3.10/site-packages'
[1.819s] Level 1:colcon.colcon_core.environment:checking '/home/syauqibilfaqih/vrx_ws/install/bin'
[1.821s] INFO:colcon.colcon_core.shell:Creating package script '/home/syauqibilfaqih/vrx_ws/install/share/vrx_gazebo/package.ps1'
[1.822s] INFO:colcon.colcon_core.shell:Creating package descriptor '/home/syauqibilfaqih/vrx_ws/install/share/vrx_gazebo/package.dsv'
[1.823s] INFO:colcon.colcon_core.shell:Creating package script '/home/syauqibilfaqih/vrx_ws/install/share/vrx_gazebo/package.sh'
[1.824s] INFO:colcon.colcon_core.shell:Creating package script '/home/syauqibilfaqih/vrx_ws/install/share/vrx_gazebo/package.bash'
[1.824s] INFO:colcon.colcon_core.shell:Creating package script '/home/syauqibilfaqih/vrx_ws/install/share/vrx_gazebo/package.zsh'
[1.824s] Level 1:colcon.colcon_core.environment:create_file_with_runtime_dependencies(/home/syauqibilfaqih/vrx_ws/install/share/colcon-core/packages/vrx_gazebo)
[1.853s] Level 1:colcon.colcon_core.environment:create_environment_scripts_only(vrx_gazebo)
[1.856s] Level 1:colcon.colcon_core.environment:checking '/home/syauqibilfaqih/vrx_ws/install' for CMake module files
[1.856s] Level 1:colcon.colcon_core.environment:checking '/home/syauqibilfaqih/vrx_ws/install' for CMake config files
[1.857s] Level 1:colcon.colcon_core.shell:create_environment_hook('vrx_gazebo', 'cmake_prefix_path')
[1.859s] INFO:colcon.colcon_core.shell:Creating environment hook '/home/syauqibilfaqih/vrx_ws/install/share/vrx_gazebo/hook/cmake_prefix_path.ps1'
[1.860s] INFO:colcon.colcon_core.shell:Creating environment descriptor '/home/syauqibilfaqih/vrx_ws/install/share/vrx_gazebo/hook/cmake_prefix_path.dsv'
[1.860s] INFO:colcon.colcon_core.shell:Creating environment hook '/home/syauqibilfaqih/vrx_ws/install/share/vrx_gazebo/hook/cmake_prefix_path.sh'
[1.861s] Level 1:colcon.colcon_core.environment:checking '/home/syauqibilfaqih/vrx_ws/install/lib'
[1.861s] Level 1:colcon.colcon_core.shell:create_environment_hook('vrx_gazebo', 'ld_library_path_lib')
[1.863s] INFO:colcon.colcon_core.shell:Creating environment hook '/home/syauqibilfaqih/vrx_ws/install/share/vrx_gazebo/hook/ld_library_path_lib.ps1'
[1.864s] INFO:colcon.colcon_core.shell:Creating environment descriptor '/home/syauqibilfaqih/vrx_ws/install/share/vrx_gazebo/hook/ld_library_path_lib.dsv'
[1.865s] INFO:colcon.colcon_core.shell:Creating environment hook '/home/syauqibilfaqih/vrx_ws/install/share/vrx_gazebo/hook/ld_library_path_lib.sh'
[1.867s] Level 1:colcon.colcon_core.environment:checking '/home/syauqibilfaqih/vrx_ws/install/bin'
[1.867s] Level 1:colcon.colcon_core.environment:checking '/home/syauqibilfaqih/vrx_ws/install/lib/pkgconfig/vrx_gazebo.pc'
[1.868s] Level 1:colcon.colcon_core.environment:checking '/home/syauqibilfaqih/vrx_ws/install/lib/python3.10/site-packages'
[1.868s] Level 1:colcon.colcon_core.environment:checking '/home/syauqibilfaqih/vrx_ws/install/bin'
[1.872s] INFO:colcon.colcon_core.shell:Creating package script '/home/syauqibilfaqih/vrx_ws/install/share/vrx_gazebo/package.ps1'
[1.873s] INFO:colcon.colcon_core.shell:Creating package descriptor '/home/syauqibilfaqih/vrx_ws/install/share/vrx_gazebo/package.dsv'
[1.873s] INFO:colcon.colcon_core.shell:Creating package script '/home/syauqibilfaqih/vrx_ws/install/share/vrx_gazebo/package.sh'
[1.874s] INFO:colcon.colcon_core.shell:Creating package script '/home/syauqibilfaqih/vrx_ws/install/share/vrx_gazebo/package.bash'
[1.875s] INFO:colcon.colcon_core.shell:Creating package script '/home/syauqibilfaqih/vrx_ws/install/share/vrx_gazebo/package.zsh'
[1.875s] Level 1:colcon.colcon_core.environment:create_file_with_runtime_dependencies(/home/syauqibilfaqih/vrx_ws/install/share/colcon-core/packages/vrx_gazebo)
[1.876s] INFO:colcon.colcon_ros.task.ament_cmake.build:Building ROS package in '/home/syauqibilfaqih/vrx_ws/src/vrx/vrx_urdf/wamv_description' with build type 'ament_cmake'
[1.876s] INFO:colcon.colcon_cmake.task.cmake.build:Building CMake package in '/home/syauqibilfaqih/vrx_ws/src/vrx/vrx_urdf/wamv_description'
[1.878s] INFO:colcon.colcon_core.shell:Skip shell extension 'powershell' for command environment: Not usable outside of PowerShell
[1.878s] DEBUG:colcon.colcon_core.shell:Skip shell extension 'dsv' for command environment
[1.901s] DEBUG:colcon.colcon_core.event_handler.log_command:Invoking command in '/home/syauqibilfaqih/vrx_ws/build/wamv_description': CMAKE_PREFIX_PATH=${CMAKE_PREFIX_PATH}:/opt/ros/humble GZ_SIM_RESOURCE_PATH=/home/syauqibilfaqih/vrx_ws/install/share:${GZ_SIM_RESOURCE_PATH} /home/syauqibilfaqih/bin/cmake --build /home/syauqibilfaqih/vrx_ws/build/wamv_description -- -j4 -l4
[1.940s] DEBUG:colcon.colcon_core.event_handler.log_command:Invoked command in '/home/syauqibilfaqih/vrx_ws/build/wamv_description' returned '0': CMAKE_PREFIX_PATH=${CMAKE_PREFIX_PATH}:/opt/ros/humble GZ_SIM_RESOURCE_PATH=/home/syauqibilfaqih/vrx_ws/install/share:${GZ_SIM_RESOURCE_PATH} /home/syauqibilfaqih/bin/cmake --build /home/syauqibilfaqih/vrx_ws/build/wamv_description -- -j4 -l4
[1.966s] DEBUG:colcon.colcon_core.event_handler.log_command:Invoked command in '/home/syauqibilfaqih/vrx_ws/build/vrx_gz' returned '0': CMAKE_PREFIX_PATH=${CMAKE_PREFIX_PATH}:/opt/ros/humble /home/syauqibilfaqih/bin/cmake --build /home/syauqibilfaqih/vrx_ws/build/vrx_gz -- -j4 -l4
[1.976s] DEBUG:colcon.colcon_core.event_handler.log_command:Invoking command in '/home/syauqibilfaqih/vrx_ws/build/wamv_description': CMAKE_PREFIX_PATH=${CMAKE_PREFIX_PATH}:/opt/ros/humble GZ_SIM_RESOURCE_PATH=/home/syauqibilfaqih/vrx_ws/install/share:${GZ_SIM_RESOURCE_PATH} /home/syauqibilfaqih/bin/cmake --install /home/syauqibilfaqih/vrx_ws/build/wamv_description
[1.990s] Level 1:colcon.colcon_core.environment:create_environment_scripts_only(wamv_description)
[1.994s] Level 1:colcon.colcon_core.environment:checking '/home/syauqibilfaqih/vrx_ws/install' for CMake module files
[1.997s] Level 1:colcon.colcon_core.environment:checking '/home/syauqibilfaqih/vrx_ws/install' for CMake config files
[2.001s] DEBUG:colcon.colcon_core.event_handler.log_command:Invoked command in '/home/syauqibilfaqih/vrx_ws/build/wamv_description' returned '0': CMAKE_PREFIX_PATH=${CMAKE_PREFIX_PATH}:/opt/ros/humble GZ_SIM_RESOURCE_PATH=/home/syauqibilfaqih/vrx_ws/install/share:${GZ_SIM_RESOURCE_PATH} /home/syauqibilfaqih/bin/cmake --install /home/syauqibilfaqih/vrx_ws/build/wamv_description
[2.002s] Level 1:colcon.colcon_core.shell:create_environment_hook('wamv_description', 'cmake_prefix_path')
[2.004s] INFO:colcon.colcon_core.shell:Creating environment hook '/home/syauqibilfaqih/vrx_ws/install/share/wamv_description/hook/cmake_prefix_path.ps1'
[2.005s] INFO:colcon.colcon_core.shell:Creating environment descriptor '/home/syauqibilfaqih/vrx_ws/install/share/wamv_description/hook/cmake_prefix_path.dsv'
[2.005s] INFO:colcon.colcon_core.shell:Creating environment hook '/home/syauqibilfaqih/vrx_ws/install/share/wamv_description/hook/cmake_prefix_path.sh'
[2.006s] Level 1:colcon.colcon_core.environment:checking '/home/syauqibilfaqih/vrx_ws/install/lib'
[2.006s] Level 1:colcon.colcon_core.shell:create_environment_hook('wamv_description', 'ld_library_path_lib')
[2.009s] INFO:colcon.colcon_core.shell:Creating environment hook '/home/syauqibilfaqih/vrx_ws/install/share/wamv_description/hook/ld_library_path_lib.ps1'
[2.010s] INFO:colcon.colcon_core.shell:Creating environment descriptor '/home/syauqibilfaqih/vrx_ws/install/share/wamv_description/hook/ld_library_path_lib.dsv'
[2.010s] INFO:colcon.colcon_core.shell:Creating environment hook '/home/syauqibilfaqih/vrx_ws/install/share/wamv_description/hook/ld_library_path_lib.sh'
[2.011s] Level 1:colcon.colcon_core.environment:checking '/home/syauqibilfaqih/vrx_ws/install/bin'
[2.011s] Level 1:colcon.colcon_core.environment:checking '/home/syauqibilfaqih/vrx_ws/install/lib/pkgconfig/wamv_description.pc'
[2.011s] Level 1:colcon.colcon_core.environment:checking '/home/syauqibilfaqih/vrx_ws/install/lib/python3.10/site-packages'
[2.011s] Level 1:colcon.colcon_core.environment:checking '/home/syauqibilfaqih/vrx_ws/install/bin'
[2.014s] INFO:colcon.colcon_core.shell:Creating package script '/home/syauqibilfaqih/vrx_ws/install/share/wamv_description/package.ps1'
[2.015s] INFO:colcon.colcon_core.shell:Creating package descriptor '/home/syauqibilfaqih/vrx_ws/install/share/wamv_description/package.dsv'
[2.015s] INFO:colcon.colcon_core.shell:Creating package script '/home/syauqibilfaqih/vrx_ws/install/share/wamv_description/package.sh'
[2.016s] INFO:colcon.colcon_core.shell:Creating package script '/home/syauqibilfaqih/vrx_ws/install/share/wamv_description/package.bash'
[2.016s] INFO:colcon.colcon_core.shell:Creating package script '/home/syauqibilfaqih/vrx_ws/install/share/wamv_description/package.zsh'
[2.017s] Level 1:colcon.colcon_core.environment:create_file_with_runtime_dependencies(/home/syauqibilfaqih/vrx_ws/install/share/colcon-core/packages/wamv_description)
[2.043s] Level 1:colcon.colcon_core.environment:create_environment_scripts_only(wamv_description)
[2.047s] Level 1:colcon.colcon_core.environment:checking '/home/syauqibilfaqih/vrx_ws/install' for CMake module files
[2.047s] Level 1:colcon.colcon_core.environment:checking '/home/syauqibilfaqih/vrx_ws/install' for CMake config files
[2.048s] Level 1:colcon.colcon_core.shell:create_environment_hook('wamv_description', 'cmake_prefix_path')
[2.050s] INFO:colcon.colcon_core.shell:Creating environment hook '/home/syauqibilfaqih/vrx_ws/install/share/wamv_description/hook/cmake_prefix_path.ps1'
[2.051s] INFO:colcon.colcon_core.shell:Creating environment descriptor '/home/syauqibilfaqih/vrx_ws/install/share/wamv_description/hook/cmake_prefix_path.dsv'
[2.051s] INFO:colcon.colcon_core.shell:Creating environment hook '/home/syauqibilfaqih/vrx_ws/install/share/wamv_description/hook/cmake_prefix_path.sh'
[2.052s] Level 1:colcon.colcon_core.environment:checking '/home/syauqibilfaqih/vrx_ws/install/lib'
[2.052s] Level 1:colcon.colcon_core.shell:create_environment_hook('wamv_description', 'ld_library_path_lib')
[2.054s] INFO:colcon.colcon_core.shell:Creating environment hook '/home/syauqibilfaqih/vrx_ws/install/share/wamv_description/hook/ld_library_path_lib.ps1'
[2.055s] INFO:colcon.colcon_core.shell:Creating environment descriptor '/home/syauqibilfaqih/vrx_ws/install/share/wamv_description/hook/ld_library_path_lib.dsv'
[2.055s] INFO:colcon.colcon_core.shell:Creating environment hook '/home/syauqibilfaqih/vrx_ws/install/share/wamv_description/hook/ld_library_path_lib.sh'
[2.056s] Level 1:colcon.colcon_core.environment:checking '/home/syauqibilfaqih/vrx_ws/install/bin'
[2.056s] Level 1:colcon.colcon_core.environment:checking '/home/syauqibilfaqih/vrx_ws/install/lib/pkgconfig/wamv_description.pc'
[2.056s] Level 1:colcon.colcon_core.environment:checking '/home/syauqibilfaqih/vrx_ws/install/lib/python3.10/site-packages'
[2.056s] Level 1:colcon.colcon_core.environment:checking '/home/syauqibilfaqih/vrx_ws/install/bin'
[2.059s] INFO:colcon.colcon_core.shell:Creating package script '/home/syauqibilfaqih/vrx_ws/install/share/wamv_description/package.ps1'
[2.060s] INFO:colcon.colcon_core.shell:Creating package descriptor '/home/syauqibilfaqih/vrx_ws/install/share/wamv_description/package.dsv'
[2.061s] INFO:colcon.colcon_core.shell:Creating package script '/home/syauqibilfaqih/vrx_ws/install/share/wamv_description/package.sh'
[2.061s] INFO:colcon.colcon_core.shell:Creating package script '/home/syauqibilfaqih/vrx_ws/install/share/wamv_description/package.bash'
[2.062s] INFO:colcon.colcon_core.shell:Creating package script '/home/syauqibilfaqih/vrx_ws/install/share/wamv_description/package.zsh'
[2.063s] Level 1:colcon.colcon_core.environment:create_file_with_runtime_dependencies(/home/syauqibilfaqih/vrx_ws/install/share/colcon-core/packages/wamv_description)
[2.063s] INFO:colcon.colcon_ros.task.ament_cmake.build:Building ROS package in '/home/syauqibilfaqih/vrx_ws/src/vrx/vrx_urdf/wamv_gazebo' with build type 'ament_cmake'
[2.063s] INFO:colcon.colcon_cmake.task.cmake.build:Building CMake package in '/home/syauqibilfaqih/vrx_ws/src/vrx/vrx_urdf/wamv_gazebo'
[2.066s] INFO:colcon.colcon_core.shell:Skip shell extension 'powershell' for command environment: Not usable outside of PowerShell
[2.067s] DEBUG:colcon.colcon_core.shell:Skip shell extension 'dsv' for command environment
[2.091s] DEBUG:colcon.colcon_core.event_handler.log_command:Invoking command in '/home/syauqibilfaqih/vrx_ws/build/wamv_gazebo': CMAKE_PREFIX_PATH=${CMAKE_PREFIX_PATH}:/opt/ros/humble GZ_SIM_RESOURCE_PATH=/home/syauqibilfaqih/vrx_ws/install/share:${GZ_SIM_RESOURCE_PATH} /home/syauqibilfaqih/bin/cmake --build /home/syauqibilfaqih/vrx_ws/build/wamv_gazebo -- -j4 -l4
[2.115s] DEBUG:colcon.colcon_core.event_handler.log_command:Invoked command in '/home/syauqibilfaqih/vrx_ws/build/wamv_gazebo' returned '0': CMAKE_PREFIX_PATH=${CMAKE_PREFIX_PATH}:/opt/ros/humble GZ_SIM_RESOURCE_PATH=/home/syauqibilfaqih/vrx_ws/install/share:${GZ_SIM_RESOURCE_PATH} /home/syauqibilfaqih/bin/cmake --build /home/syauqibilfaqih/vrx_ws/build/wamv_gazebo -- -j4 -l4
[2.131s] DEBUG:colcon.colcon_core.event_handler.log_command:Invoking command in '/home/syauqibilfaqih/vrx_ws/build/vrx_gz': CMAKE_PREFIX_PATH=${CMAKE_PREFIX_PATH}:/opt/ros/humble /home/syauqibilfaqih/bin/cmake --install /home/syauqibilfaqih/vrx_ws/build/vrx_gz
[2.144s] DEBUG:colcon.colcon_core.event_handler.log_command:Invoking command in '/home/syauqibilfaqih/vrx_ws/build/wamv_gazebo': CMAKE_PREFIX_PATH=${CMAKE_PREFIX_PATH}:/opt/ros/humble GZ_SIM_RESOURCE_PATH=/home/syauqibilfaqih/vrx_ws/install/share:${GZ_SIM_RESOURCE_PATH} /home/syauqibilfaqih/bin/cmake --install /home/syauqibilfaqih/vrx_ws/build/wamv_gazebo
[2.153s] Level 1:colcon.colcon_core.environment:create_environment_scripts_only(wamv_gazebo)
[2.158s] Level 1:colcon.colcon_core.environment:checking '/home/syauqibilfaqih/vrx_ws/install' for CMake module files
[2.164s] Level 1:colcon.colcon_core.environment:checking '/home/syauqibilfaqih/vrx_ws/install' for CMake config files
[2.168s] DEBUG:colcon.colcon_core.event_handler.log_command:Invoked command in '/home/syauqibilfaqih/vrx_ws/build/wamv_gazebo' returned '0': CMAKE_PREFIX_PATH=${CMAKE_PREFIX_PATH}:/opt/ros/humble GZ_SIM_RESOURCE_PATH=/home/syauqibilfaqih/vrx_ws/install/share:${GZ_SIM_RESOURCE_PATH} /home/syauqibilfaqih/bin/cmake --install /home/syauqibilfaqih/vrx_ws/build/wamv_gazebo
[2.169s] Level 1:colcon.colcon_core.shell:create_environment_hook('wamv_gazebo', 'cmake_prefix_path')
[2.176s] INFO:colcon.colcon_core.shell:Creating environment hook '/home/syauqibilfaqih/vrx_ws/install/share/wamv_gazebo/hook/cmake_prefix_path.ps1'
[2.179s] INFO:colcon.colcon_core.shell:Creating environment descriptor '/home/syauqibilfaqih/vrx_ws/install/share/wamv_gazebo/hook/cmake_prefix_path.dsv'
[2.182s] INFO:colcon.colcon_core.shell:Creating environment hook '/home/syauqibilfaqih/vrx_ws/install/share/wamv_gazebo/hook/cmake_prefix_path.sh'
[2.184s] Level 1:colcon.colcon_core.environment:checking '/home/syauqibilfaqih/vrx_ws/install/lib'
[2.184s] Level 1:colcon.colcon_core.shell:create_environment_hook('wamv_gazebo', 'ld_library_path_lib')
[2.188s] INFO:colcon.colcon_core.shell:Creating environment hook '/home/syauqibilfaqih/vrx_ws/install/share/wamv_gazebo/hook/ld_library_path_lib.ps1'
[2.190s] INFO:colcon.colcon_core.shell:Creating environment descriptor '/home/syauqibilfaqih/vrx_ws/install/share/wamv_gazebo/hook/ld_library_path_lib.dsv'
[2.191s] INFO:colcon.colcon_core.shell:Creating environment hook '/home/syauqibilfaqih/vrx_ws/install/share/wamv_gazebo/hook/ld_library_path_lib.sh'
[2.191s] Level 1:colcon.colcon_core.environment:checking '/home/syauqibilfaqih/vrx_ws/install/bin'
[2.191s] Level 1:colcon.colcon_core.environment:checking '/home/syauqibilfaqih/vrx_ws/install/lib/pkgconfig/wamv_gazebo.pc'
[2.191s] Level 1:colcon.colcon_core.environment:checking '/home/syauqibilfaqih/vrx_ws/install/lib/python3.10/site-packages'
[2.192s] Level 1:colcon.colcon_core.environment:checking '/home/syauqibilfaqih/vrx_ws/install/bin'
[2.195s] INFO:colcon.colcon_core.shell:Creating package script '/home/syauqibilfaqih/vrx_ws/install/share/wamv_gazebo/package.ps1'
[2.195s] INFO:colcon.colcon_core.shell:Creating package descriptor '/home/syauqibilfaqih/vrx_ws/install/share/wamv_gazebo/package.dsv'
[2.196s] INFO:colcon.colcon_core.shell:Creating package script '/home/syauqibilfaqih/vrx_ws/install/share/wamv_gazebo/package.sh'
[2.197s] INFO:colcon.colcon_core.shell:Creating package script '/home/syauqibilfaqih/vrx_ws/install/share/wamv_gazebo/package.bash'
[2.197s] INFO:colcon.colcon_core.shell:Creating package script '/home/syauqibilfaqih/vrx_ws/install/share/wamv_gazebo/package.zsh'
[2.198s] Level 1:colcon.colcon_core.environment:create_file_with_runtime_dependencies(/home/syauqibilfaqih/vrx_ws/install/share/colcon-core/packages/wamv_gazebo)
[2.224s] Level 1:colcon.colcon_core.environment:create_environment_scripts_only(wamv_gazebo)
[2.227s] Level 1:colcon.colcon_core.environment:checking '/home/syauqibilfaqih/vrx_ws/install' for CMake module files
[2.228s] Level 1:colcon.colcon_core.environment:checking '/home/syauqibilfaqih/vrx_ws/install' for CMake config files
[2.229s] Level 1:colcon.colcon_core.shell:create_environment_hook('wamv_gazebo', 'cmake_prefix_path')
[2.232s] INFO:colcon.colcon_core.shell:Creating environment hook '/home/syauqibilfaqih/vrx_ws/install/share/wamv_gazebo/hook/cmake_prefix_path.ps1'
[2.234s] INFO:colcon.colcon_core.shell:Creating environment descriptor '/home/syauqibilfaqih/vrx_ws/install/share/wamv_gazebo/hook/cmake_prefix_path.dsv'
[2.236s] INFO:colcon.colcon_core.shell:Creating environment hook '/home/syauqibilfaqih/vrx_ws/install/share/wamv_gazebo/hook/cmake_prefix_path.sh'
[2.240s] Level 1:colcon.colcon_core.environment:checking '/home/syauqibilfaqih/vrx_ws/install/lib'
[2.241s] Level 1:colcon.colcon_core.shell:create_environment_hook('wamv_gazebo', 'ld_library_path_lib')
[2.244s] INFO:colcon.colcon_core.shell:Creating environment hook '/home/syauqibilfaqih/vrx_ws/install/share/wamv_gazebo/hook/ld_library_path_lib.ps1'
[2.246s] INFO:colcon.colcon_core.shell:Creating environment descriptor '/home/syauqibilfaqih/vrx_ws/install/share/wamv_gazebo/hook/ld_library_path_lib.dsv'
[2.248s] INFO:colcon.colcon_core.shell:Creating environment hook '/home/syauqibilfaqih/vrx_ws/install/share/wamv_gazebo/hook/ld_library_path_lib.sh'
[2.249s] Level 1:colcon.colcon_core.environment:checking '/home/syauqibilfaqih/vrx_ws/install/bin'
[2.249s] Level 1:colcon.colcon_core.environment:checking '/home/syauqibilfaqih/vrx_ws/install/lib/pkgconfig/wamv_gazebo.pc'
[2.249s] Level 1:colcon.colcon_core.environment:checking '/home/syauqibilfaqih/vrx_ws/install/lib/python3.10/site-packages'
[2.250s] Level 1:colcon.colcon_core.environment:checking '/home/syauqibilfaqih/vrx_ws/install/bin'
[2.252s] INFO:colcon.colcon_core.shell:Creating package script '/home/syauqibilfaqih/vrx_ws/install/share/wamv_gazebo/package.ps1'
[2.253s] INFO:colcon.colcon_core.shell:Creating package descriptor '/home/syauqibilfaqih/vrx_ws/install/share/wamv_gazebo/package.dsv'
[2.254s] INFO:colcon.colcon_core.shell:Creating package script '/home/syauqibilfaqih/vrx_ws/install/share/wamv_gazebo/package.sh'
[2.256s] INFO:colcon.colcon_core.shell:Creating package script '/home/syauqibilfaqih/vrx_ws/install/share/wamv_gazebo/package.bash'
[2.257s] INFO:colcon.colcon_core.shell:Creating package script '/home/syauqibilfaqih/vrx_ws/install/share/wamv_gazebo/package.zsh'
[2.258s] Level 1:colcon.colcon_core.environment:create_file_with_runtime_dependencies(/home/syauqibilfaqih/vrx_ws/install/share/colcon-core/packages/wamv_gazebo)
[2.260s] Level 1:colcon.colcon_core.environment:create_environment_scripts_only(vrx_gz)
[2.264s] Level 1:colcon.colcon_core.environment:checking '/home/syauqibilfaqih/vrx_ws/install' for CMake module files
[2.268s] Level 1:colcon.colcon_core.environment:checking '/home/syauqibilfaqih/vrx_ws/install' for CMake config files
[2.270s] Level 1:colcon.colcon_core.shell:create_environment_hook('vrx_gz', 'cmake_prefix_path')
[2.273s] INFO:colcon.colcon_core.shell:Creating environment hook '/home/syauqibilfaqih/vrx_ws/install/share/vrx_gz/hook/cmake_prefix_path.ps1'
[2.274s] INFO:colcon.colcon_core.shell:Creating environment descriptor '/home/syauqibilfaqih/vrx_ws/install/share/vrx_gz/hook/cmake_prefix_path.dsv'
[2.275s] INFO:colcon.colcon_core.shell:Creating environment hook '/home/syauqibilfaqih/vrx_ws/install/share/vrx_gz/hook/cmake_prefix_path.sh'
[2.276s] Level 1:colcon.colcon_core.environment:checking '/home/syauqibilfaqih/vrx_ws/install/lib'
[2.276s] Level 1:colcon.colcon_core.shell:create_environment_hook('vrx_gz', 'ld_library_path_lib')
[2.278s] INFO:colcon.colcon_core.shell:Creating environment hook '/home/syauqibilfaqih/vrx_ws/install/share/vrx_gz/hook/ld_library_path_lib.ps1'
[2.279s] INFO:colcon.colcon_core.shell:Creating environment descriptor '/home/syauqibilfaqih/vrx_ws/install/share/vrx_gz/hook/ld_library_path_lib.dsv'
[2.279s] INFO:colcon.colcon_core.shell:Creating environment hook '/home/syauqibilfaqih/vrx_ws/install/share/vrx_gz/hook/ld_library_path_lib.sh'
[2.280s] Level 1:colcon.colcon_core.environment:checking '/home/syauqibilfaqih/vrx_ws/install/bin'
[2.280s] Level 1:colcon.colcon_core.environment:checking '/home/syauqibilfaqih/vrx_ws/install/lib/pkgconfig/vrx_gz.pc'
[2.281s] Level 1:colcon.colcon_core.environment:checking '/home/syauqibilfaqih/vrx_ws/install/lib/python3.10/site-packages'
[2.281s] Level 1:colcon.colcon_core.environment:checking '/home/syauqibilfaqih/vrx_ws/install/bin'
[2.283s] INFO:colcon.colcon_core.shell:Creating package script '/home/syauqibilfaqih/vrx_ws/install/share/vrx_gz/package.ps1'
[2.284s] INFO:colcon.colcon_core.shell:Creating package descriptor '/home/syauqibilfaqih/vrx_ws/install/share/vrx_gz/package.dsv'
[2.285s] INFO:colcon.colcon_core.shell:Creating package script '/home/syauqibilfaqih/vrx_ws/install/share/vrx_gz/package.sh'
[2.286s] INFO:colcon.colcon_core.shell:Creating package script '/home/syauqibilfaqih/vrx_ws/install/share/vrx_gz/package.bash'
[2.289s] INFO:colcon.colcon_core.shell:Creating package script '/home/syauqibilfaqih/vrx_ws/install/share/vrx_gz/package.zsh'
[2.290s] Level 1:colcon.colcon_core.environment:create_file_with_runtime_dependencies(/home/syauqibilfaqih/vrx_ws/install/share/colcon-core/packages/vrx_gz)
[2.293s] DEBUG:colcon.colcon_core.event_handler.log_command:Invoked command in '/home/syauqibilfaqih/vrx_ws/build/vrx_gz' returned '0': CMAKE_PREFIX_PATH=${CMAKE_PREFIX_PATH}:/opt/ros/humble /home/syauqibilfaqih/bin/cmake --install /home/syauqibilfaqih/vrx_ws/build/vrx_gz
[2.425s] Level 1:colcon.colcon_core.environment:create_environment_scripts_only(vrx_gz)
[2.427s] Level 1:colcon.colcon_core.environment:checking '/home/syauqibilfaqih/vrx_ws/install' for CMake module files
[2.428s] Level 1:colcon.colcon_core.environment:checking '/home/syauqibilfaqih/vrx_ws/install' for CMake config files
[2.428s] Level 1:colcon.colcon_core.shell:create_environment_hook('vrx_gz', 'cmake_prefix_path')
[2.430s] INFO:colcon.colcon_core.shell:Creating environment hook '/home/syauqibilfaqih/vrx_ws/install/share/vrx_gz/hook/cmake_prefix_path.ps1'
[2.430s] INFO:colcon.colcon_core.shell:Creating environment descriptor '/home/syauqibilfaqih/vrx_ws/install/share/vrx_gz/hook/cmake_prefix_path.dsv'
[2.430s] INFO:colcon.colcon_core.shell:Creating environment hook '/home/syauqibilfaqih/vrx_ws/install/share/vrx_gz/hook/cmake_prefix_path.sh'
[2.431s] Level 1:colcon.colcon_core.environment:checking '/home/syauqibilfaqih/vrx_ws/install/lib'
[2.431s] Level 1:colcon.colcon_core.shell:create_environment_hook('vrx_gz', 'ld_library_path_lib')
[2.433s] INFO:colcon.colcon_core.shell:Creating environment hook '/home/syauqibilfaqih/vrx_ws/install/share/vrx_gz/hook/ld_library_path_lib.ps1'
[2.433s] INFO:colcon.colcon_core.shell:Creating environment descriptor '/home/syauqibilfaqih/vrx_ws/install/share/vrx_gz/hook/ld_library_path_lib.dsv'
[2.433s] INFO:colcon.colcon_core.shell:Creating environment hook '/home/syauqibilfaqih/vrx_ws/install/share/vrx_gz/hook/ld_library_path_lib.sh'
[2.434s] Level 1:colcon.colcon_core.environment:checking '/home/syauqibilfaqih/vrx_ws/install/bin'
[2.434s] Level 1:colcon.colcon_core.environment:checking '/home/syauqibilfaqih/vrx_ws/install/lib/pkgconfig/vrx_gz.pc'
[2.434s] Level 1:colcon.colcon_core.environment:checking '/home/syauqibilfaqih/vrx_ws/install/lib/python3.10/site-packages'
[2.434s] Level 1:colcon.colcon_core.environment:checking '/home/syauqibilfaqih/vrx_ws/install/bin'
[2.436s] INFO:colcon.colcon_core.shell:Creating package script '/home/syauqibilfaqih/vrx_ws/install/share/vrx_gz/package.ps1'
[2.437s] INFO:colcon.colcon_core.shell:Creating package descriptor '/home/syauqibilfaqih/vrx_ws/install/share/vrx_gz/package.dsv'
[2.438s] INFO:colcon.colcon_core.shell:Creating package script '/home/syauqibilfaqih/vrx_ws/install/share/vrx_gz/package.sh'
[2.438s] INFO:colcon.colcon_core.shell:Creating package script '/home/syauqibilfaqih/vrx_ws/install/share/vrx_gz/package.bash'
[2.439s] INFO:colcon.colcon_core.shell:Creating package script '/home/syauqibilfaqih/vrx_ws/install/share/vrx_gz/package.zsh'
[2.439s] Level 1:colcon.colcon_core.environment:create_file_with_runtime_dependencies(/home/syauqibilfaqih/vrx_ws/install/share/colcon-core/packages/vrx_gz)
[2.440s] DEBUG:colcon.colcon_parallel_executor.executor.parallel:closing loop
[2.440s] DEBUG:colcon.colcon_parallel_executor.executor.parallel:loop closed
[2.440s] DEBUG:colcon.colcon_parallel_executor.executor.parallel:run_until_complete finished with '0'
[2.440s] DEBUG:colcon.colcon_core.event_reactor:joining thread
[2.456s] INFO:colcon.colcon_core.plugin_system:Skipping extension 'colcon_notification.desktop_notification.terminal_notifier': Not used on non-Darwin systems
[2.456s] INFO:colcon.colcon_core.plugin_system:Skipping extension 'colcon_notification.desktop_notification.win32': Not used on non-Windows systems
[2.456s] INFO:colcon.colcon_notification.desktop_notification:Sending desktop notification using 'notify2'
[2.544s] DEBUG:colcon.colcon_core.event_reactor:joined thread
[2.546s] INFO:colcon.colcon_core.shell:Creating prefix script '/home/syauqibilfaqih/vrx_ws/install/local_setup.ps1'
[2.549s] INFO:colcon.colcon_core.shell:Creating prefix util module '/home/syauqibilfaqih/vrx_ws/install/_local_setup_util_ps1.py'
[2.552s] INFO:colcon.colcon_core.shell:Creating prefix chain script '/home/syauqibilfaqih/vrx_ws/install/setup.ps1'
[2.555s] INFO:colcon.colcon_core.shell:Creating prefix script '/home/syauqibilfaqih/vrx_ws/install/local_setup.sh'
[2.556s] INFO:colcon.colcon_core.shell:Creating prefix util module '/home/syauqibilfaqih/vrx_ws/install/_local_setup_util_sh.py'
[2.557s] INFO:colcon.colcon_core.shell:Creating prefix chain script '/home/syauqibilfaqih/vrx_ws/install/setup.sh'
[2.560s] INFO:colcon.colcon_core.shell:Creating prefix script '/home/syauqibilfaqih/vrx_ws/install/local_setup.bash'
[2.561s] INFO:colcon.colcon_core.shell:Creating prefix chain script '/home/syauqibilfaqih/vrx_ws/install/setup.bash'
[2.563s] INFO:colcon.colcon_core.shell:Creating prefix script '/home/syauqibilfaqih/vrx_ws/install/local_setup.zsh'
[2.564s] INFO:colcon.colcon_core.shell:Creating prefix chain script '/home/syauqibilfaqih/vrx_ws/install/setup.zsh'
