[5.836s] Invoking command in '/home/syauqibilfaqih/penship_ws/src/penship_vrx': PYTHONPATH=/home/syauqibilfaqih/penship_ws/src/build/penship_vrx/prefix_override:/home/syauqibilfaqih/penship_ws/src/install/penship_vrx/lib/python3.10/site-packages:${PYTHONPATH} /usr/bin/python3 setup.py egg_info --egg-base ../build/penship_vrx build --build-base /home/syauqibilfaqih/penship_ws/src/build/penship_vrx/build install --record /home/syauqibilfaqih/penship_ws/src/build/penship_vrx/install.log --single-version-externally-managed
[8.088s] running egg_info
[8.099s] writing ../build/penship_vrx/penship_vrx.egg-info/PKG-INFO
[8.100s] writing dependency_links to ../build/penship_vrx/penship_vrx.egg-info/dependency_links.txt
[8.100s] writing entry points to ../build/penship_vrx/penship_vrx.egg-info/entry_points.txt
[8.100s] writing requirements to ../build/penship_vrx/penship_vrx.egg-info/requires.txt
[8.100s] writing top-level names to ../build/penship_vrx/penship_vrx.egg-info/top_level.txt
[8.104s] reading manifest file '../build/penship_vrx/penship_vrx.egg-info/SOURCES.txt'
[8.109s] writing manifest file '../build/penship_vrx/penship_vrx.egg-info/SOURCES.txt'
[8.110s] running build
[8.111s] running build_py
[8.117s] running install
[8.117s] /usr/lib/python3/dist-packages/setuptools/command/install.py:34: SetuptoolsDeprecationWarning: setup.py install is deprecated. Use build and pip and other standards-based tools.
[8.121s]   warnings.warn(
[8.129s] running install_lib
[8.133s] running install_data
[8.134s] running install_egg_info
[8.144s] removing '/home/syauqibilfaqih/penship_ws/src/install/penship_vrx/lib/python3.10/site-packages/penship_vrx-0.0.0-py3.10.egg-info' (and everything under it)
[8.147s] Copying ../build/penship_vrx/penship_vrx.egg-info to /home/syauqibilfaqih/penship_ws/src/install/penship_vrx/lib/python3.10/site-packages/penship_vrx-0.0.0-py3.10.egg-info
[8.158s] running install_scripts
[8.330s] Installing stationkeeping script to /home/syauqibilfaqih/penship_ws/src/install/penship_vrx/lib/penship_vrx
[8.335s] writing list of installed files to '/home/syauqibilfaqih/penship_ws/src/build/penship_vrx/install.log'
[8.523s] Invoked command in '/home/syauqibilfaqih/penship_ws/src/penship_vrx' returned '0': PYTHONPATH=/home/syauqibilfaqih/penship_ws/src/build/penship_vrx/prefix_override:/home/syauqibilfaqih/penship_ws/src/install/penship_vrx/lib/python3.10/site-packages:${PYTHONPATH} /usr/bin/python3 setup.py egg_info --egg-base ../build/penship_vrx build --build-base /home/syauqibilfaqih/penship_ws/src/build/penship_vrx/build install --record /home/syauqibilfaqih/penship_ws/src/build/penship_vrx/install.log --single-version-externally-managed
