[5.257s] Invoking command in '/home/syauqibilfaqih/penship_ws/src/penship_vrx': PYTHONPATH=/home/syauqibilfaqih/penship_ws/src/build/penship_vrx/prefix_override:/home/syauqibilfaqih/penship_ws/src/install/penship_vrx/lib/python3.10/site-packages:${PYTHONPATH} /usr/bin/python3 setup.py egg_info --egg-base ../build/penship_vrx build --build-base /home/syauqibilfaqih/penship_ws/src/build/penship_vrx/build install --record /home/syauqibilfaqih/penship_ws/src/build/penship_vrx/install.log --single-version-externally-managed
[7.757s] running egg_info
[7.759s] writing ../build/penship_vrx/penship_vrx.egg-info/PKG-INFO
[7.763s] writing dependency_links to ../build/penship_vrx/penship_vrx.egg-info/dependency_links.txt
[7.763s] writing entry points to ../build/penship_vrx/penship_vrx.egg-info/entry_points.txt
[7.763s] writing requirements to ../build/penship_vrx/penship_vrx.egg-info/requires.txt
[7.763s] writing top-level names to ../build/penship_vrx/penship_vrx.egg-info/top_level.txt
[7.768s] reading manifest file '../build/penship_vrx/penship_vrx.egg-info/SOURCES.txt'
[7.774s] writing manifest file '../build/penship_vrx/penship_vrx.egg-info/SOURCES.txt'
[7.775s] running build
[7.783s] running build_py
[7.785s] copying penship_vrx/penship_stationkeeping.py -> /home/syauqibilfaqih/penship_ws/src/build/penship_vrx/build/lib/penship_vrx
[7.785s] running install
[7.786s] /usr/lib/python3/dist-packages/setuptools/command/install.py:34: SetuptoolsDeprecationWarning: setup.py install is deprecated. Use build and pip and other standards-based tools.
[7.786s]   warnings.warn(
[7.786s] running install_lib
[7.792s] copying /home/syauqibilfaqih/penship_ws/src/build/penship_vrx/build/lib/penship_vrx/penship_stationkeeping.py -> /home/syauqibilfaqih/penship_ws/src/install/penship_vrx/lib/python3.10/site-packages/penship_vrx
[7.792s] byte-compiling /home/syauqibilfaqih/penship_ws/src/install/penship_vrx/lib/python3.10/site-packages/penship_vrx/penship_stationkeeping.py to penship_stationkeeping.cpython-310.pyc
[7.803s] running install_data
[7.803s] running install_egg_info
[7.806s] removing '/home/syauqibilfaqih/penship_ws/src/install/penship_vrx/lib/python3.10/site-packages/penship_vrx-0.0.0-py3.10.egg-info' (and everything under it)
[7.810s] Copying ../build/penship_vrx/penship_vrx.egg-info to /home/syauqibilfaqih/penship_ws/src/install/penship_vrx/lib/python3.10/site-packages/penship_vrx-0.0.0-py3.10.egg-info
[7.819s] running install_scripts
[7.977s] Installing stationkeeping script to /home/syauqibilfaqih/penship_ws/src/install/penship_vrx/lib/penship_vrx
[7.979s] writing list of installed files to '/home/syauqibilfaqih/penship_ws/src/build/penship_vrx/install.log'
[8.187s] Invoked command in '/home/syauqibilfaqih/penship_ws/src/penship_vrx' returned '0': PYTHONPATH=/home/syauqibilfaqih/penship_ws/src/build/penship_vrx/prefix_override:/home/syauqibilfaqih/penship_ws/src/install/penship_vrx/lib/python3.10/site-packages:${PYTHONPATH} /usr/bin/python3 setup.py egg_info --egg-base ../build/penship_vrx build --build-base /home/syauqibilfaqih/penship_ws/src/build/penship_vrx/build install --record /home/syauqibilfaqih/penship_ws/src/build/penship_vrx/install.log --single-version-externally-managed
