[0.021s] Invoking command in '/home/syauqibilfaqih/vrx_ws/build/wamv_gazebo': CMAKE_PREFIX_PATH=${CMAKE_PREFIX_PATH}:/opt/ros/humble GZ_SIM_RESOURCE_PATH=/home/syauqibilfaqih/vrx_ws/install/share:${GZ_SIM_RESOURCE_PATH} /home/syauqibilfaqih/bin/cmake --build /home/syauqibilfaqih/vrx_ws/build/wamv_gazebo -- -j4 -l4
[0.045s] Invoked command in '/home/syauqibilfaqih/vrx_ws/build/wamv_gazebo' returned '0': CMAKE_PREFIX_PATH=${CMAKE_PREFIX_PATH}:/opt/ros/humble GZ_SIM_RESOURCE_PATH=/home/syauqibilfaqih/vrx_ws/install/share:${GZ_SIM_RESOURCE_PATH} /home/syauqibilfaqih/bin/cmake --build /home/syauqibilfaqih/vrx_ws/build/wamv_gazebo -- -j4 -l4
[0.074s] Invoking command in '/home/syauqibilfaqih/vrx_ws/build/wamv_gazebo': CMAKE_PREFIX_PATH=${CMAKE_PREFIX_PATH}:/opt/ros/humble GZ_SIM_RESOURCE_PATH=/home/syauqibilfaqih/vrx_ws/install/share:${GZ_SIM_RESOURCE_PATH} /home/syauqibilfaqih/bin/cmake --install /home/syauqibilfaqih/vrx_ws/build/wamv_gazebo
[0.076s] -- Install configuration: ""
[0.076s] -- Up-to-date: /home/syauqibilfaqih/vrx_ws/install/share/wamv_gazebo/models
[0.077s] -- Up-to-date: /home/syauqibilfaqih/vrx_ws/install/share/wamv_gazebo/models/gps
[0.077s] -- Up-to-date: /home/syauqibilfaqih/vrx_ws/install/share/wamv_gazebo/models/gps/mesh
[0.077s] -- Up-to-date: /home/syauqibilfaqih/vrx_ws/install/share/wamv_gazebo/models/gps/mesh/gps.dae
[0.078s] -- Up-to-date: /home/syauqibilfaqih/vrx_ws/install/share/wamv_gazebo/models/gps/mesh/gps.png
[0.078s] -- Up-to-date: /home/syauqibilfaqih/vrx_ws/install/share/wamv_gazebo/models/gps/model.config
[0.078s] -- Up-to-date: /home/syauqibilfaqih/vrx_ws/install/share/wamv_gazebo/urdf
[0.079s] -- Up-to-date: /home/syauqibilfaqih/vrx_ws/install/share/wamv_gazebo/urdf/wamv_gazebo.urdf.xacro
[0.079s] -- Up-to-date: /home/syauqibilfaqih/vrx_ws/install/share/wamv_gazebo/urdf/thruster_layouts
[0.080s] -- Up-to-date: /home/syauqibilfaqih/vrx_ws/install/share/wamv_gazebo/urdf/thruster_layouts/wamv_x_thrusters.xacro
[0.081s] -- Up-to-date: /home/syauqibilfaqih/vrx_ws/install/share/wamv_gazebo/urdf/thruster_layouts/wamv_aft_thrusters.xacro
[0.081s] -- Up-to-date: /home/syauqibilfaqih/vrx_ws/install/share/wamv_gazebo/urdf/thruster_layouts/wamv_t_thrusters.xacro
[0.081s] -- Up-to-date: /home/syauqibilfaqih/vrx_ws/install/share/wamv_gazebo/urdf/thruster_layouts/wamv_gazebo_thruster_config.xacro
[0.082s] -- Up-to-date: /home/syauqibilfaqih/vrx_ws/install/share/wamv_gazebo/urdf/dynamics
[0.082s] -- Up-to-date: /home/syauqibilfaqih/vrx_ws/install/share/wamv_gazebo/urdf/dynamics/wamv_gazebo_dynamics_plugin.xacro
[0.082s] -- Up-to-date: /home/syauqibilfaqih/vrx_ws/install/share/wamv_gazebo/urdf/components
[0.082s] -- Up-to-date: /home/syauqibilfaqih/vrx_ws/install/share/wamv_gazebo/urdf/components/wamv_pinger.xacro
[0.083s] -- Up-to-date: /home/syauqibilfaqih/vrx_ws/install/share/wamv_gazebo/urdf/components/wamv_imu.xacro
[0.089s] -- Up-to-date: /home/syauqibilfaqih/vrx_ws/install/share/wamv_gazebo/urdf/components/ball_shooter.xacro
[0.090s] -- Up-to-date: /home/syauqibilfaqih/vrx_ws/install/share/wamv_gazebo/urdf/components/wamv_p3d.xacro
[0.091s] -- Up-to-date: /home/syauqibilfaqih/vrx_ws/install/share/wamv_gazebo/urdf/components/wamv_3d_lidar.xacro
[0.091s] -- Up-to-date: /home/syauqibilfaqih/vrx_ws/install/share/wamv_gazebo/urdf/components/wamv_gps.xacro
[0.091s] -- Up-to-date: /home/syauqibilfaqih/vrx_ws/install/share/wamv_gazebo/urdf/components/wamv_camera.xacro
[0.092s] -- Up-to-date: /home/syauqibilfaqih/vrx_ws/install/share/wamv_gazebo/urdf/components/wamv_planar_lidar.xacro
[0.093s] -- Up-to-date: /home/syauqibilfaqih/vrx_ws/install/share/wamv_gazebo/urdf/components/lidar.xacro
[0.093s] -- Up-to-date: /home/syauqibilfaqih/vrx_ws/install/share/wamv_gazebo/urdf/macros.xacro
[0.093s] -- Up-to-date: /home/syauqibilfaqih/vrx_ws/install/share/wamv_gazebo/urdf/wamv_gazebo.xacro
[0.094s] -- Up-to-date: /home/syauqibilfaqih/vrx_ws/install/share/ament_index/resource_index/package_run_dependencies/wamv_gazebo
[0.094s] -- Up-to-date: /home/syauqibilfaqih/vrx_ws/install/share/ament_index/resource_index/parent_prefix_path/wamv_gazebo
[0.094s] -- Up-to-date: /home/syauqibilfaqih/vrx_ws/install/share/wamv_gazebo/environment/ament_prefix_path.sh
[0.095s] -- Up-to-date: /home/syauqibilfaqih/vrx_ws/install/share/wamv_gazebo/environment/ament_prefix_path.dsv
[0.095s] -- Up-to-date: /home/syauqibilfaqih/vrx_ws/install/share/wamv_gazebo/environment/path.sh
[0.095s] -- Up-to-date: /home/syauqibilfaqih/vrx_ws/install/share/wamv_gazebo/environment/path.dsv
[0.095s] -- Up-to-date: /home/syauqibilfaqih/vrx_ws/install/share/wamv_gazebo/local_setup.bash
[0.096s] -- Up-to-date: /home/syauqibilfaqih/vrx_ws/install/share/wamv_gazebo/local_setup.sh
[0.096s] -- Up-to-date: /home/syauqibilfaqih/vrx_ws/install/share/wamv_gazebo/local_setup.zsh
[0.097s] -- Up-to-date: /home/syauqibilfaqih/vrx_ws/install/share/wamv_gazebo/local_setup.dsv
[0.097s] -- Up-to-date: /home/syauqibilfaqih/vrx_ws/install/share/wamv_gazebo/package.dsv
[0.097s] -- Up-to-date: /home/syauqibilfaqih/vrx_ws/install/share/ament_index/resource_index/packages/wamv_gazebo
[0.097s] -- Up-to-date: /home/syauqibilfaqih/vrx_ws/install/share/wamv_gazebo/cmake/wamv_gazeboConfig.cmake
[0.098s] -- Up-to-date: /home/syauqibilfaqih/vrx_ws/install/share/wamv_gazebo/cmake/wamv_gazeboConfig-version.cmake
[0.098s] -- Up-to-date: /home/syauqibilfaqih/vrx_ws/install/share/wamv_gazebo/package.xml
[0.099s] Invoked command in '/home/syauqibilfaqih/vrx_ws/build/wamv_gazebo' returned '0': CMAKE_PREFIX_PATH=${CMAKE_PREFIX_PATH}:/opt/ros/humble GZ_SIM_RESOURCE_PATH=/home/syauqibilfaqih/vrx_ws/install/share:${GZ_SIM_RESOURCE_PATH} /home/syauqibilfaqih/bin/cmake --install /home/syauqibilfaqih/vrx_ws/build/wamv_gazebo
